[ERROR] 2021-07-26 20:09:55,915 - OS error: [Errno 2] No such file or directory: '/secret/secret.key'
[ERROR] 2021-07-26 20:09:55,917 - Secret key not found.
[ERROR] 2021-07-26 20:09:55,919 - OS error: [Errno 2] No such file or directory: '/secret/secret.key/secret.key'
[ERROR] 2021-07-26 20:09:56,629 - OS error: [Errno 2] No such file or directory: '/secret/secret.key'
[ERROR] 2021-07-26 20:09:56,630 - Secret key not found.
[ERROR] 2021-07-26 20:09:56,633 - OS error: [Errno 2] No such file or directory: '/secret/secret.key/secret.key'
[ERROR] 2021-07-26 20:09:57,467 - OS error: [Errno 2] No such file or directory: '/secret/secret.key'
[ERROR] 2021-07-26 20:09:57,469 - Secret key not found.
[ERROR] 2021-07-26 20:09:57,471 - OS error: [Errno 2] No such file or directory: '/secret/secret.key/secret.key'
[ERROR] 2021-07-26 20:09:58,507 - OS error: [Errno 2] No such file or directory: '/secret/secret.key'
[ERROR] 2021-07-26 20:09:58,508 - Secret key not found.
[ERROR] 2021-07-26 20:09:58,511 - OS error: [Errno 2] No such file or directory: '/secret/secret.key/secret.key'
[ERROR] 2021-07-26 20:09:59,939 - OS error: [Errno 2] No such file or directory: '/secret/secret.key'
[ERROR] 2021-07-26 20:09:59,941 - Secret key not found.
[ERROR] 2021-07-26 20:09:59,944 - OS error: [Errno 2] No such file or directory: '/secret/secret.key/secret.key'
[ERROR] 2021-07-26 20:10:02,248 - OS error: [Errno 2] No such file or directory: '/secret/secret.key'
[ERROR] 2021-07-26 20:10:02,250 - Secret key not found.
[ERROR] 2021-07-26 20:10:02,252 - OS error: [Errno 2] No such file or directory: '/secret/secret.key/secret.key'
[ERROR] 2021-07-26 20:10:06,176 - OS error: [Errno 2] No such file or directory: '/secret/secret.key'
[ERROR] 2021-07-26 20:10:06,177 - Secret key not found.
[ERROR] 2021-07-26 20:10:06,179 - OS error: [Errno 2] No such file or directory: '/secret/secret.key/secret.key'
[ERROR] 2021-07-26 20:10:13,192 - OS error: [Errno 2] No such file or directory: '/secret/secret.key'
[ERROR] 2021-07-26 20:10:13,193 - Secret key not found.
[ERROR] 2021-07-26 20:10:13,196 - OS error: [Errno 2] No such file or directory: '/secret/secret.key/secret.key'
[ERROR] 2021-07-26 20:10:26,696 - OS error: [Errno 2] No such file or directory: '/secret/secret.key'
[ERROR] 2021-07-26 20:10:26,698 - Secret key not found.
[ERROR] 2021-07-26 20:10:26,700 - OS error: [Errno 2] No such file or directory: '/secret/secret.key/secret.key'
[ERROR] 2021-07-26 20:10:52,969 - OS error: [Errno 2] No such file or directory: '/secret/secret.key'
[ERROR] 2021-07-26 20:10:52,970 - Secret key not found.
[ERROR] 2021-07-26 20:10:52,973 - OS error: [Errno 2] No such file or directory: '/secret/secret.key/secret.key'
[ERROR] 2021-07-26 20:11:44,778 - OS error: [Errno 2] No such file or directory: '/secret/secret.key'
[ERROR] 2021-07-26 20:11:44,780 - Secret key not found.
[ERROR] 2021-07-26 20:11:44,782 - OS error: [Errno 2] No such file or directory: '/secret/secret.key/secret.key'
[ERROR] 2021-07-26 20:12:45,409 - OS error: [Errno 2] No such file or directory: '/secret/secret.key'
[ERROR] 2021-07-26 20:12:45,411 - Secret key not found.
[ERROR] 2021-07-26 20:12:45,413 - OS error: [Errno 2] No such file or directory: '/secret/secret.key/secret.key'
[ERROR] 2021-07-26 20:13:46,006 - OS error: [Errno 2] No such file or directory: '/secret/secret.key'
[ERROR] 2021-07-26 20:13:46,007 - Secret key not found.
[ERROR] 2021-07-26 20:13:46,010 - OS error: [Errno 2] No such file or directory: '/secret/secret.key/secret.key'
[ERROR] 2021-07-26 20:14:46,690 - OS error: [Errno 2] No such file or directory: '/secret/secret.key'
[ERROR] 2021-07-26 20:14:46,691 - Secret key not found.
[ERROR] 2021-07-26 20:14:46,692 - OS error: [Errno 2] No such file or directory: '/secret/secret.key/secret.key'
[ERROR] 2021-07-26 20:33:47,596 - OS error: [Errno 2] No such file or directory: '/secret/secret.key'
[ERROR] 2021-07-26 20:33:47,612 - Secret key not found.
[ERROR] 2021-07-26 20:33:47,615 - OS error: [Errno 2] No such file or directory: '/secret/secret.key/secret.key'
[ERROR] 2021-07-26 20:33:48,434 - OS error: [Errno 2] No such file or directory: '/secret/secret.key'
[ERROR] 2021-07-26 20:33:48,436 - Secret key not found.
[ERROR] 2021-07-26 20:33:48,438 - OS error: [Errno 2] No such file or directory: '/secret/secret.key/secret.key'
[ERROR] 2021-07-26 20:33:49,295 - OS error: [Errno 2] No such file or directory: '/secret/secret.key'
[ERROR] 2021-07-26 20:33:49,296 - Secret key not found.
[ERROR] 2021-07-26 20:33:49,298 - OS error: [Errno 2] No such file or directory: '/secret/secret.key/secret.key'
[ERROR] 2021-07-26 20:33:50,350 - OS error: [Errno 2] No such file or directory: '/secret/secret.key'
[ERROR] 2021-07-26 20:33:50,351 - Secret key not found.
[ERROR] 2021-07-26 20:33:50,354 - OS error: [Errno 2] No such file or directory: '/secret/secret.key/secret.key'
[ERROR] 2021-07-26 20:33:51,768 - OS error: [Errno 2] No such file or directory: '/secret/secret.key'
[ERROR] 2021-07-26 20:33:51,769 - Secret key not found.
[ERROR] 2021-07-26 20:33:51,772 - OS error: [Errno 2] No such file or directory: '/secret/secret.key/secret.key'
[ERROR] 2021-07-26 20:33:54,050 - OS error: [Errno 2] No such file or directory: '/secret/secret.key'
[ERROR] 2021-07-26 20:33:54,052 - Secret key not found.
[ERROR] 2021-07-26 20:33:54,054 - OS error: [Errno 2] No such file or directory: '/secret/secret.key/secret.key'
[ERROR] 2021-07-26 20:33:57,892 - OS error: [Errno 2] No such file or directory: '/secret/secret.key'
[ERROR] 2021-07-26 20:33:57,893 - Secret key not found.
[ERROR] 2021-07-26 20:33:57,895 - OS error: [Errno 2] No such file or directory: '/secret/secret.key/secret.key'
[ERROR] 2021-07-26 20:34:04,915 - OS error: [Errno 2] No such file or directory: '/secret/secret.key'
[ERROR] 2021-07-26 20:34:04,916 - Secret key not found.
[ERROR] 2021-07-26 20:34:04,919 - OS error: [Errno 2] No such file or directory: '/secret/secret.key/secret.key'
[ERROR] 2021-07-26 20:34:18,306 - OS error: [Errno 2] No such file or directory: '/secret/secret.key'
[ERROR] 2021-07-26 20:34:18,307 - Secret key not found.
[ERROR] 2021-07-26 20:34:18,310 - OS error: [Errno 2] No such file or directory: '/secret/secret.key/secret.key'
[ERROR] 2021-07-26 20:34:44,493 - OS error: [Errno 2] No such file or directory: '/secret/secret.key'
[ERROR] 2021-07-26 20:34:44,495 - Secret key not found.
[ERROR] 2021-07-26 20:34:44,497 - OS error: [Errno 2] No such file or directory: '/secret/secret.key/secret.key'
[ERROR] 2021-07-26 20:35:36,356 - OS error: [Errno 2] No such file or directory: '/secret/secret.key'
[ERROR] 2021-07-26 20:35:36,358 - Secret key not found.
[ERROR] 2021-07-26 20:35:36,360 - OS error: [Errno 2] No such file or directory: '/secret/secret.key/secret.key'
[ERROR] 2021-07-26 20:36:36,976 - OS error: [Errno 2] No such file or directory: '/secret/secret.key'
[ERROR] 2021-07-26 20:36:36,977 - Secret key not found.
[ERROR] 2021-07-26 20:36:36,979 - OS error: [Errno 2] No such file or directory: '/secret/secret.key/secret.key'
[ERROR] 2021-07-26 20:37:37,566 - OS error: [Errno 2] No such file or directory: '/secret/secret.key'
[ERROR] 2021-07-26 20:37:37,568 - Secret key not found.
[ERROR] 2021-07-26 20:37:37,570 - OS error: [Errno 2] No such file or directory: '/secret/secret.key/secret.key'
[ERROR] 2021-07-26 20:44:27,672 - OS error: [Errno 2] No such file or directory: '/secret/secret.key'
[ERROR] 2021-07-26 20:44:27,673 - Secret key not found.
[ERROR] 2021-07-26 20:44:27,676 - OS error: [Errno 2] No such file or directory: '/secret/secret.key/secret.key'
[ERROR] 2021-07-26 20:44:28,412 - OS error: [Errno 2] No such file or directory: '/secret/secret.key'
[ERROR] 2021-07-26 20:44:28,413 - Secret key not found.
[ERROR] 2021-07-26 20:44:28,416 - OS error: [Errno 2] No such file or directory: '/secret/secret.key/secret.key'
[ERROR] 2021-07-26 20:44:29,222 - OS error: [Errno 2] No such file or directory: '/secret/secret.key'
[ERROR] 2021-07-26 20:44:29,223 - Secret key not found.
[ERROR] 2021-07-26 20:44:29,226 - OS error: [Errno 2] No such file or directory: '/secret/secret.key/secret.key'
[ERROR] 2021-07-26 20:44:30,258 - OS error: [Errno 2] No such file or directory: '/secret/secret.key'
[ERROR] 2021-07-26 20:44:30,259 - Secret key not found.
[ERROR] 2021-07-26 20:44:30,262 - OS error: [Errno 2] No such file or directory: '/secret/secret.key/secret.key'
[ERROR] 2021-07-26 20:44:31,724 - OS error: [Errno 2] No such file or directory: '/secret/secret.key'
[ERROR] 2021-07-26 20:44:31,725 - Secret key not found.
[ERROR] 2021-07-26 20:44:31,727 - OS error: [Errno 2] No such file or directory: '/secret/secret.key/secret.key'
[ERROR] 2021-07-26 20:44:33,992 - OS error: [Errno 2] No such file or directory: '/secret/secret.key'
[ERROR] 2021-07-26 20:44:33,993 - Secret key not found.
[ERROR] 2021-07-26 20:44:33,996 - OS error: [Errno 2] No such file or directory: '/secret/secret.key/secret.key'
[ERROR] 2021-07-26 20:44:37,903 - OS error: [Errno 2] No such file or directory: '/secret/secret.key'
[ERROR] 2021-07-26 20:44:37,904 - Secret key not found.
[ERROR] 2021-07-26 20:44:37,907 - OS error: [Errno 2] No such file or directory: '/secret/secret.key/secret.key'
[ERROR] 2021-07-26 20:44:44,930 - OS error: [Errno 2] No such file or directory: '/secret/secret.key'
[ERROR] 2021-07-26 20:44:44,932 - Secret key not found.
[ERROR] 2021-07-26 20:44:44,934 - OS error: [Errno 2] No such file or directory: '/secret/secret.key/secret.key'
[ERROR] 2021-07-26 20:44:58,688 - OS error: [Errno 2] No such file or directory: '/secret/secret.key'
[ERROR] 2021-07-26 20:44:58,689 - Secret key not found.
[ERROR] 2021-07-26 20:44:58,690 - OS error: [Errno 2] No such file or directory: '/secret/secret.key/secret.key'
[ERROR] 2021-07-26 20:45:24,977 - OS error: [Errno 2] No such file or directory: '/secret/secret.key'
[ERROR] 2021-07-26 20:45:24,978 - Secret key not found.
[ERROR] 2021-07-26 20:45:24,979 - OS error: [Errno 2] No such file or directory: '/secret/secret.key/secret.key'
[ERROR] 2021-07-26 20:46:16,758 - OS error: [Errno 2] No such file or directory: '/secret/secret.key'
[ERROR] 2021-07-26 20:46:16,759 - Secret key not found.
[ERROR] 2021-07-26 20:46:16,762 - OS error: [Errno 2] No such file or directory: '/secret/secret.key/secret.key'
[ERROR] 2021-07-26 20:47:17,409 - OS error: [Errno 2] No such file or directory: '/secret/secret.key'
[ERROR] 2021-07-26 20:47:17,411 - Secret key not found.
[ERROR] 2021-07-26 20:47:17,413 - OS error: [Errno 2] No such file or directory: '/secret/secret.key/secret.key'
[ERROR] 2021-07-26 20:48:18,018 - OS error: [Errno 2] No such file or directory: '/secret/secret.key'
[ERROR] 2021-07-26 20:48:18,019 - Secret key not found.
[ERROR] 2021-07-26 20:48:18,022 - OS error: [Errno 2] No such file or directory: '/secret/secret.key/secret.key'
[ERROR] 2021-07-26 20:49:18,677 - OS error: [Errno 2] No such file or directory: '/secret/secret.key'
[ERROR] 2021-07-26 20:49:18,679 - Secret key not found.
[ERROR] 2021-07-26 20:49:18,681 - OS error: [Errno 2] No such file or directory: '/secret/secret.key/secret.key'
[ERROR] 2021-07-26 20:50:19,292 - OS error: [Errno 2] No such file or directory: '/secret/secret.key'
[ERROR] 2021-07-26 20:50:19,293 - Secret key not found.
[ERROR] 2021-07-26 20:50:19,296 - OS error: [Errno 2] No such file or directory: '/secret/secret.key/secret.key'
[ERROR] 2021-07-26 20:51:19,897 - OS error: [Errno 2] No such file or directory: '/secret/secret.key'
[ERROR] 2021-07-26 20:51:19,899 - Secret key not found.
[ERROR] 2021-07-26 20:51:19,903 - OS error: [Errno 2] No such file or directory: '/secret/secret.key/secret.key'
[ERROR] 2021-07-26 20:52:20,524 - OS error: [Errno 2] No such file or directory: '/secret/secret.key'
[ERROR] 2021-07-26 20:52:20,526 - Secret key not found.
[ERROR] 2021-07-26 20:52:20,528 - OS error: [Errno 2] No such file or directory: '/secret/secret.key/secret.key'
[ERROR] 2021-07-26 20:53:21,130 - OS error: [Errno 2] No such file or directory: '/secret/secret.key'
[ERROR] 2021-07-26 20:53:21,132 - Secret key not found.
[ERROR] 2021-07-26 20:53:21,135 - OS error: [Errno 2] No such file or directory: '/secret/secret.key/secret.key'
[ERROR] 2021-07-26 20:54:21,767 - OS error: [Errno 2] No such file or directory: '/secret/secret.key'
[ERROR] 2021-07-26 20:54:21,768 - Secret key not found.
[ERROR] 2021-07-26 20:54:21,771 - OS error: [Errno 2] No such file or directory: '/secret/secret.key/secret.key'
[ERROR] 2021-07-26 20:55:22,405 - OS error: [Errno 2] No such file or directory: '/secret/secret.key'
[ERROR] 2021-07-26 20:55:22,406 - Secret key not found.
[ERROR] 2021-07-26 20:55:22,408 - OS error: [Errno 2] No such file or directory: '/secret/secret.key/secret.key'
[ERROR] 2021-07-26 20:56:22,994 - OS error: [Errno 2] No such file or directory: '/secret/secret.key'
[ERROR] 2021-07-26 20:56:22,995 - Secret key not found.
[ERROR] 2021-07-26 20:56:22,998 - OS error: [Errno 2] No such file or directory: '/secret/secret.key/secret.key'
[ERROR] 2021-07-26 20:57:23,595 - OS error: [Errno 2] No such file or directory: '/secret/secret.key'
[ERROR] 2021-07-26 20:57:23,596 - Secret key not found.
[ERROR] 2021-07-26 20:57:23,598 - OS error: [Errno 2] No such file or directory: '/secret/secret.key/secret.key'
[ERROR] 2021-07-26 20:58:24,312 - OS error: [Errno 2] No such file or directory: '/secret/secret.key'
[ERROR] 2021-07-26 20:58:24,313 - Secret key not found.
[ERROR] 2021-07-26 20:58:24,315 - OS error: [Errno 2] No such file or directory: '/secret/secret.key/secret.key'
[ERROR] 2021-07-26 20:59:24,941 - OS error: [Errno 2] No such file or directory: '/secret/secret.key'
[ERROR] 2021-07-26 20:59:24,942 - Secret key not found.
[ERROR] 2021-07-26 20:59:24,944 - OS error: [Errno 2] No such file or directory: '/secret/secret.key/secret.key'
[ERROR] 2021-07-26 21:00:25,604 - OS error: [Errno 2] No such file or directory: '/secret/secret.key'
[ERROR] 2021-07-26 21:00:25,605 - Secret key not found.
[ERROR] 2021-07-26 21:00:25,608 - OS error: [Errno 2] No such file or directory: '/secret/secret.key/secret.key'
[ERROR] 2021-07-26 21:01:26,217 - OS error: [Errno 2] No such file or directory: '/secret/secret.key'
[ERROR] 2021-07-26 21:01:26,218 - Secret key not found.
[ERROR] 2021-07-26 21:01:26,221 - OS error: [Errno 2] No such file or directory: '/secret/secret.key/secret.key'
[ERROR] 2021-07-26 21:02:26,896 - OS error: [Errno 2] No such file or directory: '/secret/secret.key'
[ERROR] 2021-07-26 21:02:26,897 - Secret key not found.
[ERROR] 2021-07-26 21:02:26,900 - OS error: [Errno 2] No such file or directory: '/secret/secret.key/secret.key'
[ERROR] 2021-07-26 21:03:27,501 - OS error: [Errno 2] No such file or directory: '/secret/secret.key'
[ERROR] 2021-07-26 21:03:27,503 - Secret key not found.
[ERROR] 2021-07-26 21:03:27,506 - OS error: [Errno 2] No such file or directory: '/secret/secret.key/secret.key'
[ERROR] 2021-07-26 21:04:28,085 - OS error: [Errno 2] No such file or directory: '/secret/secret.key'
[ERROR] 2021-07-26 21:04:28,086 - Secret key not found.
[ERROR] 2021-07-26 21:04:28,089 - OS error: [Errno 2] No such file or directory: '/secret/secret.key/secret.key'
[ERROR] 2021-07-26 21:05:28,689 - OS error: [Errno 2] No such file or directory: '/secret/secret.key'
[ERROR] 2021-07-26 21:05:28,690 - Secret key not found.
[ERROR] 2021-07-26 21:05:28,693 - OS error: [Errno 2] No such file or directory: '/secret/secret.key/secret.key'
[ERROR] 2021-07-26 21:06:29,316 - OS error: [Errno 2] No such file or directory: '/secret/secret.key'
[ERROR] 2021-07-26 21:06:29,317 - Secret key not found.
[ERROR] 2021-07-26 21:06:29,319 - OS error: [Errno 2] No such file or directory: '/secret/secret.key/secret.key'
[ERROR] 2021-07-26 21:07:29,914 - OS error: [Errno 2] No such file or directory: '/secret/secret.key'
[ERROR] 2021-07-26 21:07:29,915 - Secret key not found.
[ERROR] 2021-07-26 21:07:29,918 - OS error: [Errno 2] No such file or directory: '/secret/secret.key/secret.key'
[ERROR] 2021-07-26 21:08:30,551 - OS error: [Errno 2] No such file or directory: '/secret/secret.key'
[ERROR] 2021-07-26 21:08:30,551 - Secret key not found.
[ERROR] 2021-07-26 21:08:30,553 - OS error: [Errno 2] No such file or directory: '/secret/secret.key/secret.key'
[ERROR] 2021-07-26 21:09:31,178 - OS error: [Errno 2] No such file or directory: '/secret/secret.key'
[ERROR] 2021-07-26 21:09:31,179 - Secret key not found.
[ERROR] 2021-07-26 21:09:31,181 - OS error: [Errno 2] No such file or directory: '/secret/secret.key/secret.key'
[ERROR] 2021-07-26 21:10:31,768 - OS error: [Errno 2] No such file or directory: '/secret/secret.key'
[ERROR] 2021-07-26 21:10:31,769 - Secret key not found.
[ERROR] 2021-07-26 21:10:31,772 - OS error: [Errno 2] No such file or directory: '/secret/secret.key/secret.key'
[ERROR] 2021-07-26 21:11:32,367 - OS error: [Errno 2] No such file or directory: '/secret/secret.key'
[ERROR] 2021-07-26 21:11:32,369 - Secret key not found.
[ERROR] 2021-07-26 21:11:32,371 - OS error: [Errno 2] No such file or directory: '/secret/secret.key/secret.key'
[ERROR] 2021-07-26 21:12:32,972 - OS error: [Errno 2] No such file or directory: '/secret/secret.key'
[ERROR] 2021-07-26 21:12:32,973 - Secret key not found.
[ERROR] 2021-07-26 21:12:32,975 - OS error: [Errno 2] No such file or directory: '/secret/secret.key/secret.key'
[ERROR] 2021-07-26 21:13:33,638 - Unexpected exception at DBManager initialization: near "ON": syntax error
[ERROR] 2021-07-26 21:13:33,639 - Exception at initializing Filter(): near "ON": syntax error
[ERROR] 2021-07-26 21:13:33,640 - Unexpected Exception: near "ON": syntax error
[ERROR] 2021-07-26 21:14:34,262 - Unexpected exception at DBManager initialization: near "ON": syntax error
[ERROR] 2021-07-26 21:14:34,263 - Exception at initializing Filter(): near "ON": syntax error
[ERROR] 2021-07-26 21:14:34,264 - Unexpected Exception: near "ON": syntax error
[ERROR] 2021-07-26 21:15:34,879 - Unexpected exception at DBManager initialization: near "ON": syntax error
[ERROR] 2021-07-26 21:15:34,881 - Exception at initializing Filter(): near "ON": syntax error
[ERROR] 2021-07-26 21:15:34,882 - Unexpected Exception: near "ON": syntax error
[ERROR] 2021-07-26 21:16:35,619 - Unexpected exception at DBManager initialization: near "ON": syntax error
[ERROR] 2021-07-26 21:16:35,621 - Exception at initializing Filter(): near "ON": syntax error
[ERROR] 2021-07-26 21:16:35,622 - Unexpected Exception: near "ON": syntax error
[ERROR] 2021-07-26 21:17:36,357 - Unexpected exception at DBManager initialization: near "ON": syntax error
[ERROR] 2021-07-26 21:17:36,358 - Exception at initializing Filter(): near "ON": syntax error
[ERROR] 2021-07-26 21:17:36,360 - Unexpected Exception: near "ON": syntax error
[ERROR] 2021-07-26 21:22:50,553 - Unexpected exception at DBManager initialization: near "ON": syntax error
[ERROR] 2021-07-26 21:22:50,555 - Exception at initializing Filter(): near "ON": syntax error
[ERROR] 2021-07-26 21:22:50,557 - Unexpected Exception: near "ON": syntax error
[ERROR] 2021-07-26 21:22:51,316 - Unexpected exception at DBManager initialization: near "ON": syntax error
[ERROR] 2021-07-26 21:22:51,318 - Exception at initializing Filter(): near "ON": syntax error
[ERROR] 2021-07-26 21:22:51,318 - Unexpected Exception: near "ON": syntax error
[ERROR] 2021-07-26 21:22:52,158 - Unexpected exception at DBManager initialization: near "ON": syntax error
[ERROR] 2021-07-26 21:22:52,160 - Exception at initializing Filter(): near "ON": syntax error
[ERROR] 2021-07-26 21:22:52,161 - Unexpected Exception: near "ON": syntax error
[ERROR] 2021-07-26 21:22:53,206 - Unexpected exception at DBManager initialization: near "ON": syntax error
[ERROR] 2021-07-26 21:22:53,207 - Exception at initializing Filter(): near "ON": syntax error
[ERROR] 2021-07-26 21:22:53,208 - Unexpected Exception: near "ON": syntax error
[ERROR] 2021-07-26 21:22:54,669 - Unexpected exception at DBManager initialization: near "ON": syntax error
[ERROR] 2021-07-26 21:22:54,670 - Exception at initializing Filter(): near "ON": syntax error
[ERROR] 2021-07-26 21:22:54,671 - Unexpected Exception: near "ON": syntax error
[ERROR] 2021-07-26 21:22:56,920 - Unexpected exception at DBManager initialization: near "ON": syntax error
[ERROR] 2021-07-26 21:22:56,922 - Exception at initializing Filter(): near "ON": syntax error
[ERROR] 2021-07-26 21:22:56,923 - Unexpected Exception: near "ON": syntax error
[ERROR] 2021-07-26 21:23:00,769 - Unexpected exception at DBManager initialization: near "ON": syntax error
[ERROR] 2021-07-26 21:23:00,770 - Exception at initializing Filter(): near "ON": syntax error
[ERROR] 2021-07-26 21:23:00,772 - Unexpected Exception: near "ON": syntax error
[ERROR] 2021-07-26 21:23:07,823 - Unexpected exception at DBManager initialization: near "ON": syntax error
[ERROR] 2021-07-26 21:23:07,825 - Exception at initializing Filter(): near "ON": syntax error
[ERROR] 2021-07-26 21:23:07,826 - Unexpected Exception: near "ON": syntax error
[ERROR] 2021-07-26 21:23:21,307 - Unexpected exception at DBManager initialization: near "ON": syntax error
[ERROR] 2021-07-26 21:23:21,308 - Exception at initializing Filter(): near "ON": syntax error
[ERROR] 2021-07-26 21:23:21,310 - Unexpected Exception: near "ON": syntax error
[ERROR] 2021-07-26 21:23:47,611 - Unexpected exception at DBManager initialization: near "ON": syntax error
[ERROR] 2021-07-26 21:23:47,613 - Exception at initializing Filter(): near "ON": syntax error
[ERROR] 2021-07-26 21:23:47,614 - Unexpected Exception: near "ON": syntax error
[ERROR] 2021-07-26 21:24:39,730 - Unexpected exception at DBManager initialization: near "ON": syntax error
[ERROR] 2021-07-26 21:24:39,731 - Exception at initializing Filter(): near "ON": syntax error
[ERROR] 2021-07-26 21:24:39,732 - Unexpected Exception: near "ON": syntax error
[ERROR] 2021-07-26 21:25:40,397 - Unexpected exception at DBManager initialization: near "ON": syntax error
[ERROR] 2021-07-26 21:25:40,400 - Exception at initializing Filter(): near "ON": syntax error
[ERROR] 2021-07-26 21:25:40,401 - Unexpected Exception: near "ON": syntax error
[ERROR] 2021-07-26 21:26:41,039 - Unexpected exception at DBManager initialization: near "ON": syntax error
[ERROR] 2021-07-26 21:26:41,041 - Exception at initializing Filter(): near "ON": syntax error
[ERROR] 2021-07-26 21:26:41,042 - Unexpected Exception: near "ON": syntax error
[ERROR] 2021-07-26 21:27:41,699 - Unexpected exception at DBManager initialization: near "ON": syntax error
[ERROR] 2021-07-26 21:27:41,701 - Exception at initializing Filter(): near "ON": syntax error
[ERROR] 2021-07-26 21:27:41,702 - Unexpected Exception: near "ON": syntax error
[ERROR] 2021-07-27 14:24:19,026 - Unexpected exception at DBManager initialization: near "ON": syntax error
[ERROR] 2021-07-27 14:24:19,031 - Exception at initializing Filter(): near "ON": syntax error
[ERROR] 2021-07-27 14:24:19,032 - Unexpected Exception: near "ON": syntax error
[ERROR] 2021-07-27 14:24:19,922 - Unexpected exception at DBManager initialization: near "ON": syntax error
[ERROR] 2021-07-27 14:24:19,923 - Exception at initializing Filter(): near "ON": syntax error
[ERROR] 2021-07-27 14:24:19,924 - Unexpected Exception: near "ON": syntax error
[ERROR] 2021-07-27 14:24:20,797 - Unexpected exception at DBManager initialization: near "ON": syntax error
[ERROR] 2021-07-27 14:24:20,799 - Exception at initializing Filter(): near "ON": syntax error
[ERROR] 2021-07-27 14:24:20,800 - Unexpected Exception: near "ON": syntax error
[ERROR] 2021-07-27 14:24:21,827 - Unexpected exception at DBManager initialization: near "ON": syntax error
[ERROR] 2021-07-27 14:24:21,829 - Exception at initializing Filter(): near "ON": syntax error
[ERROR] 2021-07-27 14:24:21,831 - Unexpected Exception: near "ON": syntax error
[ERROR] 2021-07-27 14:24:23,357 - Unexpected exception at DBManager initialization: near "ON": syntax error
[ERROR] 2021-07-27 14:24:23,359 - Exception at initializing Filter(): near "ON": syntax error
[ERROR] 2021-07-27 14:24:23,360 - Unexpected Exception: near "ON": syntax error
[ERROR] 2021-07-27 14:24:25,702 - Unexpected exception at DBManager initialization: near "ON": syntax error
[ERROR] 2021-07-27 14:24:25,703 - Exception at initializing Filter(): near "ON": syntax error
[ERROR] 2021-07-27 14:24:25,704 - Unexpected Exception: near "ON": syntax error
[ERROR] 2021-08-01 22:38:31,623 - Unexpected exception at DBManager initialization: near "ON": syntax error
[ERROR] 2021-08-01 22:38:31,639 - Exception at initializing Filter(): near "ON": syntax error
[ERROR] 2021-08-01 22:38:31,644 - Unexpected Exception: near "ON": syntax error
[ERROR] 2021-08-01 22:38:32,451 - Unexpected exception at DBManager initialization: near "ON": syntax error
[ERROR] 2021-08-01 22:38:32,453 - Exception at initializing Filter(): near "ON": syntax error
[ERROR] 2021-08-01 22:38:32,454 - Unexpected Exception: near "ON": syntax error
[ERROR] 2021-08-01 22:38:33,331 - Unexpected exception at DBManager initialization: near "ON": syntax error
[ERROR] 2021-08-01 22:38:33,332 - Exception at initializing Filter(): near "ON": syntax error
[ERROR] 2021-08-01 22:38:33,334 - Unexpected Exception: near "ON": syntax error
[ERROR] 2021-08-01 22:38:34,538 - Unexpected exception at DBManager initialization: near "ON": syntax error
[ERROR] 2021-08-01 22:38:34,540 - Exception at initializing Filter(): near "ON": syntax error
[ERROR] 2021-08-01 22:38:34,541 - Unexpected Exception: near "ON": syntax error
[ERROR] 2021-08-01 22:38:36,068 - Unexpected exception at DBManager initialization: near "ON": syntax error
[ERROR] 2021-08-01 22:38:36,069 - Exception at initializing Filter(): near "ON": syntax error
[ERROR] 2021-08-01 22:38:36,070 - Unexpected Exception: near "ON": syntax error
[ERROR] 2021-08-02 17:03:12,893 - Unexpected exception at DBManager initialization: near "ON": syntax error
[ERROR] 2021-08-02 17:03:12,900 - Exception at initializing Filter(): near "ON": syntax error
[ERROR] 2021-08-02 17:03:12,901 - Unexpected Exception: near "ON": syntax error
[ERROR] 2021-08-02 17:03:13,794 - Unexpected exception at DBManager initialization: near "ON": syntax error
[ERROR] 2021-08-02 17:03:13,795 - Exception at initializing Filter(): near "ON": syntax error
[ERROR] 2021-08-02 17:03:13,796 - Unexpected Exception: near "ON": syntax error
[ERROR] 2021-08-02 17:03:14,755 - Unexpected exception at DBManager initialization: near "ON": syntax error
[ERROR] 2021-08-02 17:03:14,757 - Exception at initializing Filter(): near "ON": syntax error
[ERROR] 2021-08-02 17:03:14,758 - Unexpected Exception: near "ON": syntax error
[ERROR] 2021-08-02 17:03:15,973 - Unexpected exception at DBManager initialization: near "ON": syntax error
[ERROR] 2021-08-02 17:03:15,974 - Exception at initializing Filter(): near "ON": syntax error
[ERROR] 2021-08-02 17:03:15,976 - Unexpected Exception: near "ON": syntax error
[ERROR] 2021-08-03 01:07:23,100 - Unexpected exception at DBManager initialization: near "ON": syntax error
[ERROR] 2021-08-03 01:07:23,125 - Exception at initializing Filter(): near "ON": syntax error
[ERROR] 2021-08-03 01:07:23,126 - Unexpected Exception: near "ON": syntax error
[ERROR] 2021-08-03 01:07:23,857 - Unexpected exception at DBManager initialization: near "ON": syntax error
[ERROR] 2021-08-03 01:07:23,858 - Exception at initializing Filter(): near "ON": syntax error
[ERROR] 2021-08-03 01:07:23,859 - Unexpected Exception: near "ON": syntax error
[ERROR] 2021-08-03 01:07:24,831 - Unexpected exception at DBManager initialization: near "ON": syntax error
[ERROR] 2021-08-03 01:07:24,832 - Exception at initializing Filter(): near "ON": syntax error
[ERROR] 2021-08-03 01:07:24,834 - Unexpected Exception: near "ON": syntax error
[ERROR] 2021-08-03 01:07:26,015 - Unexpected exception at DBManager initialization: near "ON": syntax error
[ERROR] 2021-08-03 01:07:26,016 - Exception at initializing Filter(): near "ON": syntax error
[ERROR] 2021-08-03 01:07:26,017 - Unexpected Exception: near "ON": syntax error
[ERROR] 2021-08-03 01:07:27,563 - Unexpected exception at DBManager initialization: near "ON": syntax error
[ERROR] 2021-08-03 01:07:27,565 - Exception at initializing Filter(): near "ON": syntax error
[ERROR] 2021-08-03 01:07:27,566 - Unexpected Exception: near "ON": syntax error
[ERROR] 2021-08-15 22:33:21,436 - Unexpected exception at DBManager initialization: near "ON": syntax error
[ERROR] 2021-08-15 22:33:21,437 - Exception at initializing Filter(): near "ON": syntax error
[ERROR] 2021-08-15 22:33:21,438 - Unexpected Exception: near "ON": syntax error
[ERROR] 2021-08-15 22:33:22,222 - Unexpected exception at DBManager initialization: near "ON": syntax error
[ERROR] 2021-08-15 22:33:22,223 - Exception at initializing Filter(): near "ON": syntax error
[ERROR] 2021-08-15 22:33:22,224 - Unexpected Exception: near "ON": syntax error
[ERROR] 2021-08-15 22:33:23,176 - Unexpected exception at DBManager initialization: near "ON": syntax error
[ERROR] 2021-08-15 22:33:23,177 - Exception at initializing Filter(): near "ON": syntax error
[ERROR] 2021-08-15 22:33:23,178 - Unexpected Exception: near "ON": syntax error
[ERROR] 2021-08-15 22:33:24,388 - Unexpected exception at DBManager initialization: near "ON": syntax error
[ERROR] 2021-08-15 22:33:24,389 - Exception at initializing Filter(): near "ON": syntax error
[ERROR] 2021-08-15 22:33:24,391 - Unexpected Exception: near "ON": syntax error
[ERROR] 2021-08-15 22:33:26,020 - Unexpected exception at DBManager initialization: near "ON": syntax error
[ERROR] 2021-08-15 22:33:26,022 - Exception at initializing Filter(): near "ON": syntax error
[ERROR] 2021-08-15 22:33:26,023 - Unexpected Exception: near "ON": syntax error
[ERROR] 2021-08-15 22:33:28,343 - Unexpected exception at DBManager initialization: near "ON": syntax error
[ERROR] 2021-08-15 22:33:28,344 - Exception at initializing Filter(): near "ON": syntax error
[ERROR] 2021-08-15 22:33:28,345 - Unexpected Exception: near "ON": syntax error
[ERROR] 2021-08-15 22:33:32,324 - Unexpected exception at DBManager initialization: near "ON": syntax error
[ERROR] 2021-08-15 22:33:32,326 - Exception at initializing Filter(): near "ON": syntax error
[ERROR] 2021-08-15 22:33:32,327 - Unexpected Exception: near "ON": syntax error
[ERROR] 2021-08-15 22:33:39,466 - Unexpected exception at DBManager initialization: near "ON": syntax error
[ERROR] 2021-08-15 22:33:39,467 - Exception at initializing Filter(): near "ON": syntax error
[ERROR] 2021-08-15 22:33:39,468 - Unexpected Exception: near "ON": syntax error
[ERROR] 2021-08-15 22:33:53,002 - Unexpected exception at DBManager initialization: near "ON": syntax error
[ERROR] 2021-08-15 22:33:53,003 - Exception at initializing Filter(): near "ON": syntax error
[ERROR] 2021-08-15 22:33:53,004 - Unexpected Exception: near "ON": syntax error
[ERROR] 2021-08-15 22:34:19,334 - Unexpected exception at DBManager initialization: near "ON": syntax error
[ERROR] 2021-08-15 22:34:19,335 - Exception at initializing Filter(): near "ON": syntax error
[ERROR] 2021-08-15 22:34:19,336 - Unexpected Exception: near "ON": syntax error
[ERROR] 2021-08-15 22:35:11,321 - Unexpected exception at DBManager initialization: near "ON": syntax error
[ERROR] 2021-08-15 22:35:11,322 - Exception at initializing Filter(): near "ON": syntax error
[ERROR] 2021-08-15 22:35:11,323 - Unexpected Exception: near "ON": syntax error
[ERROR] 2021-08-15 22:36:12,202 - Unexpected exception at DBManager initialization: near "ON": syntax error
[ERROR] 2021-08-15 22:36:12,203 - Exception at initializing Filter(): near "ON": syntax error
[ERROR] 2021-08-15 22:36:12,204 - Unexpected Exception: near "ON": syntax error
[ERROR] 2021-08-15 22:37:13,062 - Unexpected exception at DBManager initialization: near "ON": syntax error
[ERROR] 2021-08-15 22:37:13,064 - Exception at initializing Filter(): near "ON": syntax error
[ERROR] 2021-08-15 22:37:13,065 - Unexpected Exception: near "ON": syntax error
[ERROR] 2021-08-15 22:38:13,797 - Unexpected exception at DBManager initialization: near "ON": syntax error
[ERROR] 2021-08-15 22:38:13,798 - Exception at initializing Filter(): near "ON": syntax error
[ERROR] 2021-08-15 22:38:13,800 - Unexpected Exception: near "ON": syntax error
[ERROR] 2021-08-15 22:39:14,519 - Unexpected exception at DBManager initialization: near "ON": syntax error
[ERROR] 2021-08-15 22:39:14,521 - Exception at initializing Filter(): near "ON": syntax error
[ERROR] 2021-08-15 22:39:14,522 - Unexpected Exception: near "ON": syntax error
[ERROR] 2021-08-16 12:07:07,581 - Exception on /checkid [GET]
Traceback (most recent call last):
  File "/usr/local/lib/python3.9/site-packages/flask/app.py", line 2447, in wsgi_app
    response = self.full_dispatch_request()
  File "/usr/local/lib/python3.9/site-packages/flask/app.py", line 1952, in full_dispatch_request
    rv = self.handle_user_exception(e)
  File "/usr/local/lib/python3.9/site-packages/flask/app.py", line 1821, in handle_user_exception
    reraise(exc_type, exc_value, tb)
  File "/usr/local/lib/python3.9/site-packages/flask/_compat.py", line 39, in reraise
    raise value
  File "/usr/local/lib/python3.9/site-packages/flask/app.py", line 1950, in full_dispatch_request
    rv = self.dispatch_request()
  File "/usr/local/lib/python3.9/site-packages/flask/app.py", line 1936, in dispatch_request
    return self.view_functions[rule.endpoint](**req.view_args)
  File "/dicom_filter/app/routes.py", line 40, in checkid
    filter = ef.Filter(p_db_config)
TypeError: __init__() takes 1 positional argument but 2 were given
[ERROR] 2021-08-16 12:09:12,261 - Exception on /checkid [GET]
Traceback (most recent call last):
  File "/usr/local/lib/python3.9/site-packages/flask/app.py", line 2447, in wsgi_app
    response = self.full_dispatch_request()
  File "/usr/local/lib/python3.9/site-packages/flask/app.py", line 1952, in full_dispatch_request
    rv = self.handle_user_exception(e)
  File "/usr/local/lib/python3.9/site-packages/flask/app.py", line 1821, in handle_user_exception
    reraise(exc_type, exc_value, tb)
  File "/usr/local/lib/python3.9/site-packages/flask/_compat.py", line 39, in reraise
    raise value
  File "/usr/local/lib/python3.9/site-packages/flask/app.py", line 1950, in full_dispatch_request
    rv = self.dispatch_request()
  File "/usr/local/lib/python3.9/site-packages/flask/app.py", line 1936, in dispatch_request
    return self.view_functions[rule.endpoint](**req.view_args)
  File "/dicom_filter/app/routes.py", line 40, in checkid
    filter = ef.Filter(p_db_config)
TypeError: __init__() takes 1 positional argument but 2 were given
[ERROR] 2021-08-16 12:15:06,000 - Exception on /checkid [GET]
Traceback (most recent call last):
  File "/usr/local/lib/python3.9/site-packages/flask/app.py", line 2447, in wsgi_app
    response = self.full_dispatch_request()
  File "/usr/local/lib/python3.9/site-packages/flask/app.py", line 1952, in full_dispatch_request
    rv = self.handle_user_exception(e)
  File "/usr/local/lib/python3.9/site-packages/flask/app.py", line 1821, in handle_user_exception
    reraise(exc_type, exc_value, tb)
  File "/usr/local/lib/python3.9/site-packages/flask/_compat.py", line 39, in reraise
    raise value
  File "/usr/local/lib/python3.9/site-packages/flask/app.py", line 1950, in full_dispatch_request
    rv = self.dispatch_request()
  File "/usr/local/lib/python3.9/site-packages/flask/app.py", line 1936, in dispatch_request
    return self.view_functions[rule.endpoint](**req.view_args)
  File "/dicom_filter/app/routes.py", line 40, in checkid
    filter = ef.Filter(p_db_config)
TypeError: __init__() takes 1 positional argument but 2 were given
[ERROR] 2021-08-16 12:22:59,186 - Exception on /checkid [GET]
Traceback (most recent call last):
  File "/usr/local/lib/python3.9/site-packages/flask/app.py", line 2447, in wsgi_app
    response = self.full_dispatch_request()
  File "/usr/local/lib/python3.9/site-packages/flask/app.py", line 1952, in full_dispatch_request
    rv = self.handle_user_exception(e)
  File "/usr/local/lib/python3.9/site-packages/flask/app.py", line 1821, in handle_user_exception
    reraise(exc_type, exc_value, tb)
  File "/usr/local/lib/python3.9/site-packages/flask/_compat.py", line 39, in reraise
    raise value
  File "/usr/local/lib/python3.9/site-packages/flask/app.py", line 1950, in full_dispatch_request
    rv = self.dispatch_request()
  File "/usr/local/lib/python3.9/site-packages/flask/app.py", line 1936, in dispatch_request
    return self.view_functions[rule.endpoint](**req.view_args)
  File "/dicom_filter/app/routes.py", line 40, in checkid
    filter = ef.Filter(p_db_config)
TypeError: __init__() takes 1 positional argument but 2 were given
[ERROR] 2021-08-16 12:23:52,685 - Exception on /checkid [GET]
Traceback (most recent call last):
  File "/usr/local/lib/python3.9/site-packages/flask/app.py", line 2447, in wsgi_app
    response = self.full_dispatch_request()
  File "/usr/local/lib/python3.9/site-packages/flask/app.py", line 1952, in full_dispatch_request
    rv = self.handle_user_exception(e)
  File "/usr/local/lib/python3.9/site-packages/flask/app.py", line 1821, in handle_user_exception
    reraise(exc_type, exc_value, tb)
  File "/usr/local/lib/python3.9/site-packages/flask/_compat.py", line 39, in reraise
    raise value
  File "/usr/local/lib/python3.9/site-packages/flask/app.py", line 1950, in full_dispatch_request
    rv = self.dispatch_request()
  File "/usr/local/lib/python3.9/site-packages/flask/app.py", line 1936, in dispatch_request
    return self.view_functions[rule.endpoint](**req.view_args)
  File "/dicom_filter/app/routes.py", line 40, in checkid
    filter = ef.Filter(p_db_config)
TypeError: __init__() takes 1 positional argument but 2 were given
[ERROR] 2021-08-16 12:24:26,539 - Exception on /checkid [GET]
Traceback (most recent call last):
  File "/usr/local/lib/python3.9/site-packages/flask/app.py", line 2447, in wsgi_app
    response = self.full_dispatch_request()
  File "/usr/local/lib/python3.9/site-packages/flask/app.py", line 1952, in full_dispatch_request
    rv = self.handle_user_exception(e)
  File "/usr/local/lib/python3.9/site-packages/flask/app.py", line 1821, in handle_user_exception
    reraise(exc_type, exc_value, tb)
  File "/usr/local/lib/python3.9/site-packages/flask/_compat.py", line 39, in reraise
    raise value
  File "/usr/local/lib/python3.9/site-packages/flask/app.py", line 1950, in full_dispatch_request
    rv = self.dispatch_request()
  File "/usr/local/lib/python3.9/site-packages/flask/app.py", line 1936, in dispatch_request
    return self.view_functions[rule.endpoint](**req.view_args)
  File "/dicom_filter/app/routes.py", line 40, in checkid
    filter = ef.Filter(p_db_config)
TypeError: __init__() takes 1 positional argument but 2 were given
[ERROR] 2021-08-16 17:00:49,057 - Exception on /checkid [GET]
Traceback (most recent call last):
  File "/usr/local/lib/python3.9/site-packages/flask/app.py", line 2447, in wsgi_app
    response = self.full_dispatch_request()
  File "/usr/local/lib/python3.9/site-packages/flask/app.py", line 1952, in full_dispatch_request
    rv = self.handle_user_exception(e)
  File "/usr/local/lib/python3.9/site-packages/flask/app.py", line 1821, in handle_user_exception
    reraise(exc_type, exc_value, tb)
  File "/usr/local/lib/python3.9/site-packages/flask/_compat.py", line 39, in reraise
    raise value
  File "/usr/local/lib/python3.9/site-packages/flask/app.py", line 1950, in full_dispatch_request
    rv = self.dispatch_request()
  File "/usr/local/lib/python3.9/site-packages/flask/app.py", line 1936, in dispatch_request
    return self.view_functions[rule.endpoint](**req.view_args)
  File "/dicom_filter/app/routes.py", line 40, in checkid
    filter = ef.Filter(p_db_config)
TypeError: __init__() takes 1 positional argument but 2 were given
[ERROR] 2021-08-16 17:02:48,762 - Exception on /checkid [GET]
Traceback (most recent call last):
  File "/usr/local/lib/python3.9/site-packages/flask/app.py", line 2447, in wsgi_app
    response = self.full_dispatch_request()
  File "/usr/local/lib/python3.9/site-packages/flask/app.py", line 1952, in full_dispatch_request
    rv = self.handle_user_exception(e)
  File "/usr/local/lib/python3.9/site-packages/flask/app.py", line 1821, in handle_user_exception
    reraise(exc_type, exc_value, tb)
  File "/usr/local/lib/python3.9/site-packages/flask/_compat.py", line 39, in reraise
    raise value
  File "/usr/local/lib/python3.9/site-packages/flask/app.py", line 1950, in full_dispatch_request
    rv = self.dispatch_request()
  File "/usr/local/lib/python3.9/site-packages/flask/app.py", line 1936, in dispatch_request
    return self.view_functions[rule.endpoint](**req.view_args)
  File "/dicom_filter/app/routes.py", line 40, in checkid
    filter = ef.Filter(p_db_config)
TypeError: __init__() takes 1 positional argument but 2 were given
[ERROR] 2021-08-16 17:03:18,454 - Exception on /checkid [GET]
Traceback (most recent call last):
  File "/usr/local/lib/python3.9/site-packages/flask/app.py", line 2447, in wsgi_app
    response = self.full_dispatch_request()
  File "/usr/local/lib/python3.9/site-packages/flask/app.py", line 1952, in full_dispatch_request
    rv = self.handle_user_exception(e)
  File "/usr/local/lib/python3.9/site-packages/flask/app.py", line 1821, in handle_user_exception
    reraise(exc_type, exc_value, tb)
  File "/usr/local/lib/python3.9/site-packages/flask/_compat.py", line 39, in reraise
    raise value
  File "/usr/local/lib/python3.9/site-packages/flask/app.py", line 1950, in full_dispatch_request
    rv = self.dispatch_request()
  File "/usr/local/lib/python3.9/site-packages/flask/app.py", line 1936, in dispatch_request
    return self.view_functions[rule.endpoint](**req.view_args)
  File "/dicom_filter/app/routes.py", line 40, in checkid
    filter = ef.Filter(p_db_config)
TypeError: __init__() takes 1 positional argument but 2 were given
[ERROR] 2021-08-16 17:06:48,380 - Exception on /checkid [GET]
Traceback (most recent call last):
  File "/usr/local/lib/python3.9/site-packages/flask/app.py", line 2447, in wsgi_app
    response = self.full_dispatch_request()
  File "/usr/local/lib/python3.9/site-packages/flask/app.py", line 1952, in full_dispatch_request
    rv = self.handle_user_exception(e)
  File "/usr/local/lib/python3.9/site-packages/flask/app.py", line 1821, in handle_user_exception
    reraise(exc_type, exc_value, tb)
  File "/usr/local/lib/python3.9/site-packages/flask/_compat.py", line 39, in reraise
    raise value
  File "/usr/local/lib/python3.9/site-packages/flask/app.py", line 1950, in full_dispatch_request
    rv = self.dispatch_request()
  File "/usr/local/lib/python3.9/site-packages/flask/app.py", line 1936, in dispatch_request
    return self.view_functions[rule.endpoint](**req.view_args)
  File "/dicom_filter/app/routes.py", line 40, in checkid
    filter = ef.Filter(p_db_config)
TypeError: __init__() takes 1 positional argument but 2 were given
[ERROR] 2021-08-16 17:11:01,205 - Exception on /checkid [GET]
Traceback (most recent call last):
  File "/usr/local/lib/python3.9/site-packages/flask/app.py", line 2447, in wsgi_app
    response = self.full_dispatch_request()
  File "/usr/local/lib/python3.9/site-packages/flask/app.py", line 1952, in full_dispatch_request
    rv = self.handle_user_exception(e)
  File "/usr/local/lib/python3.9/site-packages/flask/app.py", line 1821, in handle_user_exception
    reraise(exc_type, exc_value, tb)
  File "/usr/local/lib/python3.9/site-packages/flask/_compat.py", line 39, in reraise
    raise value
  File "/usr/local/lib/python3.9/site-packages/flask/app.py", line 1950, in full_dispatch_request
    rv = self.dispatch_request()
  File "/usr/local/lib/python3.9/site-packages/flask/app.py", line 1936, in dispatch_request
    return self.view_functions[rule.endpoint](**req.view_args)
  File "/dicom_filter/app/routes.py", line 40, in checkid
    filter = ef.Filter(p_db_config)
TypeError: __init__() takes 1 positional argument but 2 were given
[ERROR] 2021-08-16 17:12:16,764 - Exception on /checkid [GET]
Traceback (most recent call last):
  File "/usr/local/lib/python3.9/site-packages/flask/app.py", line 2447, in wsgi_app
    response = self.full_dispatch_request()
  File "/usr/local/lib/python3.9/site-packages/flask/app.py", line 1952, in full_dispatch_request
    rv = self.handle_user_exception(e)
  File "/usr/local/lib/python3.9/site-packages/flask/app.py", line 1821, in handle_user_exception
    reraise(exc_type, exc_value, tb)
  File "/usr/local/lib/python3.9/site-packages/flask/_compat.py", line 39, in reraise
    raise value
  File "/usr/local/lib/python3.9/site-packages/flask/app.py", line 1950, in full_dispatch_request
    rv = self.dispatch_request()
  File "/usr/local/lib/python3.9/site-packages/flask/app.py", line 1936, in dispatch_request
    return self.view_functions[rule.endpoint](**req.view_args)
  File "/dicom_filter/app/routes.py", line 40, in checkid
    filter = ef.Filter(p_db_config)
TypeError: __init__() takes 1 positional argument but 2 were given
[ERROR] 2021-08-16 17:15:30,743 - Exception on /checkid [GET]
Traceback (most recent call last):
  File "/usr/local/lib/python3.9/site-packages/flask/app.py", line 2447, in wsgi_app
    response = self.full_dispatch_request()
  File "/usr/local/lib/python3.9/site-packages/flask/app.py", line 1952, in full_dispatch_request
    rv = self.handle_user_exception(e)
  File "/usr/local/lib/python3.9/site-packages/flask/app.py", line 1821, in handle_user_exception
    reraise(exc_type, exc_value, tb)
  File "/usr/local/lib/python3.9/site-packages/flask/_compat.py", line 39, in reraise
    raise value
  File "/usr/local/lib/python3.9/site-packages/flask/app.py", line 1950, in full_dispatch_request
    rv = self.dispatch_request()
  File "/usr/local/lib/python3.9/site-packages/flask/app.py", line 1936, in dispatch_request
    return self.view_functions[rule.endpoint](**req.view_args)
  File "/dicom_filter/app/routes.py", line 40, in checkid
    filter = ef.Filter(p_db_config)
TypeError: __init__() takes 1 positional argument but 2 were given
[ERROR] 2021-08-16 18:15:17,108 - Exception on /checkid [GET]
Traceback (most recent call last):
  File "/usr/local/lib/python3.9/site-packages/flask/app.py", line 2447, in wsgi_app
    response = self.full_dispatch_request()
  File "/usr/local/lib/python3.9/site-packages/flask/app.py", line 1952, in full_dispatch_request
    rv = self.handle_user_exception(e)
  File "/usr/local/lib/python3.9/site-packages/flask/app.py", line 1821, in handle_user_exception
    reraise(exc_type, exc_value, tb)
  File "/usr/local/lib/python3.9/site-packages/flask/_compat.py", line 39, in reraise
    raise value
  File "/usr/local/lib/python3.9/site-packages/flask/app.py", line 1950, in full_dispatch_request
    rv = self.dispatch_request()
  File "/usr/local/lib/python3.9/site-packages/flask/app.py", line 1936, in dispatch_request
    return self.view_functions[rule.endpoint](**req.view_args)
  File "/dicom_filter/app/routes.py", line 40, in checkid
    filter = ef.Filter(p_db_config)
TypeError: __init__() takes 1 positional argument but 2 were given
[ERROR] 2021-08-16 18:23:54,300 - Exception on /checkid [GET]
Traceback (most recent call last):
  File "/usr/local/lib/python3.9/site-packages/flask/app.py", line 2447, in wsgi_app
    response = self.full_dispatch_request()
  File "/usr/local/lib/python3.9/site-packages/flask/app.py", line 1952, in full_dispatch_request
    rv = self.handle_user_exception(e)
  File "/usr/local/lib/python3.9/site-packages/flask/app.py", line 1821, in handle_user_exception
    reraise(exc_type, exc_value, tb)
  File "/usr/local/lib/python3.9/site-packages/flask/_compat.py", line 39, in reraise
    raise value
  File "/usr/local/lib/python3.9/site-packages/flask/app.py", line 1950, in full_dispatch_request
    rv = self.dispatch_request()
  File "/usr/local/lib/python3.9/site-packages/flask/app.py", line 1936, in dispatch_request
    return self.view_functions[rule.endpoint](**req.view_args)
  File "/dicom_filter/app/routes.py", line 40, in checkid
    filter = ef.Filter(p_db_config)
TypeError: __init__() takes 1 positional argument but 2 were given
[ERROR] 2021-08-16 18:51:10,682 - Exception on /checkid [GET]
Traceback (most recent call last):
  File "/usr/local/lib/python3.9/site-packages/flask/app.py", line 2447, in wsgi_app
    response = self.full_dispatch_request()
  File "/usr/local/lib/python3.9/site-packages/flask/app.py", line 1952, in full_dispatch_request
    rv = self.handle_user_exception(e)
  File "/usr/local/lib/python3.9/site-packages/flask/app.py", line 1821, in handle_user_exception
    reraise(exc_type, exc_value, tb)
  File "/usr/local/lib/python3.9/site-packages/flask/_compat.py", line 39, in reraise
    raise value
  File "/usr/local/lib/python3.9/site-packages/flask/app.py", line 1950, in full_dispatch_request
    rv = self.dispatch_request()
  File "/usr/local/lib/python3.9/site-packages/flask/app.py", line 1936, in dispatch_request
    return self.view_functions[rule.endpoint](**req.view_args)
  File "/dicom_filter/app/routes.py", line 40, in checkid
    filter = ef.Filter(p_db_config)
TypeError: __init__() takes 1 positional argument but 2 were given
[ERROR] 2021-08-16 19:08:05,690 - Exception on /checkid [GET]
Traceback (most recent call last):
  File "/usr/local/lib/python3.9/site-packages/flask/app.py", line 2447, in wsgi_app
    response = self.full_dispatch_request()
  File "/usr/local/lib/python3.9/site-packages/flask/app.py", line 1952, in full_dispatch_request
    rv = self.handle_user_exception(e)
  File "/usr/local/lib/python3.9/site-packages/flask/app.py", line 1821, in handle_user_exception
    reraise(exc_type, exc_value, tb)
  File "/usr/local/lib/python3.9/site-packages/flask/_compat.py", line 39, in reraise
    raise value
  File "/usr/local/lib/python3.9/site-packages/flask/app.py", line 1950, in full_dispatch_request
    rv = self.dispatch_request()
  File "/usr/local/lib/python3.9/site-packages/flask/app.py", line 1936, in dispatch_request
    return self.view_functions[rule.endpoint](**req.view_args)
  File "/dicom_filter/app/routes.py", line 40, in checkid
    filter = ef.Filter(p_db_config)
TypeError: __init__() takes 1 positional argument but 2 were given
[ERROR] 2021-08-16 22:08:26,434 - Exception on /checkid [GET]
Traceback (most recent call last):
  File "/usr/local/lib/python3.9/site-packages/flask/app.py", line 2447, in wsgi_app
    response = self.full_dispatch_request()
  File "/usr/local/lib/python3.9/site-packages/flask/app.py", line 1952, in full_dispatch_request
    rv = self.handle_user_exception(e)
  File "/usr/local/lib/python3.9/site-packages/flask/app.py", line 1821, in handle_user_exception
    reraise(exc_type, exc_value, tb)
  File "/usr/local/lib/python3.9/site-packages/flask/_compat.py", line 39, in reraise
    raise value
  File "/usr/local/lib/python3.9/site-packages/flask/app.py", line 1950, in full_dispatch_request
    rv = self.dispatch_request()
  File "/usr/local/lib/python3.9/site-packages/flask/app.py", line 1936, in dispatch_request
    return self.view_functions[rule.endpoint](**req.view_args)
  File "/dicom_filter/app/routes.py", line 40, in checkid
    filter = ef.Filter(p_db_config)
TypeError: __init__() takes 1 positional argument but 2 were given
[ERROR] 2021-08-16 22:08:26,435 - Exception on /checkid [GET]
Traceback (most recent call last):
  File "/usr/local/lib/python3.9/site-packages/flask/app.py", line 2447, in wsgi_app
    response = self.full_dispatch_request()
  File "/usr/local/lib/python3.9/site-packages/flask/app.py", line 1952, in full_dispatch_request
    rv = self.handle_user_exception(e)
  File "/usr/local/lib/python3.9/site-packages/flask/app.py", line 1821, in handle_user_exception
    reraise(exc_type, exc_value, tb)
  File "/usr/local/lib/python3.9/site-packages/flask/_compat.py", line 39, in reraise
    raise value
  File "/usr/local/lib/python3.9/site-packages/flask/app.py", line 1950, in full_dispatch_request
    rv = self.dispatch_request()
  File "/usr/local/lib/python3.9/site-packages/flask/app.py", line 1936, in dispatch_request
    return self.view_functions[rule.endpoint](**req.view_args)
  File "/dicom_filter/app/routes.py", line 40, in checkid
    filter = ef.Filter(p_db_config)
TypeError: __init__() takes 1 positional argument but 2 were given
[ERROR] 2021-08-16 22:08:26,435 - Exception on /checkid [GET]
Traceback (most recent call last):
  File "/usr/local/lib/python3.9/site-packages/flask/app.py", line 2447, in wsgi_app
    response = self.full_dispatch_request()
  File "/usr/local/lib/python3.9/site-packages/flask/app.py", line 1952, in full_dispatch_request
    rv = self.handle_user_exception(e)
  File "/usr/local/lib/python3.9/site-packages/flask/app.py", line 1821, in handle_user_exception
    reraise(exc_type, exc_value, tb)
  File "/usr/local/lib/python3.9/site-packages/flask/_compat.py", line 39, in reraise
    raise value
  File "/usr/local/lib/python3.9/site-packages/flask/app.py", line 1950, in full_dispatch_request
    rv = self.dispatch_request()
  File "/usr/local/lib/python3.9/site-packages/flask/app.py", line 1936, in dispatch_request
    return self.view_functions[rule.endpoint](**req.view_args)
  File "/dicom_filter/app/routes.py", line 40, in checkid
    filter = ef.Filter(p_db_config)
TypeError: __init__() takes 1 positional argument but 2 were given
[ERROR] 2021-08-16 22:08:26,436 - Exception on /checkid [GET]
Traceback (most recent call last):
  File "/usr/local/lib/python3.9/site-packages/flask/app.py", line 2447, in wsgi_app
    response = self.full_dispatch_request()
  File "/usr/local/lib/python3.9/site-packages/flask/app.py", line 1952, in full_dispatch_request
    rv = self.handle_user_exception(e)
  File "/usr/local/lib/python3.9/site-packages/flask/app.py", line 1821, in handle_user_exception
    reraise(exc_type, exc_value, tb)
  File "/usr/local/lib/python3.9/site-packages/flask/_compat.py", line 39, in reraise
    raise value
  File "/usr/local/lib/python3.9/site-packages/flask/app.py", line 1950, in full_dispatch_request
    rv = self.dispatch_request()
  File "/usr/local/lib/python3.9/site-packages/flask/app.py", line 1936, in dispatch_request
    return self.view_functions[rule.endpoint](**req.view_args)
  File "/dicom_filter/app/routes.py", line 40, in checkid
    filter = ef.Filter(p_db_config)
TypeError: __init__() takes 1 positional argument but 2 were given
[ERROR] 2021-08-16 22:08:26,438 - Exception on /checkid [GET]
Traceback (most recent call last):
  File "/usr/local/lib/python3.9/site-packages/flask/app.py", line 2447, in wsgi_app
    response = self.full_dispatch_request()
  File "/usr/local/lib/python3.9/site-packages/flask/app.py", line 1952, in full_dispatch_request
    rv = self.handle_user_exception(e)
  File "/usr/local/lib/python3.9/site-packages/flask/app.py", line 1821, in handle_user_exception
    reraise(exc_type, exc_value, tb)
  File "/usr/local/lib/python3.9/site-packages/flask/_compat.py", line 39, in reraise
    raise value
  File "/usr/local/lib/python3.9/site-packages/flask/app.py", line 1950, in full_dispatch_request
    rv = self.dispatch_request()
  File "/usr/local/lib/python3.9/site-packages/flask/app.py", line 1936, in dispatch_request
    return self.view_functions[rule.endpoint](**req.view_args)
  File "/dicom_filter/app/routes.py", line 40, in checkid
    filter = ef.Filter(p_db_config)
TypeError: __init__() takes 1 positional argument but 2 were given
[ERROR] 2021-08-16 22:12:45,081 - Exception on /checkid [GET]
Traceback (most recent call last):
  File "/usr/local/lib/python3.9/site-packages/flask/app.py", line 2447, in wsgi_app
    response = self.full_dispatch_request()
  File "/usr/local/lib/python3.9/site-packages/flask/app.py", line 1952, in full_dispatch_request
    rv = self.handle_user_exception(e)
  File "/usr/local/lib/python3.9/site-packages/flask/app.py", line 1821, in handle_user_exception
    reraise(exc_type, exc_value, tb)
  File "/usr/local/lib/python3.9/site-packages/flask/_compat.py", line 39, in reraise
    raise value
  File "/usr/local/lib/python3.9/site-packages/flask/app.py", line 1950, in full_dispatch_request
    rv = self.dispatch_request()
  File "/usr/local/lib/python3.9/site-packages/flask/app.py", line 1936, in dispatch_request
    return self.view_functions[rule.endpoint](**req.view_args)
  File "/dicom_filter/app/routes.py", line 41, in checkid
    encrypted_id = filter.encrypt_patient_id(value, secret, create)
TypeError: encrypt_patient_id() takes from 2 to 3 positional arguments but 4 were given
[ERROR] 2021-08-16 22:12:45,082 - Exception on /checkid [GET]
Traceback (most recent call last):
  File "/usr/local/lib/python3.9/site-packages/flask/app.py", line 2447, in wsgi_app
    response = self.full_dispatch_request()
  File "/usr/local/lib/python3.9/site-packages/flask/app.py", line 1952, in full_dispatch_request
    rv = self.handle_user_exception(e)
  File "/usr/local/lib/python3.9/site-packages/flask/app.py", line 1821, in handle_user_exception
    reraise(exc_type, exc_value, tb)
  File "/usr/local/lib/python3.9/site-packages/flask/_compat.py", line 39, in reraise
    raise value
  File "/usr/local/lib/python3.9/site-packages/flask/app.py", line 1950, in full_dispatch_request
    rv = self.dispatch_request()
  File "/usr/local/lib/python3.9/site-packages/flask/app.py", line 1936, in dispatch_request
    return self.view_functions[rule.endpoint](**req.view_args)
  File "/dicom_filter/app/routes.py", line 41, in checkid
    encrypted_id = filter.encrypt_patient_id(value, secret, create)
TypeError: encrypt_patient_id() takes from 2 to 3 positional arguments but 4 were given
[ERROR] 2021-08-16 22:12:45,083 - Exception on /checkid [GET]
Traceback (most recent call last):
  File "/usr/local/lib/python3.9/site-packages/flask/app.py", line 2447, in wsgi_app
    response = self.full_dispatch_request()
  File "/usr/local/lib/python3.9/site-packages/flask/app.py", line 1952, in full_dispatch_request
    rv = self.handle_user_exception(e)
  File "/usr/local/lib/python3.9/site-packages/flask/app.py", line 1821, in handle_user_exception
    reraise(exc_type, exc_value, tb)
  File "/usr/local/lib/python3.9/site-packages/flask/_compat.py", line 39, in reraise
    raise value
  File "/usr/local/lib/python3.9/site-packages/flask/app.py", line 1950, in full_dispatch_request
    rv = self.dispatch_request()
  File "/usr/local/lib/python3.9/site-packages/flask/app.py", line 1936, in dispatch_request
    return self.view_functions[rule.endpoint](**req.view_args)
  File "/dicom_filter/app/routes.py", line 41, in checkid
    encrypted_id = filter.encrypt_patient_id(value, secret, create)
TypeError: encrypt_patient_id() takes from 2 to 3 positional arguments but 4 were given
[ERROR] 2021-08-16 22:12:45,084 - Exception on /checkid [GET]
Traceback (most recent call last):
  File "/usr/local/lib/python3.9/site-packages/flask/app.py", line 2447, in wsgi_app
    response = self.full_dispatch_request()
  File "/usr/local/lib/python3.9/site-packages/flask/app.py", line 1952, in full_dispatch_request
    rv = self.handle_user_exception(e)
  File "/usr/local/lib/python3.9/site-packages/flask/app.py", line 1821, in handle_user_exception
    reraise(exc_type, exc_value, tb)
  File "/usr/local/lib/python3.9/site-packages/flask/_compat.py", line 39, in reraise
    raise value
  File "/usr/local/lib/python3.9/site-packages/flask/app.py", line 1950, in full_dispatch_request
    rv = self.dispatch_request()
  File "/usr/local/lib/python3.9/site-packages/flask/app.py", line 1936, in dispatch_request
    return self.view_functions[rule.endpoint](**req.view_args)
  File "/dicom_filter/app/routes.py", line 41, in checkid
    encrypted_id = filter.encrypt_patient_id(value, secret, create)
TypeError: encrypt_patient_id() takes from 2 to 3 positional arguments but 4 were given
[ERROR] 2021-08-16 22:12:45,085 - Exception on /checkid [GET]
Traceback (most recent call last):
  File "/usr/local/lib/python3.9/site-packages/flask/app.py", line 2447, in wsgi_app
    response = self.full_dispatch_request()
  File "/usr/local/lib/python3.9/site-packages/flask/app.py", line 1952, in full_dispatch_request
    rv = self.handle_user_exception(e)
  File "/usr/local/lib/python3.9/site-packages/flask/app.py", line 1821, in handle_user_exception
    reraise(exc_type, exc_value, tb)
  File "/usr/local/lib/python3.9/site-packages/flask/_compat.py", line 39, in reraise
    raise value
  File "/usr/local/lib/python3.9/site-packages/flask/app.py", line 1950, in full_dispatch_request
    rv = self.dispatch_request()
  File "/usr/local/lib/python3.9/site-packages/flask/app.py", line 1936, in dispatch_request
    return self.view_functions[rule.endpoint](**req.view_args)
  File "/dicom_filter/app/routes.py", line 41, in checkid
    encrypted_id = filter.encrypt_patient_id(value, secret, create)
TypeError: encrypt_patient_id() takes from 2 to 3 positional arguments but 4 were given
[ERROR] 2021-08-16 22:30:06,292 - Unexpected exception at DBManager initialization: near "ON": syntax error
[ERROR] 2021-08-16 22:30:06,294 - Exception at initializing Filter(): near "ON": syntax error
[ERROR] 2021-08-16 22:30:06,296 - Unexpected Exception: near "ON": syntax error
[ERROR] 2021-08-16 22:30:08,678 - Unexpected exception at DBManager initialization: near "ON": syntax error
[ERROR] 2021-08-16 22:30:08,679 - Exception at initializing Filter(): near "ON": syntax error
[ERROR] 2021-08-16 22:30:08,680 - Unexpected Exception: near "ON": syntax error
[ERROR] 2021-08-16 22:30:11,123 - Unexpected exception at DBManager initialization: near "ON": syntax error
[ERROR] 2021-08-16 22:30:11,124 - Exception at initializing Filter(): near "ON": syntax error
[ERROR] 2021-08-16 22:30:11,125 - Unexpected Exception: near "ON": syntax error
[ERROR] 2021-08-16 22:30:13,565 - Unexpected exception at DBManager initialization: near "ON": syntax error
[ERROR] 2021-08-16 22:30:13,566 - Exception at initializing Filter(): near "ON": syntax error
[ERROR] 2021-08-16 22:30:13,567 - Unexpected Exception: near "ON": syntax error
[ERROR] 2021-08-16 22:30:16,221 - Unexpected exception at DBManager initialization: near "ON": syntax error
[ERROR] 2021-08-16 22:30:16,222 - Exception at initializing Filter(): near "ON": syntax error
[ERROR] 2021-08-16 22:30:16,223 - Unexpected Exception: near "ON": syntax error
[ERROR] 2021-08-16 22:30:19,764 - Unexpected exception at DBManager initialization: near "ON": syntax error
[ERROR] 2021-08-16 22:30:19,765 - Exception at initializing Filter(): near "ON": syntax error
[ERROR] 2021-08-16 22:30:19,767 - Unexpected Exception: near "ON": syntax error
[ERROR] 2021-08-16 22:30:25,027 - Unexpected exception at DBManager initialization: near "ON": syntax error
[ERROR] 2021-08-16 22:30:25,029 - Exception at initializing Filter(): near "ON": syntax error
[ERROR] 2021-08-16 22:30:25,030 - Unexpected Exception: near "ON": syntax error
[ERROR] 2021-08-16 22:30:33,301 - Unexpected exception at DBManager initialization: near "ON": syntax error
[ERROR] 2021-08-16 22:30:33,303 - Exception at initializing Filter(): near "ON": syntax error
[ERROR] 2021-08-16 22:30:33,304 - Unexpected Exception: near "ON": syntax error
[ERROR] 2021-08-16 22:30:47,814 - Unexpected exception at DBManager initialization: near "ON": syntax error
[ERROR] 2021-08-16 22:30:47,815 - Exception at initializing Filter(): near "ON": syntax error
[ERROR] 2021-08-16 22:30:47,816 - Unexpected Exception: near "ON": syntax error
[ERROR] 2021-08-16 22:31:15,215 - Unexpected exception at DBManager initialization: near "ON": syntax error
[ERROR] 2021-08-16 22:31:15,217 - Exception at initializing Filter(): near "ON": syntax error
[ERROR] 2021-08-16 22:31:15,218 - Unexpected Exception: near "ON": syntax error
[ERROR] 2021-08-16 22:32:08,298 - Unexpected exception at DBManager initialization: near "ON": syntax error
[ERROR] 2021-08-16 22:32:08,301 - Exception at initializing Filter(): near "ON": syntax error
[ERROR] 2021-08-16 22:32:08,302 - Unexpected Exception: near "ON": syntax error
[ERROR] 2021-08-16 22:33:10,085 - Unexpected exception at DBManager initialization: near "ON": syntax error
[ERROR] 2021-08-16 22:33:10,087 - Exception at initializing Filter(): near "ON": syntax error
[ERROR] 2021-08-16 22:33:10,088 - Unexpected Exception: near "ON": syntax error
[ERROR] 2021-08-16 22:34:11,920 - Unexpected exception at DBManager initialization: near "ON": syntax error
[ERROR] 2021-08-16 22:34:11,921 - Exception at initializing Filter(): near "ON": syntax error
[ERROR] 2021-08-16 22:34:11,922 - Unexpected Exception: near "ON": syntax error
[ERROR] 2021-08-16 22:35:13,700 - Unexpected exception at DBManager initialization: near "ON": syntax error
[ERROR] 2021-08-16 22:35:13,702 - Exception at initializing Filter(): near "ON": syntax error
[ERROR] 2021-08-16 22:35:13,703 - Unexpected Exception: near "ON": syntax error
[ERROR] 2021-08-16 22:36:15,510 - Unexpected exception at DBManager initialization: near "ON": syntax error
[ERROR] 2021-08-16 22:36:15,512 - Exception at initializing Filter(): near "ON": syntax error
[ERROR] 2021-08-16 22:36:15,513 - Unexpected Exception: near "ON": syntax error
[ERROR] 2021-08-16 22:37:17,348 - Unexpected exception at DBManager initialization: near "ON": syntax error
[ERROR] 2021-08-16 22:37:17,349 - Exception at initializing Filter(): near "ON": syntax error
[ERROR] 2021-08-16 22:37:17,351 - Unexpected Exception: near "ON": syntax error
[ERROR] 2021-08-16 22:38:19,109 - Unexpected exception at DBManager initialization: near "ON": syntax error
[ERROR] 2021-08-16 22:38:19,110 - Exception at initializing Filter(): near "ON": syntax error
[ERROR] 2021-08-16 22:38:19,111 - Unexpected Exception: near "ON": syntax error
[ERROR] 2021-08-17 02:19:34,663 - Unexpected exception at encrypt_patient_id(): incomplete input
[ERROR] 2021-08-17 02:19:34,667 - Exception on /checkid [GET]
Traceback (most recent call last):
  File "/usr/local/lib/python3.9/site-packages/flask/app.py", line 2447, in wsgi_app
    response = self.full_dispatch_request()
  File "/usr/local/lib/python3.9/site-packages/flask/app.py", line 1952, in full_dispatch_request
    rv = self.handle_user_exception(e)
  File "/usr/local/lib/python3.9/site-packages/flask/app.py", line 1821, in handle_user_exception
    reraise(exc_type, exc_value, tb)
  File "/usr/local/lib/python3.9/site-packages/flask/_compat.py", line 39, in reraise
    raise value
  File "/usr/local/lib/python3.9/site-packages/flask/app.py", line 1950, in full_dispatch_request
    rv = self.dispatch_request()
  File "/usr/local/lib/python3.9/site-packages/flask/app.py", line 1936, in dispatch_request
    return self.view_functions[rule.endpoint](**req.view_args)
  File "/dicom_filter/app/routes.py", line 41, in checkid
    encrypted_id = filter.encrypt_patient_id(value, create)
  File "/dicom_filter/app/extractor_filter.py", line 273, in encrypt_patient_id
    our_patient_id = self.db_manager.get_insert_patientid(encrypted_id)
  File "/dicom_filter/app/database/db_manager.py", line 169, in get_insert_patientid
    self.cursor.execute(self.db_functions[self.db_config["sql_type"]]["insert_patientid_query"], (encrypted_id, ))
sqlite3.OperationalError: incomplete input
[ERROR] 2021-08-17 02:19:34,668 - Unexpected exception at encrypt_patient_id(): incomplete input
[ERROR] 2021-08-17 02:19:34,668 - Unexpected exception at encrypt_patient_id(): incomplete input
[ERROR] 2021-08-17 02:19:34,668 - Unexpected exception at encrypt_patient_id(): incomplete input
[ERROR] 2021-08-17 02:19:34,669 - Unexpected exception at encrypt_patient_id(): incomplete input
[ERROR] 2021-08-17 02:19:34,673 - Exception on /checkid [GET]
Traceback (most recent call last):
  File "/usr/local/lib/python3.9/site-packages/flask/app.py", line 2447, in wsgi_app
    response = self.full_dispatch_request()
  File "/usr/local/lib/python3.9/site-packages/flask/app.py", line 1952, in full_dispatch_request
    rv = self.handle_user_exception(e)
  File "/usr/local/lib/python3.9/site-packages/flask/app.py", line 1821, in handle_user_exception
    reraise(exc_type, exc_value, tb)
  File "/usr/local/lib/python3.9/site-packages/flask/_compat.py", line 39, in reraise
    raise value
  File "/usr/local/lib/python3.9/site-packages/flask/app.py", line 1950, in full_dispatch_request
    rv = self.dispatch_request()
  File "/usr/local/lib/python3.9/site-packages/flask/app.py", line 1936, in dispatch_request
    return self.view_functions[rule.endpoint](**req.view_args)
  File "/dicom_filter/app/routes.py", line 41, in checkid
    encrypted_id = filter.encrypt_patient_id(value, create)
  File "/dicom_filter/app/extractor_filter.py", line 273, in encrypt_patient_id
    our_patient_id = self.db_manager.get_insert_patientid(encrypted_id)
  File "/dicom_filter/app/database/db_manager.py", line 169, in get_insert_patientid
    self.cursor.execute(self.db_functions[self.db_config["sql_type"]]["insert_patientid_query"], (encrypted_id, ))
sqlite3.OperationalError: incomplete input
[ERROR] 2021-08-17 02:19:34,674 - Exception on /checkid [GET]
Traceback (most recent call last):
  File "/usr/local/lib/python3.9/site-packages/flask/app.py", line 2447, in wsgi_app
    response = self.full_dispatch_request()
  File "/usr/local/lib/python3.9/site-packages/flask/app.py", line 1952, in full_dispatch_request
    rv = self.handle_user_exception(e)
  File "/usr/local/lib/python3.9/site-packages/flask/app.py", line 1821, in handle_user_exception
    reraise(exc_type, exc_value, tb)
  File "/usr/local/lib/python3.9/site-packages/flask/_compat.py", line 39, in reraise
    raise value
  File "/usr/local/lib/python3.9/site-packages/flask/app.py", line 1950, in full_dispatch_request
    rv = self.dispatch_request()
  File "/usr/local/lib/python3.9/site-packages/flask/app.py", line 1936, in dispatch_request
    return self.view_functions[rule.endpoint](**req.view_args)
  File "/dicom_filter/app/routes.py", line 41, in checkid
    encrypted_id = filter.encrypt_patient_id(value, create)
  File "/dicom_filter/app/extractor_filter.py", line 273, in encrypt_patient_id
    our_patient_id = self.db_manager.get_insert_patientid(encrypted_id)
  File "/dicom_filter/app/database/db_manager.py", line 169, in get_insert_patientid
    self.cursor.execute(self.db_functions[self.db_config["sql_type"]]["insert_patientid_query"], (encrypted_id, ))
sqlite3.OperationalError: incomplete input
[ERROR] 2021-08-17 02:19:34,675 - Exception on /checkid [GET]
Traceback (most recent call last):
  File "/usr/local/lib/python3.9/site-packages/flask/app.py", line 2447, in wsgi_app
    response = self.full_dispatch_request()
  File "/usr/local/lib/python3.9/site-packages/flask/app.py", line 1952, in full_dispatch_request
    rv = self.handle_user_exception(e)
  File "/usr/local/lib/python3.9/site-packages/flask/app.py", line 1821, in handle_user_exception
    reraise(exc_type, exc_value, tb)
  File "/usr/local/lib/python3.9/site-packages/flask/_compat.py", line 39, in reraise
    raise value
  File "/usr/local/lib/python3.9/site-packages/flask/app.py", line 1950, in full_dispatch_request
    rv = self.dispatch_request()
  File "/usr/local/lib/python3.9/site-packages/flask/app.py", line 1936, in dispatch_request
    return self.view_functions[rule.endpoint](**req.view_args)
  File "/dicom_filter/app/routes.py", line 41, in checkid
    encrypted_id = filter.encrypt_patient_id(value, create)
  File "/dicom_filter/app/extractor_filter.py", line 273, in encrypt_patient_id
    our_patient_id = self.db_manager.get_insert_patientid(encrypted_id)
  File "/dicom_filter/app/database/db_manager.py", line 169, in get_insert_patientid
    self.cursor.execute(self.db_functions[self.db_config["sql_type"]]["insert_patientid_query"], (encrypted_id, ))
sqlite3.OperationalError: incomplete input
[ERROR] 2021-08-17 02:19:34,677 - Exception on /checkid [GET]
Traceback (most recent call last):
  File "/usr/local/lib/python3.9/site-packages/flask/app.py", line 2447, in wsgi_app
    response = self.full_dispatch_request()
  File "/usr/local/lib/python3.9/site-packages/flask/app.py", line 1952, in full_dispatch_request
    rv = self.handle_user_exception(e)
  File "/usr/local/lib/python3.9/site-packages/flask/app.py", line 1821, in handle_user_exception
    reraise(exc_type, exc_value, tb)
  File "/usr/local/lib/python3.9/site-packages/flask/_compat.py", line 39, in reraise
    raise value
  File "/usr/local/lib/python3.9/site-packages/flask/app.py", line 1950, in full_dispatch_request
    rv = self.dispatch_request()
  File "/usr/local/lib/python3.9/site-packages/flask/app.py", line 1936, in dispatch_request
    return self.view_functions[rule.endpoint](**req.view_args)
  File "/dicom_filter/app/routes.py", line 41, in checkid
    encrypted_id = filter.encrypt_patient_id(value, create)
  File "/dicom_filter/app/extractor_filter.py", line 273, in encrypt_patient_id
    our_patient_id = self.db_manager.get_insert_patientid(encrypted_id)
  File "/dicom_filter/app/database/db_manager.py", line 169, in get_insert_patientid
    self.cursor.execute(self.db_functions[self.db_config["sql_type"]]["insert_patientid_query"], (encrypted_id, ))
sqlite3.OperationalError: incomplete input
[ERROR] 2021-08-17 02:23:13,708 - Unexpected exception at encrypt_patient_id(): incomplete input
[ERROR] 2021-08-17 02:23:13,710 - Unexpected exception at encrypt_patient_id(): incomplete input
[ERROR] 2021-08-17 02:23:13,711 - Unexpected exception at encrypt_patient_id(): incomplete input
[ERROR] 2021-08-17 02:23:13,711 - Unexpected exception at encrypt_patient_id(): incomplete input
[ERROR] 2021-08-17 02:23:13,713 - Exception on /checkid [GET]
Traceback (most recent call last):
  File "/usr/local/lib/python3.9/site-packages/flask/app.py", line 2447, in wsgi_app
    response = self.full_dispatch_request()
  File "/usr/local/lib/python3.9/site-packages/flask/app.py", line 1952, in full_dispatch_request
    rv = self.handle_user_exception(e)
  File "/usr/local/lib/python3.9/site-packages/flask/app.py", line 1821, in handle_user_exception
    reraise(exc_type, exc_value, tb)
  File "/usr/local/lib/python3.9/site-packages/flask/_compat.py", line 39, in reraise
    raise value
  File "/usr/local/lib/python3.9/site-packages/flask/app.py", line 1950, in full_dispatch_request
    rv = self.dispatch_request()
  File "/usr/local/lib/python3.9/site-packages/flask/app.py", line 1936, in dispatch_request
    return self.view_functions[rule.endpoint](**req.view_args)
  File "/dicom_filter/app/routes.py", line 41, in checkid
    encrypted_id = filter.encrypt_patient_id(value, create)
  File "/dicom_filter/app/extractor_filter.py", line 273, in encrypt_patient_id
    our_patient_id = self.db_manager.get_insert_patientid(encrypted_id)
  File "/dicom_filter/app/database/db_manager.py", line 169, in get_insert_patientid
    self.cursor.execute(self.db_functions[self.db_config["sql_type"]]["insert_patientid_query"], (encrypted_id, ))
sqlite3.OperationalError: incomplete input
[ERROR] 2021-08-17 02:23:13,714 - Unexpected exception at encrypt_patient_id(): incomplete input
[ERROR] 2021-08-17 02:23:13,715 - Exception on /checkid [GET]
Traceback (most recent call last):
  File "/usr/local/lib/python3.9/site-packages/flask/app.py", line 2447, in wsgi_app
    response = self.full_dispatch_request()
  File "/usr/local/lib/python3.9/site-packages/flask/app.py", line 1952, in full_dispatch_request
    rv = self.handle_user_exception(e)
  File "/usr/local/lib/python3.9/site-packages/flask/app.py", line 1821, in handle_user_exception
    reraise(exc_type, exc_value, tb)
  File "/usr/local/lib/python3.9/site-packages/flask/_compat.py", line 39, in reraise
    raise value
  File "/usr/local/lib/python3.9/site-packages/flask/app.py", line 1950, in full_dispatch_request
    rv = self.dispatch_request()
  File "/usr/local/lib/python3.9/site-packages/flask/app.py", line 1936, in dispatch_request
    return self.view_functions[rule.endpoint](**req.view_args)
  File "/dicom_filter/app/routes.py", line 41, in checkid
    encrypted_id = filter.encrypt_patient_id(value, create)
  File "/dicom_filter/app/extractor_filter.py", line 273, in encrypt_patient_id
    our_patient_id = self.db_manager.get_insert_patientid(encrypted_id)
  File "/dicom_filter/app/database/db_manager.py", line 169, in get_insert_patientid
    self.cursor.execute(self.db_functions[self.db_config["sql_type"]]["insert_patientid_query"], (encrypted_id, ))
sqlite3.OperationalError: incomplete input
[ERROR] 2021-08-17 02:23:13,715 - Exception on /checkid [GET]
Traceback (most recent call last):
  File "/usr/local/lib/python3.9/site-packages/flask/app.py", line 2447, in wsgi_app
    response = self.full_dispatch_request()
  File "/usr/local/lib/python3.9/site-packages/flask/app.py", line 1952, in full_dispatch_request
    rv = self.handle_user_exception(e)
  File "/usr/local/lib/python3.9/site-packages/flask/app.py", line 1821, in handle_user_exception
    reraise(exc_type, exc_value, tb)
  File "/usr/local/lib/python3.9/site-packages/flask/_compat.py", line 39, in reraise
    raise value
  File "/usr/local/lib/python3.9/site-packages/flask/app.py", line 1950, in full_dispatch_request
    rv = self.dispatch_request()
  File "/usr/local/lib/python3.9/site-packages/flask/app.py", line 1936, in dispatch_request
    return self.view_functions[rule.endpoint](**req.view_args)
  File "/dicom_filter/app/routes.py", line 41, in checkid
    encrypted_id = filter.encrypt_patient_id(value, create)
  File "/dicom_filter/app/extractor_filter.py", line 273, in encrypt_patient_id
    our_patient_id = self.db_manager.get_insert_patientid(encrypted_id)
  File "/dicom_filter/app/database/db_manager.py", line 169, in get_insert_patientid
    self.cursor.execute(self.db_functions[self.db_config["sql_type"]]["insert_patientid_query"], (encrypted_id, ))
sqlite3.OperationalError: incomplete input
[ERROR] 2021-08-17 02:23:13,717 - Exception on /checkid [GET]
Traceback (most recent call last):
  File "/usr/local/lib/python3.9/site-packages/flask/app.py", line 2447, in wsgi_app
    response = self.full_dispatch_request()
  File "/usr/local/lib/python3.9/site-packages/flask/app.py", line 1952, in full_dispatch_request
    rv = self.handle_user_exception(e)
  File "/usr/local/lib/python3.9/site-packages/flask/app.py", line 1821, in handle_user_exception
    reraise(exc_type, exc_value, tb)
  File "/usr/local/lib/python3.9/site-packages/flask/_compat.py", line 39, in reraise
    raise value
  File "/usr/local/lib/python3.9/site-packages/flask/app.py", line 1950, in full_dispatch_request
    rv = self.dispatch_request()
  File "/usr/local/lib/python3.9/site-packages/flask/app.py", line 1936, in dispatch_request
    return self.view_functions[rule.endpoint](**req.view_args)
  File "/dicom_filter/app/routes.py", line 41, in checkid
    encrypted_id = filter.encrypt_patient_id(value, create)
  File "/dicom_filter/app/extractor_filter.py", line 273, in encrypt_patient_id
    our_patient_id = self.db_manager.get_insert_patientid(encrypted_id)
  File "/dicom_filter/app/database/db_manager.py", line 169, in get_insert_patientid
    self.cursor.execute(self.db_functions[self.db_config["sql_type"]]["insert_patientid_query"], (encrypted_id, ))
sqlite3.OperationalError: incomplete input
[ERROR] 2021-08-17 02:23:13,721 - Exception on /checkid [GET]
Traceback (most recent call last):
  File "/usr/local/lib/python3.9/site-packages/flask/app.py", line 2447, in wsgi_app
    response = self.full_dispatch_request()
  File "/usr/local/lib/python3.9/site-packages/flask/app.py", line 1952, in full_dispatch_request
    rv = self.handle_user_exception(e)
  File "/usr/local/lib/python3.9/site-packages/flask/app.py", line 1821, in handle_user_exception
    reraise(exc_type, exc_value, tb)
  File "/usr/local/lib/python3.9/site-packages/flask/_compat.py", line 39, in reraise
    raise value
  File "/usr/local/lib/python3.9/site-packages/flask/app.py", line 1950, in full_dispatch_request
    rv = self.dispatch_request()
  File "/usr/local/lib/python3.9/site-packages/flask/app.py", line 1936, in dispatch_request
    return self.view_functions[rule.endpoint](**req.view_args)
  File "/dicom_filter/app/routes.py", line 41, in checkid
    encrypted_id = filter.encrypt_patient_id(value, create)
  File "/dicom_filter/app/extractor_filter.py", line 273, in encrypt_patient_id
    our_patient_id = self.db_manager.get_insert_patientid(encrypted_id)
  File "/dicom_filter/app/database/db_manager.py", line 169, in get_insert_patientid
    self.cursor.execute(self.db_functions[self.db_config["sql_type"]]["insert_patientid_query"], (encrypted_id, ))
sqlite3.OperationalError: incomplete input
[ERROR] 2021-08-17 14:14:39,583 - Unexpected exception at encrypt_patient_id(): incomplete input
[ERROR] 2021-08-17 14:14:39,583 - Unexpected exception at encrypt_patient_id(): incomplete input
[ERROR] 2021-08-17 14:14:39,583 - Unexpected exception at encrypt_patient_id(): incomplete input
[ERROR] 2021-08-17 14:14:39,584 - Unexpected exception at encrypt_patient_id(): incomplete input
[ERROR] 2021-08-17 14:14:39,585 - Unexpected exception at encrypt_patient_id(): incomplete input
[ERROR] 2021-08-17 14:14:39,589 - Exception on /checkid [GET]
Traceback (most recent call last):
  File "/usr/local/lib/python3.9/site-packages/flask/app.py", line 2447, in wsgi_app
    response = self.full_dispatch_request()
  File "/usr/local/lib/python3.9/site-packages/flask/app.py", line 1952, in full_dispatch_request
    rv = self.handle_user_exception(e)
  File "/usr/local/lib/python3.9/site-packages/flask/app.py", line 1821, in handle_user_exception
    reraise(exc_type, exc_value, tb)
  File "/usr/local/lib/python3.9/site-packages/flask/_compat.py", line 39, in reraise
    raise value
  File "/usr/local/lib/python3.9/site-packages/flask/app.py", line 1950, in full_dispatch_request
    rv = self.dispatch_request()
  File "/usr/local/lib/python3.9/site-packages/flask/app.py", line 1936, in dispatch_request
    return self.view_functions[rule.endpoint](**req.view_args)
  File "/dicom_filter/app/routes.py", line 41, in checkid
    encrypted_id = filter.encrypt_patient_id(value, create)
  File "/dicom_filter/app/extractor_filter.py", line 273, in encrypt_patient_id
    our_patient_id = self.db_manager.get_insert_patientid(encrypted_id)
  File "/dicom_filter/app/database/db_manager.py", line 169, in get_insert_patientid
    self.cursor.execute(self.db_functions[self.db_config["sql_type"]]["insert_patientid_query"], (encrypted_id, ))
sqlite3.OperationalError: incomplete input
[ERROR] 2021-08-17 14:14:39,590 - Exception on /checkid [GET]
Traceback (most recent call last):
  File "/usr/local/lib/python3.9/site-packages/flask/app.py", line 2447, in wsgi_app
    response = self.full_dispatch_request()
  File "/usr/local/lib/python3.9/site-packages/flask/app.py", line 1952, in full_dispatch_request
    rv = self.handle_user_exception(e)
  File "/usr/local/lib/python3.9/site-packages/flask/app.py", line 1821, in handle_user_exception
    reraise(exc_type, exc_value, tb)
  File "/usr/local/lib/python3.9/site-packages/flask/_compat.py", line 39, in reraise
    raise value
  File "/usr/local/lib/python3.9/site-packages/flask/app.py", line 1950, in full_dispatch_request
    rv = self.dispatch_request()
  File "/usr/local/lib/python3.9/site-packages/flask/app.py", line 1936, in dispatch_request
    return self.view_functions[rule.endpoint](**req.view_args)
  File "/dicom_filter/app/routes.py", line 41, in checkid
    encrypted_id = filter.encrypt_patient_id(value, create)
  File "/dicom_filter/app/extractor_filter.py", line 273, in encrypt_patient_id
    our_patient_id = self.db_manager.get_insert_patientid(encrypted_id)
  File "/dicom_filter/app/database/db_manager.py", line 169, in get_insert_patientid
    self.cursor.execute(self.db_functions[self.db_config["sql_type"]]["insert_patientid_query"], (encrypted_id, ))
sqlite3.OperationalError: incomplete input
[ERROR] 2021-08-17 14:14:39,591 - Exception on /checkid [GET]
Traceback (most recent call last):
  File "/usr/local/lib/python3.9/site-packages/flask/app.py", line 2447, in wsgi_app
    response = self.full_dispatch_request()
  File "/usr/local/lib/python3.9/site-packages/flask/app.py", line 1952, in full_dispatch_request
    rv = self.handle_user_exception(e)
  File "/usr/local/lib/python3.9/site-packages/flask/app.py", line 1821, in handle_user_exception
    reraise(exc_type, exc_value, tb)
  File "/usr/local/lib/python3.9/site-packages/flask/_compat.py", line 39, in reraise
    raise value
  File "/usr/local/lib/python3.9/site-packages/flask/app.py", line 1950, in full_dispatch_request
    rv = self.dispatch_request()
  File "/usr/local/lib/python3.9/site-packages/flask/app.py", line 1936, in dispatch_request
    return self.view_functions[rule.endpoint](**req.view_args)
  File "/dicom_filter/app/routes.py", line 41, in checkid
    encrypted_id = filter.encrypt_patient_id(value, create)
  File "/dicom_filter/app/extractor_filter.py", line 273, in encrypt_patient_id
    our_patient_id = self.db_manager.get_insert_patientid(encrypted_id)
  File "/dicom_filter/app/database/db_manager.py", line 169, in get_insert_patientid
    self.cursor.execute(self.db_functions[self.db_config["sql_type"]]["insert_patientid_query"], (encrypted_id, ))
sqlite3.OperationalError: incomplete input
[ERROR] 2021-08-17 14:14:39,594 - Exception on /checkid [GET]
Traceback (most recent call last):
  File "/usr/local/lib/python3.9/site-packages/flask/app.py", line 2447, in wsgi_app
    response = self.full_dispatch_request()
  File "/usr/local/lib/python3.9/site-packages/flask/app.py", line 1952, in full_dispatch_request
    rv = self.handle_user_exception(e)
  File "/usr/local/lib/python3.9/site-packages/flask/app.py", line 1821, in handle_user_exception
    reraise(exc_type, exc_value, tb)
  File "/usr/local/lib/python3.9/site-packages/flask/_compat.py", line 39, in reraise
    raise value
  File "/usr/local/lib/python3.9/site-packages/flask/app.py", line 1950, in full_dispatch_request
    rv = self.dispatch_request()
  File "/usr/local/lib/python3.9/site-packages/flask/app.py", line 1936, in dispatch_request
    return self.view_functions[rule.endpoint](**req.view_args)
  File "/dicom_filter/app/routes.py", line 41, in checkid
    encrypted_id = filter.encrypt_patient_id(value, create)
  File "/dicom_filter/app/extractor_filter.py", line 273, in encrypt_patient_id
    our_patient_id = self.db_manager.get_insert_patientid(encrypted_id)
  File "/dicom_filter/app/database/db_manager.py", line 169, in get_insert_patientid
    self.cursor.execute(self.db_functions[self.db_config["sql_type"]]["insert_patientid_query"], (encrypted_id, ))
sqlite3.OperationalError: incomplete input
[ERROR] 2021-08-17 14:14:39,596 - Exception on /checkid [GET]
Traceback (most recent call last):
  File "/usr/local/lib/python3.9/site-packages/flask/app.py", line 2447, in wsgi_app
    response = self.full_dispatch_request()
  File "/usr/local/lib/python3.9/site-packages/flask/app.py", line 1952, in full_dispatch_request
    rv = self.handle_user_exception(e)
  File "/usr/local/lib/python3.9/site-packages/flask/app.py", line 1821, in handle_user_exception
    reraise(exc_type, exc_value, tb)
  File "/usr/local/lib/python3.9/site-packages/flask/_compat.py", line 39, in reraise
    raise value
  File "/usr/local/lib/python3.9/site-packages/flask/app.py", line 1950, in full_dispatch_request
    rv = self.dispatch_request()
  File "/usr/local/lib/python3.9/site-packages/flask/app.py", line 1936, in dispatch_request
    return self.view_functions[rule.endpoint](**req.view_args)
  File "/dicom_filter/app/routes.py", line 41, in checkid
    encrypted_id = filter.encrypt_patient_id(value, create)
  File "/dicom_filter/app/extractor_filter.py", line 273, in encrypt_patient_id
    our_patient_id = self.db_manager.get_insert_patientid(encrypted_id)
  File "/dicom_filter/app/database/db_manager.py", line 169, in get_insert_patientid
    self.cursor.execute(self.db_functions[self.db_config["sql_type"]]["insert_patientid_query"], (encrypted_id, ))
sqlite3.OperationalError: incomplete input
[ERROR] 2021-08-17 14:20:48,867 - Unexpected exception at encrypt_patient_id(): incomplete input
[ERROR] 2021-08-17 14:20:48,873 - Exception on /checkid [GET]
Traceback (most recent call last):
  File "/usr/local/lib/python3.9/site-packages/flask/app.py", line 2447, in wsgi_app
    response = self.full_dispatch_request()
  File "/usr/local/lib/python3.9/site-packages/flask/app.py", line 1952, in full_dispatch_request
    rv = self.handle_user_exception(e)
  File "/usr/local/lib/python3.9/site-packages/flask/app.py", line 1821, in handle_user_exception
    reraise(exc_type, exc_value, tb)
  File "/usr/local/lib/python3.9/site-packages/flask/_compat.py", line 39, in reraise
    raise value
  File "/usr/local/lib/python3.9/site-packages/flask/app.py", line 1950, in full_dispatch_request
    rv = self.dispatch_request()
  File "/usr/local/lib/python3.9/site-packages/flask/app.py", line 1936, in dispatch_request
    return self.view_functions[rule.endpoint](**req.view_args)
  File "/dicom_filter/app/routes.py", line 41, in checkid
    encrypted_id = filter.encrypt_patient_id(value, create)
  File "/dicom_filter/app/extractor_filter.py", line 273, in encrypt_patient_id
    our_patient_id = self.db_manager.get_insert_patientid(encrypted_id)
  File "/dicom_filter/app/database/db_manager.py", line 169, in get_insert_patientid
    self.cursor.execute(self.db_functions[self.db_config["sql_type"]]["insert_patientid_query"], (encrypted_id, ))
sqlite3.OperationalError: incomplete input
[ERROR] 2021-08-17 14:20:48,875 - Unexpected exception at encrypt_patient_id(): incomplete input
[ERROR] 2021-08-17 14:20:48,880 - Unexpected exception at encrypt_patient_id(): incomplete input
[ERROR] 2021-08-17 14:20:48,881 - Unexpected exception at encrypt_patient_id(): incomplete input
[ERROR] 2021-08-17 14:20:48,881 - Unexpected exception at encrypt_patient_id(): incomplete input
[ERROR] 2021-08-17 14:20:48,882 - Exception on /checkid [GET]
Traceback (most recent call last):
  File "/usr/local/lib/python3.9/site-packages/flask/app.py", line 2447, in wsgi_app
    response = self.full_dispatch_request()
  File "/usr/local/lib/python3.9/site-packages/flask/app.py", line 1952, in full_dispatch_request
    rv = self.handle_user_exception(e)
  File "/usr/local/lib/python3.9/site-packages/flask/app.py", line 1821, in handle_user_exception
    reraise(exc_type, exc_value, tb)
  File "/usr/local/lib/python3.9/site-packages/flask/_compat.py", line 39, in reraise
    raise value
  File "/usr/local/lib/python3.9/site-packages/flask/app.py", line 1950, in full_dispatch_request
    rv = self.dispatch_request()
  File "/usr/local/lib/python3.9/site-packages/flask/app.py", line 1936, in dispatch_request
    return self.view_functions[rule.endpoint](**req.view_args)
  File "/dicom_filter/app/routes.py", line 41, in checkid
    encrypted_id = filter.encrypt_patient_id(value, create)
  File "/dicom_filter/app/extractor_filter.py", line 273, in encrypt_patient_id
    our_patient_id = self.db_manager.get_insert_patientid(encrypted_id)
  File "/dicom_filter/app/database/db_manager.py", line 169, in get_insert_patientid
    self.cursor.execute(self.db_functions[self.db_config["sql_type"]]["insert_patientid_query"], (encrypted_id, ))
sqlite3.OperationalError: incomplete input
[ERROR] 2021-08-17 14:20:48,883 - Exception on /checkid [GET]
Traceback (most recent call last):
  File "/usr/local/lib/python3.9/site-packages/flask/app.py", line 2447, in wsgi_app
    response = self.full_dispatch_request()
  File "/usr/local/lib/python3.9/site-packages/flask/app.py", line 1952, in full_dispatch_request
    rv = self.handle_user_exception(e)
  File "/usr/local/lib/python3.9/site-packages/flask/app.py", line 1821, in handle_user_exception
    reraise(exc_type, exc_value, tb)
  File "/usr/local/lib/python3.9/site-packages/flask/_compat.py", line 39, in reraise
    raise value
  File "/usr/local/lib/python3.9/site-packages/flask/app.py", line 1950, in full_dispatch_request
    rv = self.dispatch_request()
  File "/usr/local/lib/python3.9/site-packages/flask/app.py", line 1936, in dispatch_request
    return self.view_functions[rule.endpoint](**req.view_args)
  File "/dicom_filter/app/routes.py", line 41, in checkid
    encrypted_id = filter.encrypt_patient_id(value, create)
  File "/dicom_filter/app/extractor_filter.py", line 273, in encrypt_patient_id
    our_patient_id = self.db_manager.get_insert_patientid(encrypted_id)
  File "/dicom_filter/app/database/db_manager.py", line 169, in get_insert_patientid
    self.cursor.execute(self.db_functions[self.db_config["sql_type"]]["insert_patientid_query"], (encrypted_id, ))
sqlite3.OperationalError: incomplete input
[ERROR] 2021-08-17 14:20:48,885 - Exception on /checkid [GET]
Traceback (most recent call last):
  File "/usr/local/lib/python3.9/site-packages/flask/app.py", line 2447, in wsgi_app
    response = self.full_dispatch_request()
  File "/usr/local/lib/python3.9/site-packages/flask/app.py", line 1952, in full_dispatch_request
    rv = self.handle_user_exception(e)
  File "/usr/local/lib/python3.9/site-packages/flask/app.py", line 1821, in handle_user_exception
    reraise(exc_type, exc_value, tb)
  File "/usr/local/lib/python3.9/site-packages/flask/_compat.py", line 39, in reraise
    raise value
  File "/usr/local/lib/python3.9/site-packages/flask/app.py", line 1950, in full_dispatch_request
    rv = self.dispatch_request()
  File "/usr/local/lib/python3.9/site-packages/flask/app.py", line 1936, in dispatch_request
    return self.view_functions[rule.endpoint](**req.view_args)
  File "/dicom_filter/app/routes.py", line 41, in checkid
    encrypted_id = filter.encrypt_patient_id(value, create)
  File "/dicom_filter/app/extractor_filter.py", line 273, in encrypt_patient_id
    our_patient_id = self.db_manager.get_insert_patientid(encrypted_id)
  File "/dicom_filter/app/database/db_manager.py", line 169, in get_insert_patientid
    self.cursor.execute(self.db_functions[self.db_config["sql_type"]]["insert_patientid_query"], (encrypted_id, ))
sqlite3.OperationalError: incomplete input
[ERROR] 2021-08-17 14:20:48,887 - Exception on /checkid [GET]
Traceback (most recent call last):
  File "/usr/local/lib/python3.9/site-packages/flask/app.py", line 2447, in wsgi_app
    response = self.full_dispatch_request()
  File "/usr/local/lib/python3.9/site-packages/flask/app.py", line 1952, in full_dispatch_request
    rv = self.handle_user_exception(e)
  File "/usr/local/lib/python3.9/site-packages/flask/app.py", line 1821, in handle_user_exception
    reraise(exc_type, exc_value, tb)
  File "/usr/local/lib/python3.9/site-packages/flask/_compat.py", line 39, in reraise
    raise value
  File "/usr/local/lib/python3.9/site-packages/flask/app.py", line 1950, in full_dispatch_request
    rv = self.dispatch_request()
  File "/usr/local/lib/python3.9/site-packages/flask/app.py", line 1936, in dispatch_request
    return self.view_functions[rule.endpoint](**req.view_args)
  File "/dicom_filter/app/routes.py", line 41, in checkid
    encrypted_id = filter.encrypt_patient_id(value, create)
  File "/dicom_filter/app/extractor_filter.py", line 273, in encrypt_patient_id
    our_patient_id = self.db_manager.get_insert_patientid(encrypted_id)
  File "/dicom_filter/app/database/db_manager.py", line 169, in get_insert_patientid
    self.cursor.execute(self.db_functions[self.db_config["sql_type"]]["insert_patientid_query"], (encrypted_id, ))
sqlite3.OperationalError: incomplete input
[ERROR] 2021-08-17 14:38:38,096 - Unexpected exception at encrypt_patient_id(): incomplete input
[ERROR] 2021-08-17 14:38:38,097 - Unexpected exception at encrypt_patient_id(): incomplete input
[ERROR] 2021-08-17 14:38:38,098 - Unexpected exception at encrypt_patient_id(): incomplete input
[ERROR] 2021-08-17 14:38:38,099 - Unexpected exception at encrypt_patient_id(): incomplete input
[ERROR] 2021-08-17 14:38:38,099 - Unexpected exception at encrypt_patient_id(): incomplete input
[ERROR] 2021-08-17 14:38:38,102 - Exception on /checkid [GET]
Traceback (most recent call last):
  File "/usr/local/lib/python3.9/site-packages/flask/app.py", line 2447, in wsgi_app
    response = self.full_dispatch_request()
  File "/usr/local/lib/python3.9/site-packages/flask/app.py", line 1952, in full_dispatch_request
    rv = self.handle_user_exception(e)
  File "/usr/local/lib/python3.9/site-packages/flask/app.py", line 1821, in handle_user_exception
    reraise(exc_type, exc_value, tb)
  File "/usr/local/lib/python3.9/site-packages/flask/_compat.py", line 39, in reraise
    raise value
  File "/usr/local/lib/python3.9/site-packages/flask/app.py", line 1950, in full_dispatch_request
    rv = self.dispatch_request()
  File "/usr/local/lib/python3.9/site-packages/flask/app.py", line 1936, in dispatch_request
    return self.view_functions[rule.endpoint](**req.view_args)
  File "/dicom_filter/app/routes.py", line 41, in checkid
    encrypted_id = filter.encrypt_patient_id(value, create)
  File "/dicom_filter/app/extractor_filter.py", line 273, in encrypt_patient_id
    our_patient_id = self.db_manager.get_insert_patientid(encrypted_id)
  File "/dicom_filter/app/database/db_manager.py", line 169, in get_insert_patientid
    self.cursor.execute(self.db_functions[self.db_config["sql_type"]]["insert_patientid_query"], (encrypted_id, ))
sqlite3.OperationalError: incomplete input
[ERROR] 2021-08-17 14:38:38,106 - Exception on /checkid [GET]
Traceback (most recent call last):
  File "/usr/local/lib/python3.9/site-packages/flask/app.py", line 2447, in wsgi_app
    response = self.full_dispatch_request()
  File "/usr/local/lib/python3.9/site-packages/flask/app.py", line 1952, in full_dispatch_request
    rv = self.handle_user_exception(e)
  File "/usr/local/lib/python3.9/site-packages/flask/app.py", line 1821, in handle_user_exception
    reraise(exc_type, exc_value, tb)
  File "/usr/local/lib/python3.9/site-packages/flask/_compat.py", line 39, in reraise
    raise value
  File "/usr/local/lib/python3.9/site-packages/flask/app.py", line 1950, in full_dispatch_request
    rv = self.dispatch_request()
  File "/usr/local/lib/python3.9/site-packages/flask/app.py", line 1936, in dispatch_request
    return self.view_functions[rule.endpoint](**req.view_args)
  File "/dicom_filter/app/routes.py", line 41, in checkid
    encrypted_id = filter.encrypt_patient_id(value, create)
  File "/dicom_filter/app/extractor_filter.py", line 273, in encrypt_patient_id
    our_patient_id = self.db_manager.get_insert_patientid(encrypted_id)
  File "/dicom_filter/app/database/db_manager.py", line 169, in get_insert_patientid
    self.cursor.execute(self.db_functions[self.db_config["sql_type"]]["insert_patientid_query"], (encrypted_id, ))
sqlite3.OperationalError: incomplete input
[ERROR] 2021-08-17 14:38:38,108 - Exception on /checkid [GET]
Traceback (most recent call last):
  File "/usr/local/lib/python3.9/site-packages/flask/app.py", line 2447, in wsgi_app
    response = self.full_dispatch_request()
  File "/usr/local/lib/python3.9/site-packages/flask/app.py", line 1952, in full_dispatch_request
    rv = self.handle_user_exception(e)
  File "/usr/local/lib/python3.9/site-packages/flask/app.py", line 1821, in handle_user_exception
    reraise(exc_type, exc_value, tb)
  File "/usr/local/lib/python3.9/site-packages/flask/_compat.py", line 39, in reraise
    raise value
  File "/usr/local/lib/python3.9/site-packages/flask/app.py", line 1950, in full_dispatch_request
    rv = self.dispatch_request()
  File "/usr/local/lib/python3.9/site-packages/flask/app.py", line 1936, in dispatch_request
    return self.view_functions[rule.endpoint](**req.view_args)
  File "/dicom_filter/app/routes.py", line 41, in checkid
    encrypted_id = filter.encrypt_patient_id(value, create)
  File "/dicom_filter/app/extractor_filter.py", line 273, in encrypt_patient_id
    our_patient_id = self.db_manager.get_insert_patientid(encrypted_id)
  File "/dicom_filter/app/database/db_manager.py", line 169, in get_insert_patientid
    self.cursor.execute(self.db_functions[self.db_config["sql_type"]]["insert_patientid_query"], (encrypted_id, ))
sqlite3.OperationalError: incomplete input
[ERROR] 2021-08-17 14:38:38,111 - Exception on /checkid [GET]
Traceback (most recent call last):
  File "/usr/local/lib/python3.9/site-packages/flask/app.py", line 2447, in wsgi_app
    response = self.full_dispatch_request()
  File "/usr/local/lib/python3.9/site-packages/flask/app.py", line 1952, in full_dispatch_request
    rv = self.handle_user_exception(e)
  File "/usr/local/lib/python3.9/site-packages/flask/app.py", line 1821, in handle_user_exception
    reraise(exc_type, exc_value, tb)
  File "/usr/local/lib/python3.9/site-packages/flask/_compat.py", line 39, in reraise
    raise value
  File "/usr/local/lib/python3.9/site-packages/flask/app.py", line 1950, in full_dispatch_request
    rv = self.dispatch_request()
  File "/usr/local/lib/python3.9/site-packages/flask/app.py", line 1936, in dispatch_request
    return self.view_functions[rule.endpoint](**req.view_args)
  File "/dicom_filter/app/routes.py", line 41, in checkid
    encrypted_id = filter.encrypt_patient_id(value, create)
  File "/dicom_filter/app/extractor_filter.py", line 273, in encrypt_patient_id
    our_patient_id = self.db_manager.get_insert_patientid(encrypted_id)
  File "/dicom_filter/app/database/db_manager.py", line 169, in get_insert_patientid
    self.cursor.execute(self.db_functions[self.db_config["sql_type"]]["insert_patientid_query"], (encrypted_id, ))
sqlite3.OperationalError: incomplete input
[ERROR] 2021-08-17 14:38:38,112 - Exception on /checkid [GET]
Traceback (most recent call last):
  File "/usr/local/lib/python3.9/site-packages/flask/app.py", line 2447, in wsgi_app
    response = self.full_dispatch_request()
  File "/usr/local/lib/python3.9/site-packages/flask/app.py", line 1952, in full_dispatch_request
    rv = self.handle_user_exception(e)
  File "/usr/local/lib/python3.9/site-packages/flask/app.py", line 1821, in handle_user_exception
    reraise(exc_type, exc_value, tb)
  File "/usr/local/lib/python3.9/site-packages/flask/_compat.py", line 39, in reraise
    raise value
  File "/usr/local/lib/python3.9/site-packages/flask/app.py", line 1950, in full_dispatch_request
    rv = self.dispatch_request()
  File "/usr/local/lib/python3.9/site-packages/flask/app.py", line 1936, in dispatch_request
    return self.view_functions[rule.endpoint](**req.view_args)
  File "/dicom_filter/app/routes.py", line 41, in checkid
    encrypted_id = filter.encrypt_patient_id(value, create)
  File "/dicom_filter/app/extractor_filter.py", line 273, in encrypt_patient_id
    our_patient_id = self.db_manager.get_insert_patientid(encrypted_id)
  File "/dicom_filter/app/database/db_manager.py", line 169, in get_insert_patientid
    self.cursor.execute(self.db_functions[self.db_config["sql_type"]]["insert_patientid_query"], (encrypted_id, ))
sqlite3.OperationalError: incomplete input
[ERROR] 2021-08-20 20:49:46,319 - Unexpected exception at encrypt_patient_id(): incomplete input
[ERROR] 2021-08-20 20:49:46,323 - Exception on /checkid [GET]
Traceback (most recent call last):
  File "/usr/local/lib/python3.9/site-packages/flask/app.py", line 2447, in wsgi_app
    response = self.full_dispatch_request()
  File "/usr/local/lib/python3.9/site-packages/flask/app.py", line 1952, in full_dispatch_request
    rv = self.handle_user_exception(e)
  File "/usr/local/lib/python3.9/site-packages/flask/app.py", line 1821, in handle_user_exception
    reraise(exc_type, exc_value, tb)
  File "/usr/local/lib/python3.9/site-packages/flask/_compat.py", line 39, in reraise
    raise value
  File "/usr/local/lib/python3.9/site-packages/flask/app.py", line 1950, in full_dispatch_request
    rv = self.dispatch_request()
  File "/usr/local/lib/python3.9/site-packages/flask/app.py", line 1936, in dispatch_request
    return self.view_functions[rule.endpoint](**req.view_args)
  File "/dicom_filter/app/routes.py", line 41, in checkid
    encrypted_id = filter.encrypt_patient_id(value, create)
  File "/dicom_filter/app/extractor_filter.py", line 273, in encrypt_patient_id
    our_patient_id = self.db_manager.get_insert_patientid(encrypted_id)
  File "/dicom_filter/app/database/db_manager.py", line 169, in get_insert_patientid
    self.cursor.execute(self.db_functions[self.db_config["sql_type"]]["insert_patientid_query"], (encrypted_id, ))
sqlite3.OperationalError: incomplete input
[ERROR] 2021-08-20 20:49:46,325 - Unexpected exception at encrypt_patient_id(): incomplete input
[ERROR] 2021-08-20 20:49:46,325 - Unexpected exception at encrypt_patient_id(): incomplete input
[ERROR] 2021-08-20 20:49:46,326 - Unexpected exception at encrypt_patient_id(): incomplete input
[ERROR] 2021-08-20 20:49:46,326 - Unexpected exception at encrypt_patient_id(): incomplete input
[ERROR] 2021-08-20 20:49:46,333 - Exception on /checkid [GET]
Traceback (most recent call last):
  File "/usr/local/lib/python3.9/site-packages/flask/app.py", line 2447, in wsgi_app
    response = self.full_dispatch_request()
  File "/usr/local/lib/python3.9/site-packages/flask/app.py", line 1952, in full_dispatch_request
    rv = self.handle_user_exception(e)
  File "/usr/local/lib/python3.9/site-packages/flask/app.py", line 1821, in handle_user_exception
    reraise(exc_type, exc_value, tb)
  File "/usr/local/lib/python3.9/site-packages/flask/_compat.py", line 39, in reraise
    raise value
  File "/usr/local/lib/python3.9/site-packages/flask/app.py", line 1950, in full_dispatch_request
    rv = self.dispatch_request()
  File "/usr/local/lib/python3.9/site-packages/flask/app.py", line 1936, in dispatch_request
    return self.view_functions[rule.endpoint](**req.view_args)
  File "/dicom_filter/app/routes.py", line 41, in checkid
    encrypted_id = filter.encrypt_patient_id(value, create)
  File "/dicom_filter/app/extractor_filter.py", line 273, in encrypt_patient_id
    our_patient_id = self.db_manager.get_insert_patientid(encrypted_id)
  File "/dicom_filter/app/database/db_manager.py", line 169, in get_insert_patientid
    self.cursor.execute(self.db_functions[self.db_config["sql_type"]]["insert_patientid_query"], (encrypted_id, ))
sqlite3.OperationalError: incomplete input
[ERROR] 2021-08-20 20:49:46,334 - Exception on /checkid [GET]
Traceback (most recent call last):
  File "/usr/local/lib/python3.9/site-packages/flask/app.py", line 2447, in wsgi_app
    response = self.full_dispatch_request()
  File "/usr/local/lib/python3.9/site-packages/flask/app.py", line 1952, in full_dispatch_request
    rv = self.handle_user_exception(e)
  File "/usr/local/lib/python3.9/site-packages/flask/app.py", line 1821, in handle_user_exception
    reraise(exc_type, exc_value, tb)
  File "/usr/local/lib/python3.9/site-packages/flask/_compat.py", line 39, in reraise
    raise value
  File "/usr/local/lib/python3.9/site-packages/flask/app.py", line 1950, in full_dispatch_request
    rv = self.dispatch_request()
  File "/usr/local/lib/python3.9/site-packages/flask/app.py", line 1936, in dispatch_request
    return self.view_functions[rule.endpoint](**req.view_args)
  File "/dicom_filter/app/routes.py", line 41, in checkid
    encrypted_id = filter.encrypt_patient_id(value, create)
  File "/dicom_filter/app/extractor_filter.py", line 273, in encrypt_patient_id
    our_patient_id = self.db_manager.get_insert_patientid(encrypted_id)
  File "/dicom_filter/app/database/db_manager.py", line 169, in get_insert_patientid
    self.cursor.execute(self.db_functions[self.db_config["sql_type"]]["insert_patientid_query"], (encrypted_id, ))
sqlite3.OperationalError: incomplete input
[ERROR] 2021-08-20 20:49:46,335 - Exception on /checkid [GET]
Traceback (most recent call last):
  File "/usr/local/lib/python3.9/site-packages/flask/app.py", line 2447, in wsgi_app
    response = self.full_dispatch_request()
  File "/usr/local/lib/python3.9/site-packages/flask/app.py", line 1952, in full_dispatch_request
    rv = self.handle_user_exception(e)
  File "/usr/local/lib/python3.9/site-packages/flask/app.py", line 1821, in handle_user_exception
    reraise(exc_type, exc_value, tb)
  File "/usr/local/lib/python3.9/site-packages/flask/_compat.py", line 39, in reraise
    raise value
  File "/usr/local/lib/python3.9/site-packages/flask/app.py", line 1950, in full_dispatch_request
    rv = self.dispatch_request()
  File "/usr/local/lib/python3.9/site-packages/flask/app.py", line 1936, in dispatch_request
    return self.view_functions[rule.endpoint](**req.view_args)
  File "/dicom_filter/app/routes.py", line 41, in checkid
    encrypted_id = filter.encrypt_patient_id(value, create)
  File "/dicom_filter/app/extractor_filter.py", line 273, in encrypt_patient_id
    our_patient_id = self.db_manager.get_insert_patientid(encrypted_id)
  File "/dicom_filter/app/database/db_manager.py", line 169, in get_insert_patientid
    self.cursor.execute(self.db_functions[self.db_config["sql_type"]]["insert_patientid_query"], (encrypted_id, ))
sqlite3.OperationalError: incomplete input
[ERROR] 2021-08-20 20:49:46,335 - Exception on /checkid [GET]
Traceback (most recent call last):
  File "/usr/local/lib/python3.9/site-packages/flask/app.py", line 2447, in wsgi_app
    response = self.full_dispatch_request()
  File "/usr/local/lib/python3.9/site-packages/flask/app.py", line 1952, in full_dispatch_request
    rv = self.handle_user_exception(e)
  File "/usr/local/lib/python3.9/site-packages/flask/app.py", line 1821, in handle_user_exception
    reraise(exc_type, exc_value, tb)
  File "/usr/local/lib/python3.9/site-packages/flask/_compat.py", line 39, in reraise
    raise value
  File "/usr/local/lib/python3.9/site-packages/flask/app.py", line 1950, in full_dispatch_request
    rv = self.dispatch_request()
  File "/usr/local/lib/python3.9/site-packages/flask/app.py", line 1936, in dispatch_request
    return self.view_functions[rule.endpoint](**req.view_args)
  File "/dicom_filter/app/routes.py", line 41, in checkid
    encrypted_id = filter.encrypt_patient_id(value, create)
  File "/dicom_filter/app/extractor_filter.py", line 273, in encrypt_patient_id
    our_patient_id = self.db_manager.get_insert_patientid(encrypted_id)
  File "/dicom_filter/app/database/db_manager.py", line 169, in get_insert_patientid
    self.cursor.execute(self.db_functions[self.db_config["sql_type"]]["insert_patientid_query"], (encrypted_id, ))
sqlite3.OperationalError: incomplete input
[ERROR] 2021-08-20 21:09:55,050 - Unexpected exception at encrypt_patient_id(): incomplete input
[ERROR] 2021-08-20 21:09:55,052 - Unexpected exception at encrypt_patient_id(): incomplete input
[ERROR] 2021-08-20 21:09:55,053 - Unexpected exception at encrypt_patient_id(): incomplete input
[ERROR] 2021-08-20 21:09:55,054 - Exception on /checkid [GET]
Traceback (most recent call last):
  File "/usr/local/lib/python3.9/site-packages/flask/app.py", line 2447, in wsgi_app
    response = self.full_dispatch_request()
  File "/usr/local/lib/python3.9/site-packages/flask/app.py", line 1952, in full_dispatch_request
    rv = self.handle_user_exception(e)
  File "/usr/local/lib/python3.9/site-packages/flask/app.py", line 1821, in handle_user_exception
    reraise(exc_type, exc_value, tb)
  File "/usr/local/lib/python3.9/site-packages/flask/_compat.py", line 39, in reraise
    raise value
  File "/usr/local/lib/python3.9/site-packages/flask/app.py", line 1950, in full_dispatch_request
    rv = self.dispatch_request()
  File "/usr/local/lib/python3.9/site-packages/flask/app.py", line 1936, in dispatch_request
    return self.view_functions[rule.endpoint](**req.view_args)
  File "/dicom_filter/app/routes.py", line 41, in checkid
    encrypted_id = filter.encrypt_patient_id(value, create)
  File "/dicom_filter/app/extractor_filter.py", line 273, in encrypt_patient_id
    our_patient_id = self.db_manager.get_insert_patientid(encrypted_id)
  File "/dicom_filter/app/database/db_manager.py", line 170, in get_insert_patientid
    self.cursor.execute(self.db_functions[self.db_config["sql_type"]]["insert_patientid_query"], (encrypted_id, ))
sqlite3.OperationalError: incomplete input
[ERROR] 2021-08-20 21:09:55,055 - Unexpected exception at encrypt_patient_id(): incomplete input
[ERROR] 2021-08-20 21:09:55,055 - Unexpected exception at encrypt_patient_id(): incomplete input
[ERROR] 2021-08-20 21:09:55,056 - Exception on /checkid [GET]
Traceback (most recent call last):
  File "/usr/local/lib/python3.9/site-packages/flask/app.py", line 2447, in wsgi_app
    response = self.full_dispatch_request()
  File "/usr/local/lib/python3.9/site-packages/flask/app.py", line 1952, in full_dispatch_request
    rv = self.handle_user_exception(e)
  File "/usr/local/lib/python3.9/site-packages/flask/app.py", line 1821, in handle_user_exception
    reraise(exc_type, exc_value, tb)
  File "/usr/local/lib/python3.9/site-packages/flask/_compat.py", line 39, in reraise
    raise value
  File "/usr/local/lib/python3.9/site-packages/flask/app.py", line 1950, in full_dispatch_request
    rv = self.dispatch_request()
  File "/usr/local/lib/python3.9/site-packages/flask/app.py", line 1936, in dispatch_request
    return self.view_functions[rule.endpoint](**req.view_args)
  File "/dicom_filter/app/routes.py", line 41, in checkid
    encrypted_id = filter.encrypt_patient_id(value, create)
  File "/dicom_filter/app/extractor_filter.py", line 273, in encrypt_patient_id
    our_patient_id = self.db_manager.get_insert_patientid(encrypted_id)
  File "/dicom_filter/app/database/db_manager.py", line 170, in get_insert_patientid
    self.cursor.execute(self.db_functions[self.db_config["sql_type"]]["insert_patientid_query"], (encrypted_id, ))
sqlite3.OperationalError: incomplete input
[ERROR] 2021-08-20 21:09:55,058 - Exception on /checkid [GET]
Traceback (most recent call last):
  File "/usr/local/lib/python3.9/site-packages/flask/app.py", line 2447, in wsgi_app
    response = self.full_dispatch_request()
  File "/usr/local/lib/python3.9/site-packages/flask/app.py", line 1952, in full_dispatch_request
    rv = self.handle_user_exception(e)
  File "/usr/local/lib/python3.9/site-packages/flask/app.py", line 1821, in handle_user_exception
    reraise(exc_type, exc_value, tb)
  File "/usr/local/lib/python3.9/site-packages/flask/_compat.py", line 39, in reraise
    raise value
  File "/usr/local/lib/python3.9/site-packages/flask/app.py", line 1950, in full_dispatch_request
    rv = self.dispatch_request()
  File "/usr/local/lib/python3.9/site-packages/flask/app.py", line 1936, in dispatch_request
    return self.view_functions[rule.endpoint](**req.view_args)
  File "/dicom_filter/app/routes.py", line 41, in checkid
    encrypted_id = filter.encrypt_patient_id(value, create)
  File "/dicom_filter/app/extractor_filter.py", line 273, in encrypt_patient_id
    our_patient_id = self.db_manager.get_insert_patientid(encrypted_id)
  File "/dicom_filter/app/database/db_manager.py", line 170, in get_insert_patientid
    self.cursor.execute(self.db_functions[self.db_config["sql_type"]]["insert_patientid_query"], (encrypted_id, ))
sqlite3.OperationalError: incomplete input
[ERROR] 2021-08-20 21:09:55,064 - Exception on /checkid [GET]
Traceback (most recent call last):
  File "/usr/local/lib/python3.9/site-packages/flask/app.py", line 2447, in wsgi_app
    response = self.full_dispatch_request()
  File "/usr/local/lib/python3.9/site-packages/flask/app.py", line 1952, in full_dispatch_request
    rv = self.handle_user_exception(e)
  File "/usr/local/lib/python3.9/site-packages/flask/app.py", line 1821, in handle_user_exception
    reraise(exc_type, exc_value, tb)
  File "/usr/local/lib/python3.9/site-packages/flask/_compat.py", line 39, in reraise
    raise value
  File "/usr/local/lib/python3.9/site-packages/flask/app.py", line 1950, in full_dispatch_request
    rv = self.dispatch_request()
  File "/usr/local/lib/python3.9/site-packages/flask/app.py", line 1936, in dispatch_request
    return self.view_functions[rule.endpoint](**req.view_args)
  File "/dicom_filter/app/routes.py", line 41, in checkid
    encrypted_id = filter.encrypt_patient_id(value, create)
  File "/dicom_filter/app/extractor_filter.py", line 273, in encrypt_patient_id
    our_patient_id = self.db_manager.get_insert_patientid(encrypted_id)
  File "/dicom_filter/app/database/db_manager.py", line 170, in get_insert_patientid
    self.cursor.execute(self.db_functions[self.db_config["sql_type"]]["insert_patientid_query"], (encrypted_id, ))
sqlite3.OperationalError: incomplete input
[ERROR] 2021-08-20 21:09:55,066 - Exception on /checkid [GET]
Traceback (most recent call last):
  File "/usr/local/lib/python3.9/site-packages/flask/app.py", line 2447, in wsgi_app
    response = self.full_dispatch_request()
  File "/usr/local/lib/python3.9/site-packages/flask/app.py", line 1952, in full_dispatch_request
    rv = self.handle_user_exception(e)
  File "/usr/local/lib/python3.9/site-packages/flask/app.py", line 1821, in handle_user_exception
    reraise(exc_type, exc_value, tb)
  File "/usr/local/lib/python3.9/site-packages/flask/_compat.py", line 39, in reraise
    raise value
  File "/usr/local/lib/python3.9/site-packages/flask/app.py", line 1950, in full_dispatch_request
    rv = self.dispatch_request()
  File "/usr/local/lib/python3.9/site-packages/flask/app.py", line 1936, in dispatch_request
    return self.view_functions[rule.endpoint](**req.view_args)
  File "/dicom_filter/app/routes.py", line 41, in checkid
    encrypted_id = filter.encrypt_patient_id(value, create)
  File "/dicom_filter/app/extractor_filter.py", line 273, in encrypt_patient_id
    our_patient_id = self.db_manager.get_insert_patientid(encrypted_id)
  File "/dicom_filter/app/database/db_manager.py", line 170, in get_insert_patientid
    self.cursor.execute(self.db_functions[self.db_config["sql_type"]]["insert_patientid_query"], (encrypted_id, ))
sqlite3.OperationalError: incomplete input
[ERROR] 2021-08-20 21:14:02,133 - Unexpected exception at encrypt_patient_id(): incomplete input
[ERROR] 2021-08-20 21:14:02,136 - Unexpected exception at encrypt_patient_id(): incomplete input
[ERROR] 2021-08-20 21:14:02,137 - Unexpected exception at encrypt_patient_id(): incomplete input
[ERROR] 2021-08-20 21:14:02,137 - Unexpected exception at encrypt_patient_id(): incomplete input
[ERROR] 2021-08-20 21:14:02,137 - Unexpected exception at encrypt_patient_id(): incomplete input
[ERROR] 2021-08-20 21:14:02,139 - Exception on /checkid [GET]
Traceback (most recent call last):
  File "/usr/local/lib/python3.9/site-packages/flask/app.py", line 2447, in wsgi_app
    response = self.full_dispatch_request()
  File "/usr/local/lib/python3.9/site-packages/flask/app.py", line 1952, in full_dispatch_request
    rv = self.handle_user_exception(e)
  File "/usr/local/lib/python3.9/site-packages/flask/app.py", line 1821, in handle_user_exception
    reraise(exc_type, exc_value, tb)
  File "/usr/local/lib/python3.9/site-packages/flask/_compat.py", line 39, in reraise
    raise value
  File "/usr/local/lib/python3.9/site-packages/flask/app.py", line 1950, in full_dispatch_request
    rv = self.dispatch_request()
  File "/usr/local/lib/python3.9/site-packages/flask/app.py", line 1936, in dispatch_request
    return self.view_functions[rule.endpoint](**req.view_args)
  File "/dicom_filter/app/routes.py", line 41, in checkid
    encrypted_id = filter.encrypt_patient_id(value, create)
  File "/dicom_filter/app/extractor_filter.py", line 272, in encrypt_patient_id
    our_patient_id = self.db_manager.get_insert_patientid(encrypted_id)
  File "/dicom_filter/app/database/db_manager.py", line 172, in get_insert_patientid
    self.cursor.execute(self.db_functions[self.db_config["sql_type"]]["insert_patientid_query"], (encrypted_id, ))
sqlite3.OperationalError: incomplete input
[ERROR] 2021-08-20 21:14:02,141 - Exception on /checkid [GET]
Traceback (most recent call last):
  File "/usr/local/lib/python3.9/site-packages/flask/app.py", line 2447, in wsgi_app
    response = self.full_dispatch_request()
  File "/usr/local/lib/python3.9/site-packages/flask/app.py", line 1952, in full_dispatch_request
    rv = self.handle_user_exception(e)
  File "/usr/local/lib/python3.9/site-packages/flask/app.py", line 1821, in handle_user_exception
    reraise(exc_type, exc_value, tb)
  File "/usr/local/lib/python3.9/site-packages/flask/_compat.py", line 39, in reraise
    raise value
  File "/usr/local/lib/python3.9/site-packages/flask/app.py", line 1950, in full_dispatch_request
    rv = self.dispatch_request()
  File "/usr/local/lib/python3.9/site-packages/flask/app.py", line 1936, in dispatch_request
    return self.view_functions[rule.endpoint](**req.view_args)
  File "/dicom_filter/app/routes.py", line 41, in checkid
    encrypted_id = filter.encrypt_patient_id(value, create)
  File "/dicom_filter/app/extractor_filter.py", line 272, in encrypt_patient_id
    our_patient_id = self.db_manager.get_insert_patientid(encrypted_id)
  File "/dicom_filter/app/database/db_manager.py", line 172, in get_insert_patientid
    self.cursor.execute(self.db_functions[self.db_config["sql_type"]]["insert_patientid_query"], (encrypted_id, ))
sqlite3.OperationalError: incomplete input
[ERROR] 2021-08-20 21:14:02,143 - Exception on /checkid [GET]
Traceback (most recent call last):
  File "/usr/local/lib/python3.9/site-packages/flask/app.py", line 2447, in wsgi_app
    response = self.full_dispatch_request()
  File "/usr/local/lib/python3.9/site-packages/flask/app.py", line 1952, in full_dispatch_request
    rv = self.handle_user_exception(e)
  File "/usr/local/lib/python3.9/site-packages/flask/app.py", line 1821, in handle_user_exception
    reraise(exc_type, exc_value, tb)
  File "/usr/local/lib/python3.9/site-packages/flask/_compat.py", line 39, in reraise
    raise value
  File "/usr/local/lib/python3.9/site-packages/flask/app.py", line 1950, in full_dispatch_request
    rv = self.dispatch_request()
  File "/usr/local/lib/python3.9/site-packages/flask/app.py", line 1936, in dispatch_request
    return self.view_functions[rule.endpoint](**req.view_args)
  File "/dicom_filter/app/routes.py", line 41, in checkid
    encrypted_id = filter.encrypt_patient_id(value, create)
  File "/dicom_filter/app/extractor_filter.py", line 272, in encrypt_patient_id
    our_patient_id = self.db_manager.get_insert_patientid(encrypted_id)
  File "/dicom_filter/app/database/db_manager.py", line 172, in get_insert_patientid
    self.cursor.execute(self.db_functions[self.db_config["sql_type"]]["insert_patientid_query"], (encrypted_id, ))
sqlite3.OperationalError: incomplete input
[ERROR] 2021-08-20 21:14:02,144 - Exception on /checkid [GET]
Traceback (most recent call last):
  File "/usr/local/lib/python3.9/site-packages/flask/app.py", line 2447, in wsgi_app
    response = self.full_dispatch_request()
  File "/usr/local/lib/python3.9/site-packages/flask/app.py", line 1952, in full_dispatch_request
    rv = self.handle_user_exception(e)
  File "/usr/local/lib/python3.9/site-packages/flask/app.py", line 1821, in handle_user_exception
    reraise(exc_type, exc_value, tb)
  File "/usr/local/lib/python3.9/site-packages/flask/_compat.py", line 39, in reraise
    raise value
  File "/usr/local/lib/python3.9/site-packages/flask/app.py", line 1950, in full_dispatch_request
    rv = self.dispatch_request()
  File "/usr/local/lib/python3.9/site-packages/flask/app.py", line 1936, in dispatch_request
    return self.view_functions[rule.endpoint](**req.view_args)
  File "/dicom_filter/app/routes.py", line 41, in checkid
    encrypted_id = filter.encrypt_patient_id(value, create)
  File "/dicom_filter/app/extractor_filter.py", line 272, in encrypt_patient_id
    our_patient_id = self.db_manager.get_insert_patientid(encrypted_id)
  File "/dicom_filter/app/database/db_manager.py", line 172, in get_insert_patientid
    self.cursor.execute(self.db_functions[self.db_config["sql_type"]]["insert_patientid_query"], (encrypted_id, ))
sqlite3.OperationalError: incomplete input
[ERROR] 2021-08-20 21:14:02,145 - Exception on /checkid [GET]
Traceback (most recent call last):
  File "/usr/local/lib/python3.9/site-packages/flask/app.py", line 2447, in wsgi_app
    response = self.full_dispatch_request()
  File "/usr/local/lib/python3.9/site-packages/flask/app.py", line 1952, in full_dispatch_request
    rv = self.handle_user_exception(e)
  File "/usr/local/lib/python3.9/site-packages/flask/app.py", line 1821, in handle_user_exception
    reraise(exc_type, exc_value, tb)
  File "/usr/local/lib/python3.9/site-packages/flask/_compat.py", line 39, in reraise
    raise value
  File "/usr/local/lib/python3.9/site-packages/flask/app.py", line 1950, in full_dispatch_request
    rv = self.dispatch_request()
  File "/usr/local/lib/python3.9/site-packages/flask/app.py", line 1936, in dispatch_request
    return self.view_functions[rule.endpoint](**req.view_args)
  File "/dicom_filter/app/routes.py", line 41, in checkid
    encrypted_id = filter.encrypt_patient_id(value, create)
  File "/dicom_filter/app/extractor_filter.py", line 272, in encrypt_patient_id
    our_patient_id = self.db_manager.get_insert_patientid(encrypted_id)
  File "/dicom_filter/app/database/db_manager.py", line 172, in get_insert_patientid
    self.cursor.execute(self.db_functions[self.db_config["sql_type"]]["insert_patientid_query"], (encrypted_id, ))
sqlite3.OperationalError: incomplete input
[ERROR] 2021-08-20 21:16:37,669 - Unexpected exception at encrypt_patient_id(): incomplete input
[ERROR] 2021-08-20 21:16:37,670 - Unexpected exception at encrypt_patient_id(): incomplete input
[ERROR] 2021-08-20 21:16:37,671 - Unexpected exception at encrypt_patient_id(): incomplete input
[ERROR] 2021-08-20 21:16:37,671 - Unexpected exception at encrypt_patient_id(): incomplete input
[ERROR] 2021-08-20 21:16:37,673 - Exception on /checkid [GET]
Traceback (most recent call last):
  File "/usr/local/lib/python3.9/site-packages/flask/app.py", line 2447, in wsgi_app
    response = self.full_dispatch_request()
  File "/usr/local/lib/python3.9/site-packages/flask/app.py", line 1952, in full_dispatch_request
    rv = self.handle_user_exception(e)
  File "/usr/local/lib/python3.9/site-packages/flask/app.py", line 1821, in handle_user_exception
    reraise(exc_type, exc_value, tb)
  File "/usr/local/lib/python3.9/site-packages/flask/_compat.py", line 39, in reraise
    raise value
  File "/usr/local/lib/python3.9/site-packages/flask/app.py", line 1950, in full_dispatch_request
    rv = self.dispatch_request()
  File "/usr/local/lib/python3.9/site-packages/flask/app.py", line 1936, in dispatch_request
    return self.view_functions[rule.endpoint](**req.view_args)
  File "/dicom_filter/app/routes.py", line 41, in checkid
    encrypted_id = filter.encrypt_patient_id(value, create)
  File "/dicom_filter/app/extractor_filter.py", line 272, in encrypt_patient_id
    our_patient_id = self.db_manager.get_insert_patientid(encrypted_id)
  File "/dicom_filter/app/database/db_manager.py", line 171, in get_insert_patientid
    self.cursor.execute(self.db_functions[self.db_config["sql_type"]]["insert_patientid_query"], (encrypted_id, ))
sqlite3.OperationalError: incomplete input
[ERROR] 2021-08-20 21:16:37,673 - Unexpected exception at encrypt_patient_id(): incomplete input
[ERROR] 2021-08-20 21:16:37,676 - Exception on /checkid [GET]
Traceback (most recent call last):
  File "/usr/local/lib/python3.9/site-packages/flask/app.py", line 2447, in wsgi_app
    response = self.full_dispatch_request()
  File "/usr/local/lib/python3.9/site-packages/flask/app.py", line 1952, in full_dispatch_request
    rv = self.handle_user_exception(e)
  File "/usr/local/lib/python3.9/site-packages/flask/app.py", line 1821, in handle_user_exception
    reraise(exc_type, exc_value, tb)
  File "/usr/local/lib/python3.9/site-packages/flask/_compat.py", line 39, in reraise
    raise value
  File "/usr/local/lib/python3.9/site-packages/flask/app.py", line 1950, in full_dispatch_request
    rv = self.dispatch_request()
  File "/usr/local/lib/python3.9/site-packages/flask/app.py", line 1936, in dispatch_request
    return self.view_functions[rule.endpoint](**req.view_args)
  File "/dicom_filter/app/routes.py", line 41, in checkid
    encrypted_id = filter.encrypt_patient_id(value, create)
  File "/dicom_filter/app/extractor_filter.py", line 272, in encrypt_patient_id
    our_patient_id = self.db_manager.get_insert_patientid(encrypted_id)
  File "/dicom_filter/app/database/db_manager.py", line 171, in get_insert_patientid
    self.cursor.execute(self.db_functions[self.db_config["sql_type"]]["insert_patientid_query"], (encrypted_id, ))
sqlite3.OperationalError: incomplete input
[ERROR] 2021-08-20 21:16:37,677 - Exception on /checkid [GET]
Traceback (most recent call last):
  File "/usr/local/lib/python3.9/site-packages/flask/app.py", line 2447, in wsgi_app
    response = self.full_dispatch_request()
  File "/usr/local/lib/python3.9/site-packages/flask/app.py", line 1952, in full_dispatch_request
    rv = self.handle_user_exception(e)
  File "/usr/local/lib/python3.9/site-packages/flask/app.py", line 1821, in handle_user_exception
    reraise(exc_type, exc_value, tb)
  File "/usr/local/lib/python3.9/site-packages/flask/_compat.py", line 39, in reraise
    raise value
  File "/usr/local/lib/python3.9/site-packages/flask/app.py", line 1950, in full_dispatch_request
    rv = self.dispatch_request()
  File "/usr/local/lib/python3.9/site-packages/flask/app.py", line 1936, in dispatch_request
    return self.view_functions[rule.endpoint](**req.view_args)
  File "/dicom_filter/app/routes.py", line 41, in checkid
    encrypted_id = filter.encrypt_patient_id(value, create)
  File "/dicom_filter/app/extractor_filter.py", line 272, in encrypt_patient_id
    our_patient_id = self.db_manager.get_insert_patientid(encrypted_id)
  File "/dicom_filter/app/database/db_manager.py", line 171, in get_insert_patientid
    self.cursor.execute(self.db_functions[self.db_config["sql_type"]]["insert_patientid_query"], (encrypted_id, ))
sqlite3.OperationalError: incomplete input
[ERROR] 2021-08-20 21:16:37,679 - Exception on /checkid [GET]
Traceback (most recent call last):
  File "/usr/local/lib/python3.9/site-packages/flask/app.py", line 2447, in wsgi_app
    response = self.full_dispatch_request()
  File "/usr/local/lib/python3.9/site-packages/flask/app.py", line 1952, in full_dispatch_request
    rv = self.handle_user_exception(e)
  File "/usr/local/lib/python3.9/site-packages/flask/app.py", line 1821, in handle_user_exception
    reraise(exc_type, exc_value, tb)
  File "/usr/local/lib/python3.9/site-packages/flask/_compat.py", line 39, in reraise
    raise value
  File "/usr/local/lib/python3.9/site-packages/flask/app.py", line 1950, in full_dispatch_request
    rv = self.dispatch_request()
  File "/usr/local/lib/python3.9/site-packages/flask/app.py", line 1936, in dispatch_request
    return self.view_functions[rule.endpoint](**req.view_args)
  File "/dicom_filter/app/routes.py", line 41, in checkid
    encrypted_id = filter.encrypt_patient_id(value, create)
  File "/dicom_filter/app/extractor_filter.py", line 272, in encrypt_patient_id
    our_patient_id = self.db_manager.get_insert_patientid(encrypted_id)
  File "/dicom_filter/app/database/db_manager.py", line 171, in get_insert_patientid
    self.cursor.execute(self.db_functions[self.db_config["sql_type"]]["insert_patientid_query"], (encrypted_id, ))
sqlite3.OperationalError: incomplete input
[ERROR] 2021-08-20 21:16:37,684 - Exception on /checkid [GET]
Traceback (most recent call last):
  File "/usr/local/lib/python3.9/site-packages/flask/app.py", line 2447, in wsgi_app
    response = self.full_dispatch_request()
  File "/usr/local/lib/python3.9/site-packages/flask/app.py", line 1952, in full_dispatch_request
    rv = self.handle_user_exception(e)
  File "/usr/local/lib/python3.9/site-packages/flask/app.py", line 1821, in handle_user_exception
    reraise(exc_type, exc_value, tb)
  File "/usr/local/lib/python3.9/site-packages/flask/_compat.py", line 39, in reraise
    raise value
  File "/usr/local/lib/python3.9/site-packages/flask/app.py", line 1950, in full_dispatch_request
    rv = self.dispatch_request()
  File "/usr/local/lib/python3.9/site-packages/flask/app.py", line 1936, in dispatch_request
    return self.view_functions[rule.endpoint](**req.view_args)
  File "/dicom_filter/app/routes.py", line 41, in checkid
    encrypted_id = filter.encrypt_patient_id(value, create)
  File "/dicom_filter/app/extractor_filter.py", line 272, in encrypt_patient_id
    our_patient_id = self.db_manager.get_insert_patientid(encrypted_id)
  File "/dicom_filter/app/database/db_manager.py", line 171, in get_insert_patientid
    self.cursor.execute(self.db_functions[self.db_config["sql_type"]]["insert_patientid_query"], (encrypted_id, ))
sqlite3.OperationalError: incomplete input
[ERROR] 2021-08-20 21:19:29,676 - Unexpected exception at encrypt_patient_id(): incomplete input
[ERROR] 2021-08-20 21:19:29,678 - Exception on /checkid [GET]
Traceback (most recent call last):
  File "/usr/local/lib/python3.9/site-packages/flask/app.py", line 2447, in wsgi_app
    response = self.full_dispatch_request()
  File "/usr/local/lib/python3.9/site-packages/flask/app.py", line 1952, in full_dispatch_request
    rv = self.handle_user_exception(e)
  File "/usr/local/lib/python3.9/site-packages/flask/app.py", line 1821, in handle_user_exception
    reraise(exc_type, exc_value, tb)
  File "/usr/local/lib/python3.9/site-packages/flask/_compat.py", line 39, in reraise
    raise value
  File "/usr/local/lib/python3.9/site-packages/flask/app.py", line 1950, in full_dispatch_request
    rv = self.dispatch_request()
  File "/usr/local/lib/python3.9/site-packages/flask/app.py", line 1936, in dispatch_request
    return self.view_functions[rule.endpoint](**req.view_args)
  File "/dicom_filter/app/routes.py", line 41, in checkid
    encrypted_id = filter.encrypt_patient_id(value, create)
  File "/dicom_filter/app/extractor_filter.py", line 272, in encrypt_patient_id
    our_patient_id = self.db_manager.get_insert_patientid(encrypted_id)
  File "/dicom_filter/app/database/db_manager.py", line 170, in get_insert_patientid
    self.cursor.execute(self.db_functions[self.db_config["sql_type"]]["insert_patientid_query"], (encrypted_id, ))
sqlite3.OperationalError: incomplete input
[ERROR] 2021-08-20 22:10:26,661 - Unexpected exception at encrypt_patient_id(): incomplete input
[ERROR] 2021-08-20 22:10:26,663 - Exception on /checkid [GET]
Traceback (most recent call last):
  File "/usr/local/lib/python3.9/site-packages/flask/app.py", line 2447, in wsgi_app
    response = self.full_dispatch_request()
  File "/usr/local/lib/python3.9/site-packages/flask/app.py", line 1952, in full_dispatch_request
    rv = self.handle_user_exception(e)
  File "/usr/local/lib/python3.9/site-packages/flask/app.py", line 1821, in handle_user_exception
    reraise(exc_type, exc_value, tb)
  File "/usr/local/lib/python3.9/site-packages/flask/_compat.py", line 39, in reraise
    raise value
  File "/usr/local/lib/python3.9/site-packages/flask/app.py", line 1950, in full_dispatch_request
    rv = self.dispatch_request()
  File "/usr/local/lib/python3.9/site-packages/flask/app.py", line 1936, in dispatch_request
    return self.view_functions[rule.endpoint](**req.view_args)
  File "/dicom_filter/app/routes.py", line 41, in checkid
    encrypted_id = filter.encrypt_patient_id(value, create)
  File "/dicom_filter/app/extractor_filter.py", line 272, in encrypt_patient_id
    our_patient_id = self.db_manager.get_insert_patientid(encrypted_id)
  File "/dicom_filter/app/database/db_manager.py", line 171, in get_insert_patientid
    self.cursor.execute(self.db_functions[self.db_config["sql_type"]]["insert_patientid_query"], (encrypted_id, ))
sqlite3.OperationalError: incomplete input
[ERROR] 2021-08-20 22:14:41,276 - Unexpected exception at encrypt_patient_id(): ON CONFLICT clause does not match any PRIMARY KEY or UNIQUE constraint
[ERROR] 2021-08-20 22:14:41,282 - Exception on /checkid [GET]
Traceback (most recent call last):
  File "/usr/local/lib/python3.9/site-packages/flask/app.py", line 2447, in wsgi_app
    response = self.full_dispatch_request()
  File "/usr/local/lib/python3.9/site-packages/flask/app.py", line 1952, in full_dispatch_request
    rv = self.handle_user_exception(e)
  File "/usr/local/lib/python3.9/site-packages/flask/app.py", line 1821, in handle_user_exception
    reraise(exc_type, exc_value, tb)
  File "/usr/local/lib/python3.9/site-packages/flask/_compat.py", line 39, in reraise
    raise value
  File "/usr/local/lib/python3.9/site-packages/flask/app.py", line 1950, in full_dispatch_request
    rv = self.dispatch_request()
  File "/usr/local/lib/python3.9/site-packages/flask/app.py", line 1936, in dispatch_request
    return self.view_functions[rule.endpoint](**req.view_args)
  File "/dicom_filter/app/routes.py", line 41, in checkid
    encrypted_id = filter.encrypt_patient_id(value, create)
  File "/dicom_filter/app/extractor_filter.py", line 272, in encrypt_patient_id
    our_patient_id = self.db_manager.get_insert_patientid(encrypted_id)
  File "/dicom_filter/app/database/db_manager.py", line 171, in get_insert_patientid
    self.cursor.execute(self.db_functions[self.db_config["sql_type"]]["insert_patientid_query"], (encrypted_id, ))
sqlite3.OperationalError: ON CONFLICT clause does not match any PRIMARY KEY or UNIQUE constraint
[ERROR] 2021-08-20 22:20:47,078 - Unexpected exception at encrypt_patient_id(): ON CONFLICT clause does not match any PRIMARY KEY or UNIQUE constraint
[ERROR] 2021-08-20 22:20:47,080 - Exception on /checkid [GET]
Traceback (most recent call last):
  File "/usr/local/lib/python3.9/site-packages/flask/app.py", line 2447, in wsgi_app
    response = self.full_dispatch_request()
  File "/usr/local/lib/python3.9/site-packages/flask/app.py", line 1952, in full_dispatch_request
    rv = self.handle_user_exception(e)
  File "/usr/local/lib/python3.9/site-packages/flask/app.py", line 1821, in handle_user_exception
    reraise(exc_type, exc_value, tb)
  File "/usr/local/lib/python3.9/site-packages/flask/_compat.py", line 39, in reraise
    raise value
  File "/usr/local/lib/python3.9/site-packages/flask/app.py", line 1950, in full_dispatch_request
    rv = self.dispatch_request()
  File "/usr/local/lib/python3.9/site-packages/flask/app.py", line 1936, in dispatch_request
    return self.view_functions[rule.endpoint](**req.view_args)
  File "/dicom_filter/app/routes.py", line 41, in checkid
    encrypted_id = filter.encrypt_patient_id(value, create)
  File "/dicom_filter/app/extractor_filter.py", line 272, in encrypt_patient_id
    our_patient_id = self.db_manager.get_insert_patientid(encrypted_id)
  File "/dicom_filter/app/database/db_manager.py", line 171, in get_insert_patientid
    self.cursor.execute(self.db_functions[self.db_config["sql_type"]]["insert_patientid_query"], (encrypted_id, ))
sqlite3.OperationalError: ON CONFLICT clause does not match any PRIMARY KEY or UNIQUE constraint
[ERROR] 2021-08-20 22:23:20,864 - Unexpected exception at encrypt_patient_id(): ON CONFLICT clause does not match any PRIMARY KEY or UNIQUE constraint
[ERROR] 2021-08-20 22:23:20,866 - Exception on /checkid [GET]
Traceback (most recent call last):
  File "/usr/local/lib/python3.9/site-packages/flask/app.py", line 2447, in wsgi_app
    response = self.full_dispatch_request()
  File "/usr/local/lib/python3.9/site-packages/flask/app.py", line 1952, in full_dispatch_request
    rv = self.handle_user_exception(e)
  File "/usr/local/lib/python3.9/site-packages/flask/app.py", line 1821, in handle_user_exception
    reraise(exc_type, exc_value, tb)
  File "/usr/local/lib/python3.9/site-packages/flask/_compat.py", line 39, in reraise
    raise value
  File "/usr/local/lib/python3.9/site-packages/flask/app.py", line 1950, in full_dispatch_request
    rv = self.dispatch_request()
  File "/usr/local/lib/python3.9/site-packages/flask/app.py", line 1936, in dispatch_request
    return self.view_functions[rule.endpoint](**req.view_args)
  File "/dicom_filter/app/routes.py", line 41, in checkid
    encrypted_id = filter.encrypt_patient_id(value, create)
  File "/dicom_filter/app/extractor_filter.py", line 272, in encrypt_patient_id
    our_patient_id = self.db_manager.get_insert_patientid(encrypted_id)
  File "/dicom_filter/app/database/db_manager.py", line 172, in get_insert_patientid
    self.cursor.execute(self.db_functions[self.db_config["sql_type"]]["insert_patientid_query"], (encrypted_id, ))
sqlite3.OperationalError: ON CONFLICT clause does not match any PRIMARY KEY or UNIQUE constraint
[ERROR] 2021-08-20 22:38:32,669 - Unexpected exception at encrypt_patient_id(): ON CONFLICT clause does not match any PRIMARY KEY or UNIQUE constraint
[ERROR] 2021-08-20 22:38:32,705 - Exception on /checkid [GET]
Traceback (most recent call last):
  File "/usr/local/lib/python3.9/site-packages/flask/app.py", line 2447, in wsgi_app
    response = self.full_dispatch_request()
  File "/usr/local/lib/python3.9/site-packages/flask/app.py", line 1952, in full_dispatch_request
    rv = self.handle_user_exception(e)
  File "/usr/local/lib/python3.9/site-packages/flask/app.py", line 1821, in handle_user_exception
    reraise(exc_type, exc_value, tb)
  File "/usr/local/lib/python3.9/site-packages/flask/_compat.py", line 39, in reraise
    raise value
  File "/usr/local/lib/python3.9/site-packages/flask/app.py", line 1950, in full_dispatch_request
    rv = self.dispatch_request()
  File "/usr/local/lib/python3.9/site-packages/flask/app.py", line 1936, in dispatch_request
    return self.view_functions[rule.endpoint](**req.view_args)
  File "/dicom_filter/app/routes.py", line 41, in checkid
    encrypted_id = filter.encrypt_patient_id(value, create)
  File "/dicom_filter/app/extractor_filter.py", line 272, in encrypt_patient_id
    our_patient_id = self.db_manager.get_insert_patientid(encrypted_id)
  File "/dicom_filter/app/database/db_manager.py", line 172, in get_insert_patientid
    self.cursor.execute(self.db_functions[self.db_config["sql_type"]]["insert_patientid_query"], (encrypted_id, ))
sqlite3.OperationalError: ON CONFLICT clause does not match any PRIMARY KEY or UNIQUE constraint
[ERROR] 2021-08-20 22:41:57,911 - Unexpected exception at encrypt_patient_id(): ON CONFLICT clause does not match any PRIMARY KEY or UNIQUE constraint
[ERROR] 2021-08-20 22:41:57,913 - Exception on /checkid [GET]
Traceback (most recent call last):
  File "/usr/local/lib/python3.9/site-packages/flask/app.py", line 2447, in wsgi_app
    response = self.full_dispatch_request()
  File "/usr/local/lib/python3.9/site-packages/flask/app.py", line 1952, in full_dispatch_request
    rv = self.handle_user_exception(e)
  File "/usr/local/lib/python3.9/site-packages/flask/app.py", line 1821, in handle_user_exception
    reraise(exc_type, exc_value, tb)
  File "/usr/local/lib/python3.9/site-packages/flask/_compat.py", line 39, in reraise
    raise value
  File "/usr/local/lib/python3.9/site-packages/flask/app.py", line 1950, in full_dispatch_request
    rv = self.dispatch_request()
  File "/usr/local/lib/python3.9/site-packages/flask/app.py", line 1936, in dispatch_request
    return self.view_functions[rule.endpoint](**req.view_args)
  File "/dicom_filter/app/routes.py", line 41, in checkid
    encrypted_id = filter.encrypt_patient_id(value, create)
  File "/dicom_filter/app/extractor_filter.py", line 272, in encrypt_patient_id
    our_patient_id = self.db_manager.get_insert_patientid(encrypted_id)
  File "/dicom_filter/app/database/db_manager.py", line 172, in get_insert_patientid
    self.cursor.execute(self.db_functions[self.db_config["sql_type"]]["insert_patientid_query"], (encrypted_id, ))
sqlite3.OperationalError: ON CONFLICT clause does not match any PRIMARY KEY or UNIQUE constraint
[ERROR] 2021-08-20 22:56:48,730 - Error at post_data function: <urlopen error [Errno 111] Connection refused>
[ERROR] 2021-08-20 22:56:51,255 - Error at post_data function: <urlopen error [Errno 111] Connection refused>
[ERROR] 2021-08-20 22:56:54,174 - Error at post_data function: <urlopen error [Errno 111] Connection refused>
[ERROR] 2021-08-20 22:56:56,777 - Error at post_data function: <urlopen error [Errno 111] Connection refused>
[ERROR] 2021-08-20 22:56:59,828 - Error at post_data function: <urlopen error [Errno 111] Connection refused>
[ERROR] 2021-08-20 22:57:02,622 - Error at post_data function: <urlopen error [Errno 111] Connection refused>
[ERROR] 2021-08-20 22:57:05,679 - Error at post_data function: <urlopen error [Errno 111] Connection refused>
[ERROR] 2021-08-20 22:57:08,451 - Error at post_data function: <urlopen error [Errno 111] Connection refused>
[ERROR] 2021-08-20 22:57:11,527 - Error at post_data function: <urlopen error [Errno 111] Connection refused>
[ERROR] 2021-08-20 22:57:14,242 - Error at post_data function: <urlopen error [Errno 111] Connection refused>
[ERROR] 2021-08-20 22:57:17,459 - Error at post_data function: <urlopen error [Errno 111] Connection refused>
[ERROR] 2021-08-20 22:57:20,207 - Error at post_data function: <urlopen error [Errno 111] Connection refused>
[ERROR] 2021-08-20 22:57:23,377 - Error at post_data function: <urlopen error [Errno 111] Connection refused>
[ERROR] 2021-08-20 22:57:26,114 - Error at post_data function: <urlopen error [Errno 111] Connection refused>
[ERROR] 2021-08-20 22:57:29,190 - Error at post_data function: <urlopen error [Errno 111] Connection refused>
[ERROR] 2021-08-20 22:57:32,375 - Error at post_data function: <urlopen error [Errno 111] Connection refused>
[ERROR] 2021-08-20 22:57:35,469 - Error at post_data function: <urlopen error [Errno 111] Connection refused>
[ERROR] 2021-08-20 22:57:38,867 - Error at post_data function: <urlopen error [Errno 111] Connection refused>
[ERROR] 2021-08-20 22:57:42,071 - Error at post_data function: <urlopen error [Errno 111] Connection refused>
[ERROR] 2021-08-20 22:57:45,547 - Error at post_data function: <urlopen error [Errno 111] Connection refused>
[ERROR] 2021-08-20 22:57:48,584 - Error at post_data function: <urlopen error [Errno 111] Connection refused>
[ERROR] 2021-08-20 22:57:51,993 - Error at post_data function: <urlopen error [Errno 111] Connection refused>
[ERROR] 2021-08-20 22:57:55,073 - Error at post_data function: <urlopen error [Errno 111] Connection refused>
[ERROR] 2021-08-20 22:57:58,372 - Error at post_data function: <urlopen error [Errno 111] Connection refused>
[ERROR] 2021-08-20 22:58:01,386 - Error at post_data function: <urlopen error [Errno 111] Connection refused>
[ERROR] 2021-08-20 22:58:07,997 - Error at post_data function: <urlopen error [Errno 111] Connection refused>
[ERROR] 2021-08-20 22:58:10,254 - Error at post_data function: <urlopen error [Errno 111] Connection refused>
[ERROR] 2021-08-20 22:58:12,966 - Error at post_data function: <urlopen error [Errno 111] Connection refused>
[ERROR] 2021-08-20 22:58:15,382 - Error at post_data function: <urlopen error [Errno 111] Connection refused>
[ERROR] 2021-08-20 22:58:18,257 - Error at post_data function: <urlopen error [Errno 111] Connection refused>
[ERROR] 2021-08-20 22:58:20,732 - Error at post_data function: <urlopen error [Errno 111] Connection refused>
[ERROR] 2021-08-20 22:58:23,587 - Error at post_data function: <urlopen error [Errno 111] Connection refused>
[ERROR] 2021-08-20 22:58:26,042 - Error at post_data function: <urlopen error [Errno 111] Connection refused>
[ERROR] 2021-08-20 22:58:28,961 - Error at post_data function: <urlopen error [Errno 111] Connection refused>
[ERROR] 2021-08-20 22:58:31,403 - Error at post_data function: <urlopen error [Errno 111] Connection refused>
[ERROR] 2021-08-20 22:58:34,310 - Error at post_data function: <urlopen error [Errno 111] Connection refused>
[ERROR] 2021-08-20 22:58:36,803 - Error at post_data function: <urlopen error [Errno 111] Connection refused>
[ERROR] 2021-08-20 22:58:39,700 - Error at post_data function: <urlopen error [Errno 111] Connection refused>
[ERROR] 2021-08-20 22:58:42,340 - Error at post_data function: <urlopen error [Errno 111] Connection refused>
[ERROR] 2021-08-20 22:58:45,391 - Error at post_data function: <urlopen error [Errno 111] Connection refused>
[ERROR] 2021-08-20 22:58:48,353 - Error at post_data function: <urlopen error [Errno 111] Connection refused>
[ERROR] 2021-08-20 22:58:51,277 - Error at post_data function: <urlopen error [Errno 111] Connection refused>
[ERROR] 2021-08-20 22:58:54,483 - Error at post_data function: <urlopen error [Errno 111] Connection refused>
[ERROR] 2021-08-20 22:58:57,362 - Error at post_data function: <urlopen error [Errno 111] Connection refused>
[ERROR] 2021-08-20 22:59:00,511 - Error at post_data function: <urlopen error [Errno 111] Connection refused>
[ERROR] 2021-08-20 22:59:03,306 - Error at post_data function: <urlopen error [Errno 111] Connection refused>
[ERROR] 2021-08-20 22:59:06,502 - Error at post_data function: <urlopen error [Errno 111] Connection refused>
[ERROR] 2021-08-20 22:59:09,297 - Error at post_data function: <urlopen error [Errno 111] Connection refused>
[ERROR] 2021-08-20 22:59:12,506 - Error at post_data function: <urlopen error [Errno 111] Connection refused>
[ERROR] 2021-08-20 22:59:15,336 - Error at post_data function: <urlopen error [Errno 111] Connection refused>
[ERROR] 2021-08-20 22:59:21,593 - Error at post_data function: <urlopen error [Errno 111] Connection refused>
[ERROR] 2021-08-20 22:59:23,882 - Error at post_data function: <urlopen error [Errno 111] Connection refused>
[ERROR] 2021-08-20 22:59:26,655 - Error at post_data function: <urlopen error [Errno 111] Connection refused>
[ERROR] 2021-08-20 22:59:29,072 - Error at post_data function: <urlopen error [Errno 111] Connection refused>
[ERROR] 2021-08-20 22:59:31,964 - Error at post_data function: <urlopen error [Errno 111] Connection refused>
[ERROR] 2021-08-20 22:59:34,432 - Error at post_data function: <urlopen error [Errno 111] Connection refused>
[ERROR] 2021-08-20 22:59:37,347 - Error at post_data function: <urlopen error [Errno 111] Connection refused>
[ERROR] 2021-08-20 22:59:39,795 - Error at post_data function: <urlopen error [Errno 111] Connection refused>
[ERROR] 2021-08-20 22:59:42,662 - Error at post_data function: <urlopen error [Errno 111] Connection refused>
[ERROR] 2021-08-20 22:59:45,159 - Error at post_data function: <urlopen error [Errno 111] Connection refused>
[ERROR] 2021-08-20 22:59:48,128 - Error at post_data function: <urlopen error [Errno 111] Connection refused>
[ERROR] 2021-08-20 22:59:50,629 - Error at post_data function: <urlopen error [Errno 111] Connection refused>
[ERROR] 2021-08-20 22:59:53,463 - Error at post_data function: <urlopen error [Errno 111] Connection refused>
[ERROR] 2021-08-20 22:59:55,928 - Error at post_data function: <urlopen error [Errno 111] Connection refused>
[ERROR] 2021-08-20 22:59:58,831 - Error at post_data function: <urlopen error [Errno 111] Connection refused>
[ERROR] 2021-08-20 23:00:01,802 - Error at post_data function: <urlopen error [Errno 111] Connection refused>
[ERROR] 2021-08-20 23:00:04,770 - Error at post_data function: <urlopen error [Errno 111] Connection refused>
[ERROR] 2021-08-20 23:00:08,074 - Error at post_data function: <urlopen error [Errno 111] Connection refused>
[ERROR] 2021-08-20 23:00:11,094 - Error at post_data function: <urlopen error [Errno 111] Connection refused>
[ERROR] 2021-08-20 23:00:14,425 - Error at post_data function: <urlopen error [Errno 111] Connection refused>
[ERROR] 2021-08-20 23:00:17,230 - Error at post_data function: <urlopen error [Errno 111] Connection refused>
[ERROR] 2021-08-20 23:00:20,484 - Error at post_data function: <urlopen error [Errno 111] Connection refused>
[ERROR] 2021-08-20 23:00:23,262 - Error at post_data function: <urlopen error [Errno 111] Connection refused>
[ERROR] 2021-08-20 23:00:26,508 - Error at post_data function: <urlopen error [Errno 111] Connection refused>
[ERROR] 2021-08-20 23:00:29,320 - Error at post_data function: <urlopen error [Errno 111] Connection refused>
[ERROR] 2021-08-20 23:00:35,709 - Error at post_data function: <urlopen error [Errno 111] Connection refused>
[ERROR] 2021-08-20 23:00:37,998 - Error at post_data function: <urlopen error [Errno 111] Connection refused>
[ERROR] 2021-08-20 23:00:40,801 - Error at post_data function: <urlopen error [Errno 111] Connection refused>
[ERROR] 2021-08-20 23:00:43,233 - Error at post_data function: <urlopen error [Errno 111] Connection refused>
[ERROR] 2021-08-20 23:00:46,135 - Error at post_data function: <urlopen error [Errno 111] Connection refused>
[ERROR] 2021-08-20 23:00:48,599 - Error at post_data function: <urlopen error [Errno 111] Connection refused>
[ERROR] 2021-08-20 23:00:51,486 - Error at post_data function: <urlopen error [Errno 111] Connection refused>
[ERROR] 2021-08-20 23:00:53,930 - Error at post_data function: <urlopen error [Errno 111] Connection refused>
[ERROR] 2021-08-20 23:00:56,801 - Error at post_data function: <urlopen error [Errno 111] Connection refused>
[ERROR] 2021-08-20 23:00:59,263 - Error at post_data function: <urlopen error [Errno 111] Connection refused>
[ERROR] 2021-08-20 23:01:02,197 - Error at post_data function: <urlopen error [Errno 111] Connection refused>
[ERROR] 2021-08-20 23:01:04,669 - Error at post_data function: <urlopen error [Errno 111] Connection refused>
[ERROR] 2021-08-20 23:01:07,571 - Error at post_data function: <urlopen error [Errno 111] Connection refused>
[ERROR] 2021-08-20 23:01:10,089 - Error at post_data function: <urlopen error [Errno 111] Connection refused>
[ERROR] 2021-08-20 23:01:12,976 - Error at post_data function: <urlopen error [Errno 111] Connection refused>
[ERROR] 2021-08-20 23:01:16,043 - Error at post_data function: <urlopen error [Errno 111] Connection refused>
[ERROR] 2021-08-20 23:01:18,996 - Error at post_data function: <urlopen error [Errno 111] Connection refused>
[ERROR] 2021-08-20 23:01:22,222 - Error at post_data function: <urlopen error [Errno 111] Connection refused>
[ERROR] 2021-08-20 23:01:25,142 - Error at post_data function: <urlopen error [Errno 111] Connection refused>
[ERROR] 2021-08-20 23:01:28,334 - Error at post_data function: <urlopen error [Errno 111] Connection refused>
[ERROR] 2021-08-20 23:01:31,125 - Error at post_data function: <urlopen error [Errno 111] Connection refused>
[ERROR] 2021-08-20 23:01:34,328 - Error at post_data function: <urlopen error [Errno 111] Connection refused>
[ERROR] 2021-08-20 23:01:37,109 - Error at post_data function: <urlopen error [Errno 111] Connection refused>
[ERROR] 2021-08-20 23:01:40,294 - Error at post_data function: <urlopen error [Errno 111] Connection refused>
[ERROR] 2021-08-20 23:01:43,089 - Error at post_data function: <urlopen error [Errno 111] Connection refused>
[ERROR] 2021-08-20 23:01:49,317 - Error at post_data function: <urlopen error [Errno 111] Connection refused>
[ERROR] 2021-08-20 23:01:51,575 - Error at post_data function: <urlopen error [Errno 111] Connection refused>
[ERROR] 2021-08-20 23:01:54,277 - Error at post_data function: <urlopen error [Errno 111] Connection refused>
[ERROR] 2021-08-20 23:01:56,772 - Error at post_data function: <urlopen error [Errno 111] Connection refused>
[ERROR] 2021-08-20 23:01:59,626 - Error at post_data function: <urlopen error [Errno 111] Connection refused>
[ERROR] 2021-08-20 23:02:02,074 - Error at post_data function: <urlopen error [Errno 111] Connection refused>
[ERROR] 2021-08-20 23:02:04,921 - Error at post_data function: <urlopen error [Errno 111] Connection refused>
[ERROR] 2021-08-20 23:02:07,380 - Error at post_data function: <urlopen error [Errno 111] Connection refused>
[ERROR] 2021-08-20 23:02:10,231 - Error at post_data function: <urlopen error [Errno 111] Connection refused>
[ERROR] 2021-08-20 23:02:12,702 - Error at post_data function: <urlopen error [Errno 111] Connection refused>
[ERROR] 2021-08-20 23:02:15,585 - Error at post_data function: <urlopen error [Errno 111] Connection refused>
[ERROR] 2021-08-20 23:02:18,054 - Error at post_data function: <urlopen error [Errno 111] Connection refused>
[ERROR] 2021-08-20 23:02:20,908 - Error at post_data function: <urlopen error [Errno 111] Connection refused>
[ERROR] 2021-08-20 23:02:23,368 - Error at post_data function: <urlopen error [Errno 111] Connection refused>
[ERROR] 2021-08-20 23:02:26,220 - Error at post_data function: <urlopen error [Errno 111] Connection refused>
[ERROR] 2021-08-20 23:02:29,202 - Error at post_data function: <urlopen error [Errno 111] Connection refused>
[ERROR] 2021-08-20 23:02:32,103 - Error at post_data function: <urlopen error [Errno 111] Connection refused>
[ERROR] 2021-08-20 23:02:35,318 - Error at post_data function: <urlopen error [Errno 111] Connection refused>
[ERROR] 2021-08-20 23:02:38,196 - Error at post_data function: <urlopen error [Errno 111] Connection refused>
[ERROR] 2021-08-20 23:02:41,366 - Error at post_data function: <urlopen error [Errno 111] Connection refused>
[ERROR] 2021-08-20 23:02:44,130 - Error at post_data function: <urlopen error [Errno 111] Connection refused>
[ERROR] 2021-08-20 23:02:47,319 - Error at post_data function: <urlopen error [Errno 111] Connection refused>
[ERROR] 2021-08-20 23:02:50,094 - Error at post_data function: <urlopen error [Errno 111] Connection refused>
[ERROR] 2021-08-20 23:02:53,255 - Error at post_data function: <urlopen error [Errno 111] Connection refused>
[ERROR] 2021-08-20 23:02:56,054 - Error at post_data function: <urlopen error [Errno 111] Connection refused>
[ERROR] 2021-08-20 23:03:02,215 - Error at post_data function: <urlopen error [Errno 111] Connection refused>
[ERROR] 2021-08-20 23:03:04,479 - Error at post_data function: <urlopen error [Errno 111] Connection refused>
[ERROR] 2021-08-20 23:03:07,135 - Error at post_data function: <urlopen error [Errno 111] Connection refused>
[ERROR] 2021-08-20 23:03:09,525 - Error at post_data function: <urlopen error [Errno 111] Connection refused>
[ERROR] 2021-08-20 23:03:12,319 - Error at post_data function: <urlopen error [Errno 111] Connection refused>
[ERROR] 2021-08-20 23:03:14,762 - Error at post_data function: <urlopen error [Errno 111] Connection refused>
[ERROR] 2021-08-20 23:03:17,603 - Error at post_data function: <urlopen error [Errno 111] Connection refused>
[ERROR] 2021-08-20 23:03:20,067 - Error at post_data function: <urlopen error [Errno 111] Connection refused>
[ERROR] 2021-08-20 23:03:22,907 - Error at post_data function: <urlopen error [Errno 111] Connection refused>
[ERROR] 2021-08-20 23:03:25,362 - Error at post_data function: <urlopen error [Errno 111] Connection refused>
[ERROR] 2021-08-20 23:03:28,222 - Error at post_data function: <urlopen error [Errno 111] Connection refused>
[ERROR] 2021-08-20 23:03:30,708 - Error at post_data function: <urlopen error [Errno 111] Connection refused>
[ERROR] 2021-08-20 23:03:33,559 - Error at post_data function: <urlopen error [Errno 111] Connection refused>
[ERROR] 2021-08-20 23:03:36,037 - Error at post_data function: <urlopen error [Errno 111] Connection refused>
[ERROR] 2021-08-20 23:03:38,895 - Error at post_data function: <urlopen error [Errno 111] Connection refused>
[ERROR] 2021-08-20 23:03:41,883 - Error at post_data function: <urlopen error [Errno 111] Connection refused>
[ERROR] 2021-08-20 23:03:44,859 - Error at post_data function: <urlopen error [Errno 111] Connection refused>
[ERROR] 2021-08-20 23:03:48,108 - Error at post_data function: <urlopen error [Errno 111] Connection refused>
[ERROR] 2021-08-20 23:03:51,005 - Error at post_data function: <urlopen error [Errno 111] Connection refused>
[ERROR] 2021-08-20 23:03:54,210 - Error at post_data function: <urlopen error [Errno 111] Connection refused>
[ERROR] 2021-08-20 23:03:56,976 - Error at post_data function: <urlopen error [Errno 111] Connection refused>
[ERROR] 2021-08-20 23:04:00,124 - Error at post_data function: <urlopen error [Errno 111] Connection refused>
[ERROR] 2021-08-20 23:04:02,890 - Error at post_data function: <urlopen error [Errno 111] Connection refused>
[ERROR] 2021-08-20 23:04:06,088 - Error at post_data function: <urlopen error [Errno 111] Connection refused>
[ERROR] 2021-08-20 23:04:08,902 - Error at post_data function: <urlopen error [Errno 111] Connection refused>
[ERROR] 2021-08-20 23:04:15,108 - Error at post_data function: <urlopen error [Errno 111] Connection refused>
[ERROR] 2021-08-20 23:04:17,421 - Error at post_data function: <urlopen error [Errno 111] Connection refused>
[ERROR] 2021-08-20 23:04:20,139 - Error at post_data function: <urlopen error [Errno 111] Connection refused>
[ERROR] 2021-08-20 23:04:22,546 - Error at post_data function: <urlopen error [Errno 111] Connection refused>
[ERROR] 2021-08-20 23:04:25,405 - Error at post_data function: <urlopen error [Errno 111] Connection refused>
[ERROR] 2021-08-20 23:04:27,861 - Error at post_data function: <urlopen error [Errno 111] Connection refused>
[ERROR] 2021-08-20 23:04:30,709 - Error at post_data function: <urlopen error [Errno 111] Connection refused>
[ERROR] 2021-08-20 23:04:33,159 - Error at post_data function: <urlopen error [Errno 111] Connection refused>
[ERROR] 2021-08-20 23:04:36,116 - Error at post_data function: <urlopen error [Errno 111] Connection refused>
[ERROR] 2021-08-20 23:04:38,580 - Error at post_data function: <urlopen error [Errno 111] Connection refused>
[ERROR] 2021-08-20 23:04:41,478 - Error at post_data function: <urlopen error [Errno 111] Connection refused>
[ERROR] 2021-08-20 23:04:43,946 - Error at post_data function: <urlopen error [Errno 111] Connection refused>
[ERROR] 2021-08-20 23:04:46,795 - Error at post_data function: <urlopen error [Errno 111] Connection refused>
[ERROR] 2021-08-20 23:04:49,262 - Error at post_data function: <urlopen error [Errno 111] Connection refused>
[ERROR] 2021-08-20 23:04:52,111 - Error at post_data function: <urlopen error [Errno 111] Connection refused>
[ERROR] 2021-08-20 23:04:55,091 - Error at post_data function: <urlopen error [Errno 111] Connection refused>
[ERROR] 2021-08-20 23:04:58,077 - Error at post_data function: <urlopen error [Errno 111] Connection refused>
[ERROR] 2021-08-20 23:05:01,298 - Error at post_data function: <urlopen error [Errno 111] Connection refused>
[ERROR] 2021-08-20 23:05:04,232 - Error at post_data function: <urlopen error [Errno 111] Connection refused>
[ERROR] 2021-08-20 23:05:07,404 - Error at post_data function: <urlopen error [Errno 111] Connection refused>
[ERROR] 2021-08-20 23:05:10,186 - Error at post_data function: <urlopen error [Errno 111] Connection refused>
[ERROR] 2021-08-20 23:05:13,450 - Error at post_data function: <urlopen error [Errno 111] Connection refused>
[ERROR] 2021-08-20 23:05:16,265 - Error at post_data function: <urlopen error [Errno 111] Connection refused>
[ERROR] 2021-08-20 23:05:19,468 - Error at post_data function: <urlopen error [Errno 111] Connection refused>
[ERROR] 2021-08-20 23:05:22,276 - Error at post_data function: <urlopen error [Errno 111] Connection refused>
[ERROR] 2021-08-20 23:05:28,527 - Error at post_data function: <urlopen error [Errno 111] Connection refused>
[ERROR] 2021-08-20 23:05:30,795 - Error at post_data function: <urlopen error [Errno 111] Connection refused>
[ERROR] 2021-08-20 23:05:33,524 - Error at post_data function: <urlopen error [Errno 111] Connection refused>
[ERROR] 2021-08-20 23:05:35,932 - Error at post_data function: <urlopen error [Errno 111] Connection refused>
[ERROR] 2021-08-20 23:05:38,789 - Error at post_data function: <urlopen error [Errno 111] Connection refused>
[ERROR] 2021-08-20 23:05:41,241 - Error at post_data function: <urlopen error [Errno 111] Connection refused>
[ERROR] 2021-08-20 23:05:44,077 - Error at post_data function: <urlopen error [Errno 111] Connection refused>
[ERROR] 2021-08-20 23:05:46,539 - Error at post_data function: <urlopen error [Errno 111] Connection refused>
[ERROR] 2021-08-20 23:05:49,396 - Error at post_data function: <urlopen error [Errno 111] Connection refused>
[ERROR] 2021-08-20 23:05:51,853 - Error at post_data function: <urlopen error [Errno 111] Connection refused>
[ERROR] 2021-08-20 23:05:54,731 - Error at post_data function: <urlopen error [Errno 111] Connection refused>
[ERROR] 2021-08-20 23:05:57,204 - Error at post_data function: <urlopen error [Errno 111] Connection refused>
[ERROR] 2021-08-20 23:06:00,074 - Error at post_data function: <urlopen error [Errno 111] Connection refused>
[ERROR] 2021-08-20 23:06:02,563 - Error at post_data function: <urlopen error [Errno 111] Connection refused>
[ERROR] 2021-08-20 23:06:05,440 - Error at post_data function: <urlopen error [Errno 111] Connection refused>
[ERROR] 2021-08-20 23:06:08,404 - Error at post_data function: <urlopen error [Errno 111] Connection refused>
[ERROR] 2021-08-20 23:06:11,331 - Error at post_data function: <urlopen error [Errno 111] Connection refused>
[ERROR] 2021-08-20 23:06:14,644 - Error at post_data function: <urlopen error [Errno 111] Connection refused>
[ERROR] 2021-08-20 23:06:17,576 - Error at post_data function: <urlopen error [Errno 111] Connection refused>
[ERROR] 2021-08-20 23:06:20,802 - Error at post_data function: <urlopen error [Errno 111] Connection refused>
[ERROR] 2021-08-20 23:06:23,563 - Error at post_data function: <urlopen error [Errno 111] Connection refused>
[ERROR] 2021-08-20 23:06:26,773 - Error at post_data function: <urlopen error [Errno 111] Connection refused>
[ERROR] 2021-08-20 23:06:29,573 - Error at post_data function: <urlopen error [Errno 111] Connection refused>
[ERROR] 2021-08-20 23:06:32,710 - Error at post_data function: <urlopen error [Errno 111] Connection refused>
[ERROR] 2021-08-20 23:06:35,536 - Error at post_data function: <urlopen error [Errno 111] Connection refused>
[ERROR] 2021-08-20 23:06:41,927 - Error at post_data function: <urlopen error [Errno 111] Connection refused>
[ERROR] 2021-08-20 23:06:44,191 - Error at post_data function: <urlopen error [Errno 111] Connection refused>
[ERROR] 2021-08-20 23:06:46,890 - Error at post_data function: <urlopen error [Errno 111] Connection refused>
[ERROR] 2021-08-20 23:06:49,287 - Error at post_data function: <urlopen error [Errno 111] Connection refused>
[ERROR] 2021-08-20 23:06:52,137 - Error at post_data function: <urlopen error [Errno 111] Connection refused>
[ERROR] 2021-08-20 23:06:54,586 - Error at post_data function: <urlopen error [Errno 111] Connection refused>
[ERROR] 2021-08-20 23:06:57,456 - Error at post_data function: <urlopen error [Errno 111] Connection refused>
[ERROR] 2021-08-20 23:06:59,913 - Error at post_data function: <urlopen error [Errno 111] Connection refused>
[ERROR] 2021-08-20 23:07:02,792 - Error at post_data function: <urlopen error [Errno 111] Connection refused>
[ERROR] 2021-08-20 23:07:05,259 - Error at post_data function: <urlopen error [Errno 111] Connection refused>
[ERROR] 2021-08-20 23:07:08,178 - Error at post_data function: <urlopen error [Errno 111] Connection refused>
[ERROR] 2021-08-20 23:07:10,648 - Error at post_data function: <urlopen error [Errno 111] Connection refused>
[ERROR] 2021-08-20 23:07:13,526 - Error at post_data function: <urlopen error [Errno 111] Connection refused>
[ERROR] 2021-08-20 23:07:15,992 - Error at post_data function: <urlopen error [Errno 111] Connection refused>
[ERROR] 2021-08-20 23:07:18,841 - Error at post_data function: <urlopen error [Errno 111] Connection refused>
[ERROR] 2021-08-20 23:07:21,817 - Error at post_data function: <urlopen error [Errno 111] Connection refused>
[ERROR] 2021-08-20 23:07:24,742 - Error at post_data function: <urlopen error [Errno 111] Connection refused>
[ERROR] 2021-08-20 23:07:27,943 - Error at post_data function: <urlopen error [Errno 111] Connection refused>
[ERROR] 2021-08-20 23:07:30,890 - Error at post_data function: <urlopen error [Errno 111] Connection refused>
[ERROR] 2021-08-20 23:07:34,092 - Error at post_data function: <urlopen error [Errno 111] Connection refused>
[ERROR] 2021-08-20 23:07:36,864 - Error at post_data function: <urlopen error [Errno 111] Connection refused>
[ERROR] 2021-08-20 23:07:40,012 - Error at post_data function: <urlopen error [Errno 111] Connection refused>
[ERROR] 2021-08-20 23:07:42,810 - Error at post_data function: <urlopen error [Errno 111] Connection refused>
[ERROR] 2021-08-20 23:07:46,041 - Error at post_data function: <urlopen error [Errno 111] Connection refused>
[ERROR] 2021-08-20 23:07:48,833 - Error at post_data function: <urlopen error [Errno 111] Connection refused>
[ERROR] 2021-08-20 23:07:55,027 - Error at post_data function: <urlopen error [Errno 111] Connection refused>
[ERROR] 2021-08-20 23:07:57,300 - Error at post_data function: <urlopen error [Errno 111] Connection refused>
[ERROR] 2021-08-20 23:07:59,992 - Error at post_data function: <urlopen error [Errno 111] Connection refused>
[ERROR] 2021-08-20 23:08:02,399 - Error at post_data function: <urlopen error [Errno 111] Connection refused>
[ERROR] 2021-08-20 23:08:05,288 - Error at post_data function: <urlopen error [Errno 111] Connection refused>
[ERROR] 2021-08-20 23:08:07,756 - Error at post_data function: <urlopen error [Errno 111] Connection refused>
[ERROR] 2021-08-20 23:08:10,586 - Error at post_data function: <urlopen error [Errno 111] Connection refused>
[ERROR] 2021-08-20 23:08:13,049 - Error at post_data function: <urlopen error [Errno 111] Connection refused>
[ERROR] 2021-08-20 23:08:15,913 - Error at post_data function: <urlopen error [Errno 111] Connection refused>
[ERROR] 2021-08-20 23:08:18,357 - Error at post_data function: <urlopen error [Errno 111] Connection refused>
[ERROR] 2021-08-20 23:08:21,282 - Error at post_data function: <urlopen error [Errno 111] Connection refused>
[ERROR] 2021-08-20 23:08:23,777 - Error at post_data function: <urlopen error [Errno 111] Connection refused>
[ERROR] 2021-08-20 23:08:26,644 - Error at post_data function: <urlopen error [Errno 111] Connection refused>
[ERROR] 2021-08-20 23:08:29,107 - Error at post_data function: <urlopen error [Errno 111] Connection refused>
[ERROR] 2021-08-20 23:08:31,948 - Error at post_data function: <urlopen error [Errno 111] Connection refused>
[ERROR] 2021-08-20 23:08:34,925 - Error at post_data function: <urlopen error [Errno 111] Connection refused>
[ERROR] 2021-08-20 23:08:37,860 - Error at post_data function: <urlopen error [Errno 111] Connection refused>
[ERROR] 2021-08-20 23:08:41,043 - Error at post_data function: <urlopen error [Errno 111] Connection refused>
[ERROR] 2021-08-20 23:08:43,947 - Error at post_data function: <urlopen error [Errno 111] Connection refused>
[ERROR] 2021-08-20 23:08:47,119 - Error at post_data function: <urlopen error [Errno 111] Connection refused>
[ERROR] 2021-08-20 23:08:49,903 - Error at post_data function: <urlopen error [Errno 111] Connection refused>
[ERROR] 2021-08-20 23:08:53,061 - Error at post_data function: <urlopen error [Errno 111] Connection refused>
[ERROR] 2021-08-20 23:08:55,868 - Error at post_data function: <urlopen error [Errno 111] Connection refused>
[ERROR] 2021-08-20 23:08:59,024 - Error at post_data function: <urlopen error [Errno 111] Connection refused>
[ERROR] 2021-08-20 23:09:01,804 - Error at post_data function: <urlopen error [Errno 111] Connection refused>
[ERROR] 2021-08-20 23:09:08,023 - Error at post_data function: <urlopen error [Errno 111] Connection refused>
[ERROR] 2021-08-20 23:09:10,283 - Error at post_data function: <urlopen error [Errno 111] Connection refused>
[ERROR] 2021-08-20 23:09:12,965 - Error at post_data function: <urlopen error [Errno 111] Connection refused>
[ERROR] 2021-08-20 23:09:15,378 - Error at post_data function: <urlopen error [Errno 111] Connection refused>
[ERROR] 2021-08-20 23:09:18,194 - Error at post_data function: <urlopen error [Errno 111] Connection refused>
[ERROR] 2021-08-20 23:09:20,632 - Error at post_data function: <urlopen error [Errno 111] Connection refused>
[ERROR] 2021-08-20 23:09:23,476 - Error at post_data function: <urlopen error [Errno 111] Connection refused>
[ERROR] 2021-08-20 23:09:25,935 - Error at post_data function: <urlopen error [Errno 111] Connection refused>
[ERROR] 2021-08-20 23:09:28,790 - Error at post_data function: <urlopen error [Errno 111] Connection refused>
[ERROR] 2021-08-20 23:09:31,255 - Error at post_data function: <urlopen error [Errno 111] Connection refused>
[ERROR] 2021-08-20 23:09:34,114 - Error at post_data function: <urlopen error [Errno 111] Connection refused>
[ERROR] 2021-08-20 23:09:36,601 - Error at post_data function: <urlopen error [Errno 111] Connection refused>
[ERROR] 2021-08-20 23:09:39,477 - Error at post_data function: <urlopen error [Errno 111] Connection refused>
[ERROR] 2021-08-20 23:09:41,924 - Error at post_data function: <urlopen error [Errno 111] Connection refused>
[ERROR] 2021-08-20 23:09:44,719 - Error at post_data function: <urlopen error [Errno 111] Connection refused>
[ERROR] 2021-08-20 23:09:47,645 - Error at post_data function: <urlopen error [Errno 111] Connection refused>
[ERROR] 2021-08-20 23:09:50,553 - Error at post_data function: <urlopen error [Errno 111] Connection refused>
[ERROR] 2021-08-20 23:09:53,754 - Error at post_data function: <urlopen error [Errno 111] Connection refused>
[ERROR] 2021-08-20 23:09:56,646 - Error at post_data function: <urlopen error [Errno 111] Connection refused>
[ERROR] 2021-08-20 23:09:59,955 - Error at post_data function: <urlopen error [Errno 111] Connection refused>
[ERROR] 2021-08-20 23:10:02,799 - Error at post_data function: <urlopen error [Errno 111] Connection refused>
[ERROR] 2021-08-20 23:10:06,022 - Error at post_data function: <urlopen error [Errno 111] Connection refused>
[ERROR] 2021-08-20 23:10:08,797 - Error at post_data function: <urlopen error [Errno 111] Connection refused>
[ERROR] 2021-08-20 23:10:11,980 - Error at post_data function: <urlopen error [Errno 111] Connection refused>
[ERROR] 2021-08-20 23:10:14,829 - Error at post_data function: <urlopen error [Errno 111] Connection refused>
[ERROR] 2021-08-20 23:10:21,346 - Error at post_data function: <urlopen error [Errno 111] Connection refused>
[ERROR] 2021-08-20 23:10:23,641 - Error at post_data function: <urlopen error [Errno 111] Connection refused>
[ERROR] 2021-08-20 23:10:26,367 - Error at post_data function: <urlopen error [Errno 111] Connection refused>
[ERROR] 2021-08-20 23:10:28,792 - Error at post_data function: <urlopen error [Errno 111] Connection refused>
[ERROR] 2021-08-20 23:10:31,637 - Error at post_data function: <urlopen error [Errno 111] Connection refused>
[ERROR] 2021-08-20 23:10:34,100 - Error at post_data function: <urlopen error [Errno 111] Connection refused>
[ERROR] 2021-08-20 23:10:36,956 - Error at post_data function: <urlopen error [Errno 111] Connection refused>
[ERROR] 2021-08-20 23:10:39,430 - Error at post_data function: <urlopen error [Errno 111] Connection refused>
[ERROR] 2021-08-20 23:10:42,289 - Error at post_data function: <urlopen error [Errno 111] Connection refused>
[ERROR] 2021-08-20 23:10:44,756 - Error at post_data function: <urlopen error [Errno 111] Connection refused>
[ERROR] 2021-08-20 23:10:47,666 - Error at post_data function: <urlopen error [Errno 111] Connection refused>
[ERROR] 2021-08-20 23:10:50,145 - Error at post_data function: <urlopen error [Errno 111] Connection refused>
[ERROR] 2021-08-20 23:10:53,022 - Error at post_data function: <urlopen error [Errno 111] Connection refused>
[ERROR] 2021-08-20 23:10:55,505 - Error at post_data function: <urlopen error [Errno 111] Connection refused>
[ERROR] 2021-08-20 23:10:58,385 - Error at post_data function: <urlopen error [Errno 111] Connection refused>
[ERROR] 2021-08-20 23:11:01,363 - Error at post_data function: <urlopen error [Errno 111] Connection refused>
[ERROR] 2021-08-20 23:11:04,290 - Error at post_data function: <urlopen error [Errno 111] Connection refused>
[ERROR] 2021-08-20 23:11:07,513 - Error at post_data function: <urlopen error [Errno 111] Connection refused>
[ERROR] 2021-08-20 23:11:10,502 - Error at post_data function: <urlopen error [Errno 111] Connection refused>
[ERROR] 2021-08-20 23:11:13,707 - Error at post_data function: <urlopen error [Errno 111] Connection refused>
[ERROR] 2021-08-20 23:11:16,498 - Error at post_data function: <urlopen error [Errno 111] Connection refused>
[ERROR] 2021-08-20 23:11:19,859 - Error at post_data function: <urlopen error [Errno 111] Connection refused>
[ERROR] 2021-08-20 23:11:22,686 - Error at post_data function: <urlopen error [Errno 111] Connection refused>
[ERROR] 2021-08-20 23:11:25,911 - Error at post_data function: <urlopen error [Errno 111] Connection refused>
[ERROR] 2021-08-20 23:11:28,704 - Error at post_data function: <urlopen error [Errno 111] Connection refused>
[ERROR] 2021-08-20 23:11:34,933 - Error at post_data function: <urlopen error [Errno 111] Connection refused>
[ERROR] 2021-08-20 23:11:37,194 - Error at post_data function: <urlopen error [Errno 111] Connection refused>
[ERROR] 2021-08-20 23:11:39,875 - Error at post_data function: <urlopen error [Errno 111] Connection refused>
[ERROR] 2021-08-20 23:11:42,284 - Error at post_data function: <urlopen error [Errno 111] Connection refused>
[ERROR] 2021-08-20 23:11:45,106 - Error at post_data function: <urlopen error [Errno 111] Connection refused>
[ERROR] 2021-08-20 23:11:47,569 - Error at post_data function: <urlopen error [Errno 111] Connection refused>
[ERROR] 2021-08-20 23:11:50,394 - Error at post_data function: <urlopen error [Errno 111] Connection refused>
[ERROR] 2021-08-20 23:11:52,840 - Error at post_data function: <urlopen error [Errno 111] Connection refused>
[ERROR] 2021-08-20 23:11:55,695 - Error at post_data function: <urlopen error [Errno 111] Connection refused>
[ERROR] 2021-08-20 23:11:58,156 - Error at post_data function: <urlopen error [Errno 111] Connection refused>
[ERROR] 2021-08-20 23:12:01,044 - Error at post_data function: <urlopen error [Errno 111] Connection refused>
[ERROR] 2021-08-20 23:12:03,518 - Error at post_data function: <urlopen error [Errno 111] Connection refused>
[ERROR] 2021-08-20 23:12:06,392 - Error at post_data function: <urlopen error [Errno 111] Connection refused>
[ERROR] 2021-08-20 23:12:08,878 - Error at post_data function: <urlopen error [Errno 111] Connection refused>
[ERROR] 2021-08-20 23:12:11,741 - Error at post_data function: <urlopen error [Errno 111] Connection refused>
[ERROR] 2021-08-20 23:12:14,735 - Error at post_data function: <urlopen error [Errno 111] Connection refused>
[ERROR] 2021-08-20 23:12:17,639 - Error at post_data function: <urlopen error [Errno 111] Connection refused>
[ERROR] 2021-08-20 23:12:20,852 - Error at post_data function: <urlopen error [Errno 111] Connection refused>
[ERROR] 2021-08-20 23:12:23,773 - Error at post_data function: <urlopen error [Errno 111] Connection refused>
[ERROR] 2021-08-20 23:12:26,944 - Error at post_data function: <urlopen error [Errno 111] Connection refused>
[ERROR] 2021-08-20 23:12:29,713 - Error at post_data function: <urlopen error [Errno 111] Connection refused>
[ERROR] 2021-08-20 23:12:32,928 - Error at post_data function: <urlopen error [Errno 111] Connection refused>
[ERROR] 2021-08-20 23:12:35,712 - Error at post_data function: <urlopen error [Errno 111] Connection refused>
[ERROR] 2021-08-20 23:12:38,936 - Error at post_data function: <urlopen error [Errno 111] Connection refused>
[ERROR] 2021-08-20 23:12:41,733 - Error at post_data function: <urlopen error [Errno 111] Connection refused>
[ERROR] 2021-08-20 23:12:47,918 - Error at post_data function: <urlopen error [Errno 111] Connection refused>
[ERROR] 2021-08-20 23:12:50,184 - Error at post_data function: <urlopen error [Errno 111] Connection refused>
[ERROR] 2021-08-20 23:12:52,995 - Error at post_data function: <urlopen error [Errno 111] Connection refused>
[ERROR] 2021-08-20 23:12:55,412 - Error at post_data function: <urlopen error [Errno 111] Connection refused>
[ERROR] 2021-08-20 23:12:58,246 - Error at post_data function: <urlopen error [Errno 111] Connection refused>
[ERROR] 2021-08-20 23:13:00,719 - Error at post_data function: <urlopen error [Errno 111] Connection refused>
[ERROR] 2021-08-20 23:13:03,649 - Error at post_data function: <urlopen error [Errno 111] Connection refused>
[ERROR] 2021-08-20 23:13:06,088 - Error at post_data function: <urlopen error [Errno 111] Connection refused>
[ERROR] 2021-08-20 23:13:08,928 - Error at post_data function: <urlopen error [Errno 111] Connection refused>
[ERROR] 2021-08-20 23:13:11,396 - Error at post_data function: <urlopen error [Errno 111] Connection refused>
[ERROR] 2021-08-20 23:13:14,295 - Error at post_data function: <urlopen error [Errno 111] Connection refused>
[ERROR] 2021-08-20 23:13:16,754 - Error at post_data function: <urlopen error [Errno 111] Connection refused>
[ERROR] 2021-08-20 23:13:19,659 - Error at post_data function: <urlopen error [Errno 111] Connection refused>
[ERROR] 2021-08-20 23:13:22,141 - Error at post_data function: <urlopen error [Errno 111] Connection refused>
[ERROR] 2021-08-20 23:13:25,023 - Error at post_data function: <urlopen error [Errno 111] Connection refused>
[ERROR] 2021-08-20 23:13:28,007 - Error at post_data function: <urlopen error [Errno 111] Connection refused>
[ERROR] 2021-08-20 23:13:31,040 - Error at post_data function: <urlopen error [Errno 111] Connection refused>
[ERROR] 2021-08-20 23:13:34,409 - Error at post_data function: <urlopen error [Errno 111] Connection refused>
[ERROR] 2021-08-20 23:13:37,419 - Error at post_data function: <urlopen error [Errno 111] Connection refused>
[ERROR] 2021-08-20 23:13:40,740 - Error at post_data function: <urlopen error [Errno 111] Connection refused>
[ERROR] 2021-08-20 23:13:43,561 - Error at post_data function: <urlopen error [Errno 111] Connection refused>
[ERROR] 2021-08-20 23:13:46,796 - Error at post_data function: <urlopen error [Errno 111] Connection refused>
[ERROR] 2021-08-20 23:13:49,613 - Error at post_data function: <urlopen error [Errno 111] Connection refused>
[ERROR] 2021-08-20 23:13:52,813 - Error at post_data function: <urlopen error [Errno 111] Connection refused>
[ERROR] 2021-08-20 23:13:55,639 - Error at post_data function: <urlopen error [Errno 111] Connection refused>
[ERROR] 2021-08-20 23:14:01,797 - Error at post_data function: <urlopen error [Errno 111] Connection refused>
[ERROR] 2021-08-20 23:14:04,042 - Error at post_data function: <urlopen error [Errno 111] Connection refused>
[ERROR] 2021-08-20 23:14:06,663 - Error at post_data function: <urlopen error [Errno 111] Connection refused>
[ERROR] 2021-08-20 23:14:09,049 - Error at post_data function: <urlopen error [Errno 111] Connection refused>
[ERROR] 2021-08-20 23:14:11,854 - Error at post_data function: <urlopen error [Errno 111] Connection refused>
[ERROR] 2021-08-20 23:46:41,036 - Error at post_data function: <urlopen error [Errno 111] Connection refused>
[ERROR] 2021-08-20 23:46:43,292 - Error at post_data function: <urlopen error [Errno 111] Connection refused>
[ERROR] 2021-08-20 23:46:45,959 - Error at post_data function: <urlopen error [Errno 111] Connection refused>
[ERROR] 2021-08-20 23:46:48,339 - Error at post_data function: <urlopen error [Errno 111] Connection refused>
[ERROR] 2021-08-20 23:46:51,179 - Error at post_data function: <urlopen error [Errno 111] Connection refused>
[ERROR] 2021-08-20 23:46:53,607 - Error at post_data function: <urlopen error [Errno 111] Connection refused>
[ERROR] 2021-08-20 23:46:56,373 - Error at post_data function: <urlopen error [Errno 111] Connection refused>
[ERROR] 2021-08-20 23:46:58,786 - Error at post_data function: <urlopen error [Errno 111] Connection refused>
[ERROR] 2021-08-20 23:47:01,562 - Error at post_data function: <urlopen error [Errno 111] Connection refused>
[ERROR] 2021-08-20 23:47:04,000 - Error at post_data function: <urlopen error [Errno 111] Connection refused>
[ERROR] 2021-08-20 23:47:06,836 - Error at post_data function: <urlopen error [Errno 111] Connection refused>
[ERROR] 2021-08-20 23:47:09,283 - Error at post_data function: <urlopen error [Errno 111] Connection refused>
[ERROR] 2021-08-20 23:47:12,094 - Error at post_data function: <urlopen error [Errno 111] Connection refused>
[ERROR] 2021-08-20 23:47:14,550 - Error at post_data function: <urlopen error [Errno 111] Connection refused>
[ERROR] 2021-08-20 23:47:17,347 - Error at post_data function: <urlopen error [Errno 111] Connection refused>
[ERROR] 2021-08-20 23:47:20,242 - Error at post_data function: <urlopen error [Errno 111] Connection refused>
[ERROR] 2021-08-20 23:47:23,114 - Error at post_data function: <urlopen error [Errno 111] Connection refused>
[ERROR] 2021-08-20 23:47:26,241 - Error at post_data function: <urlopen error [Errno 111] Connection refused>
[ERROR] 2021-08-20 23:47:29,111 - Error at post_data function: <urlopen error [Errno 111] Connection refused>
[ERROR] 2021-08-20 23:47:32,205 - Error at post_data function: <urlopen error [Errno 111] Connection refused>
[ERROR] 2021-08-20 23:47:34,949 - Error at post_data function: <urlopen error [Errno 111] Connection refused>
[ERROR] 2021-08-20 23:47:38,113 - Error at post_data function: <urlopen error [Errno 111] Connection refused>
[ERROR] 2021-08-20 23:47:40,887 - Error at post_data function: <urlopen error [Errno 111] Connection refused>
[ERROR] 2021-08-20 23:47:44,000 - Error at post_data function: <urlopen error [Errno 111] Connection refused>
[ERROR] 2021-08-20 23:47:46,758 - Error at post_data function: <urlopen error [Errno 111] Connection refused>
[ERROR] 2021-08-20 23:47:52,953 - Error at post_data function: <urlopen error [Errno 111] Connection refused>
[ERROR] 2021-08-20 23:47:55,199 - Error at post_data function: <urlopen error [Errno 111] Connection refused>
[ERROR] 2021-08-20 23:47:57,858 - Error at post_data function: <urlopen error [Errno 111] Connection refused>
[ERROR] 2021-08-20 23:48:00,233 - Error at post_data function: <urlopen error [Errno 111] Connection refused>
[ERROR] 2021-08-20 23:48:03,066 - Error at post_data function: <urlopen error [Errno 111] Connection refused>
[ERROR] 2021-08-20 23:48:05,481 - Error at post_data function: <urlopen error [Errno 111] Connection refused>
[ERROR] 2021-08-20 23:48:08,404 - Error at post_data function: <urlopen error [Errno 111] Connection refused>
[ERROR] 2021-08-20 23:48:10,874 - Error at post_data function: <urlopen error [Errno 111] Connection refused>
[ERROR] 2021-08-20 23:48:13,704 - Error at post_data function: <urlopen error [Errno 111] Connection refused>
[ERROR] 2021-08-20 23:48:16,165 - Error at post_data function: <urlopen error [Errno 111] Connection refused>
[ERROR] 2021-08-20 23:48:19,136 - Error at post_data function: <urlopen error [Errno 111] Connection refused>
[ERROR] 2021-08-20 23:48:21,645 - Error at post_data function: <urlopen error [Errno 111] Connection refused>
[ERROR] 2021-08-20 23:48:24,636 - Error at post_data function: <urlopen error [Errno 111] Connection refused>
[ERROR] 2021-08-20 23:48:27,096 - Error at post_data function: <urlopen error [Errno 111] Connection refused>
[ERROR] 2021-08-20 23:48:30,043 - Error at post_data function: <urlopen error [Errno 111] Connection refused>
[ERROR] 2021-08-20 23:48:33,060 - Error at post_data function: <urlopen error [Errno 111] Connection refused>
[ERROR] 2021-08-20 23:48:35,950 - Error at post_data function: <urlopen error [Errno 111] Connection refused>
[ERROR] 2021-08-20 23:48:39,125 - Error at post_data function: <urlopen error [Errno 111] Connection refused>
[ERROR] 2021-08-20 23:48:42,013 - Error at post_data function: <urlopen error [Errno 111] Connection refused>
[ERROR] 2021-08-20 23:48:45,130 - Error at post_data function: <urlopen error [Errno 111] Connection refused>
[ERROR] 2021-08-20 23:48:47,872 - Error at post_data function: <urlopen error [Errno 111] Connection refused>
[ERROR] 2021-08-20 23:48:51,006 - Error at post_data function: <urlopen error [Errno 111] Connection refused>
[ERROR] 2021-08-20 23:48:53,781 - Error at post_data function: <urlopen error [Errno 111] Connection refused>
[ERROR] 2021-08-20 23:48:56,906 - Error at post_data function: <urlopen error [Errno 111] Connection refused>
[ERROR] 2021-08-20 23:48:59,663 - Error at post_data function: <urlopen error [Errno 111] Connection refused>
[ERROR] 2021-08-20 23:49:05,855 - Error at post_data function: <urlopen error [Errno 111] Connection refused>
[ERROR] 2021-08-20 23:49:08,143 - Error at post_data function: <urlopen error [Errno 111] Connection refused>
[ERROR] 2021-08-20 23:49:10,796 - Error at post_data function: <urlopen error [Errno 111] Connection refused>
[ERROR] 2021-08-20 23:49:13,169 - Error at post_data function: <urlopen error [Errno 111] Connection refused>
[ERROR] 2021-08-20 23:49:15,970 - Error at post_data function: <urlopen error [Errno 111] Connection refused>
[ERROR] 2021-08-20 23:49:18,397 - Error at post_data function: <urlopen error [Errno 111] Connection refused>
[ERROR] 2021-08-20 23:49:21,183 - Error at post_data function: <urlopen error [Errno 111] Connection refused>
[ERROR] 2021-08-20 23:49:23,634 - Error at post_data function: <urlopen error [Errno 111] Connection refused>
[ERROR] 2021-08-20 23:49:26,410 - Error at post_data function: <urlopen error [Errno 111] Connection refused>
[ERROR] 2021-08-20 23:49:28,809 - Error at post_data function: <urlopen error [Errno 111] Connection refused>
[ERROR] 2021-08-20 23:49:31,739 - Error at post_data function: <urlopen error [Errno 111] Connection refused>
[ERROR] 2021-08-20 23:49:34,179 - Error at post_data function: <urlopen error [Errno 111] Connection refused>
[ERROR] 2021-08-20 23:49:37,005 - Error at post_data function: <urlopen error [Errno 111] Connection refused>
[ERROR] 2021-08-20 23:49:39,522 - Error at post_data function: <urlopen error [Errno 111] Connection refused>
[ERROR] 2021-08-20 23:49:42,366 - Error at post_data function: <urlopen error [Errno 111] Connection refused>
[ERROR] 2021-08-20 23:49:45,321 - Error at post_data function: <urlopen error [Errno 111] Connection refused>
[ERROR] 2021-08-20 23:49:48,214 - Error at post_data function: <urlopen error [Errno 111] Connection refused>
[ERROR] 2021-08-20 23:49:51,370 - Error at post_data function: <urlopen error [Errno 111] Connection refused>
[ERROR] 2021-08-20 23:49:54,296 - Error at post_data function: <urlopen error [Errno 111] Connection refused>
[ERROR] 2021-08-20 23:49:57,404 - Error at post_data function: <urlopen error [Errno 111] Connection refused>
[ERROR] 2021-08-20 23:50:00,168 - Error at post_data function: <urlopen error [Errno 111] Connection refused>
[ERROR] 2021-08-20 23:50:03,303 - Error at post_data function: <urlopen error [Errno 111] Connection refused>
[ERROR] 2021-08-20 23:50:06,076 - Error at post_data function: <urlopen error [Errno 111] Connection refused>
[ERROR] 2021-08-20 23:50:09,245 - Error at post_data function: <urlopen error [Errno 111] Connection refused>
[ERROR] 2021-08-20 23:50:11,989 - Error at post_data function: <urlopen error [Errno 111] Connection refused>
[ERROR] 2021-08-20 23:50:18,348 - Error at post_data function: <urlopen error [Errno 111] Connection refused>
[ERROR] 2021-08-20 23:50:20,589 - Error at post_data function: <urlopen error [Errno 111] Connection refused>
[ERROR] 2021-08-20 23:50:23,260 - Error at post_data function: <urlopen error [Errno 111] Connection refused>
[ERROR] 2021-08-20 23:50:25,685 - Error at post_data function: <urlopen error [Errno 111] Connection refused>
[ERROR] 2021-08-20 23:50:28,463 - Error at post_data function: <urlopen error [Errno 111] Connection refused>
[ERROR] 2021-08-20 23:50:30,905 - Error at post_data function: <urlopen error [Errno 111] Connection refused>
[ERROR] 2021-08-20 23:50:33,707 - Error at post_data function: <urlopen error [Errno 111] Connection refused>
[ERROR] 2021-08-20 23:50:36,129 - Error at post_data function: <urlopen error [Errno 111] Connection refused>
[ERROR] 2021-08-20 23:50:38,920 - Error at post_data function: <urlopen error [Errno 111] Connection refused>
[ERROR] 2021-08-20 23:50:41,341 - Error at post_data function: <urlopen error [Errno 111] Connection refused>
[ERROR] 2021-08-20 23:50:44,183 - Error at post_data function: <urlopen error [Errno 111] Connection refused>
[ERROR] 2021-08-20 23:50:46,650 - Error at post_data function: <urlopen error [Errno 111] Connection refused>
[ERROR] 2021-08-20 23:50:49,466 - Error at post_data function: <urlopen error [Errno 111] Connection refused>
[ERROR] 2021-08-20 23:50:51,919 - Error at post_data function: <urlopen error [Errno 111] Connection refused>
[ERROR] 2021-08-20 23:50:54,747 - Error at post_data function: <urlopen error [Errno 111] Connection refused>
[ERROR] 2021-08-21 00:19:53,706 - Error at post_data function: <urlopen error [Errno 111] Connection refused>
[ERROR] 2021-08-21 00:19:56,136 - Error at post_data function: <urlopen error [Errno 111] Connection refused>
[ERROR] 2021-08-21 00:19:58,811 - Error at post_data function: <urlopen error [Errno 111] Connection refused>
[ERROR] 2021-08-21 00:20:01,318 - Error at post_data function: <urlopen error [Errno 111] Connection refused>
[ERROR] 2021-08-21 00:20:04,201 - Error at post_data function: <urlopen error [Errno 111] Connection refused>
[ERROR] 2021-08-21 00:20:06,833 - Error at post_data function: <urlopen error [Errno 111] Connection refused>
[ERROR] 2021-08-21 00:20:09,680 - Error at post_data function: <urlopen error [Errno 111] Connection refused>
[ERROR] 2021-08-21 00:20:12,323 - Error at post_data function: <urlopen error [Errno 111] Connection refused>
[ERROR] 2021-08-21 00:20:15,181 - Error at post_data function: <urlopen error [Errno 111] Connection refused>
[ERROR] 2021-08-21 00:20:17,815 - Error at post_data function: <urlopen error [Errno 111] Connection refused>
[ERROR] 2021-08-21 00:20:20,733 - Error at post_data function: <urlopen error [Errno 111] Connection refused>
[ERROR] 2021-08-21 00:20:23,377 - Error at post_data function: <urlopen error [Errno 111] Connection refused>
[ERROR] 2021-08-21 00:20:26,273 - Error at post_data function: <urlopen error [Errno 111] Connection refused>
[ERROR] 2021-08-21 00:20:28,924 - Error at post_data function: <urlopen error [Errno 111] Connection refused>
[ERROR] 2021-08-21 00:20:31,799 - Error at post_data function: <urlopen error [Errno 111] Connection refused>
[ERROR] 2021-08-21 00:20:34,810 - Error at post_data function: <urlopen error [Errno 111] Connection refused>
[ERROR] 2021-08-21 00:20:37,802 - Error at post_data function: <urlopen error [Errno 111] Connection refused>
[ERROR] 2021-08-21 00:20:41,044 - Error at post_data function: <urlopen error [Errno 111] Connection refused>
[ERROR] 2021-08-21 00:20:44,052 - Error at post_data function: <urlopen error [Errno 111] Connection refused>
[ERROR] 2021-08-21 00:20:47,269 - Error at post_data function: <urlopen error [Errno 111] Connection refused>
[ERROR] 2021-08-21 00:20:50,203 - Error at post_data function: <urlopen error [Errno 111] Connection refused>
[ERROR] 2021-08-21 00:20:53,381 - Error at post_data function: <urlopen error [Errno 111] Connection refused>
[ERROR] 2021-08-21 00:20:56,318 - Error at post_data function: <urlopen error [Errno 111] Connection refused>
[ERROR] 2021-08-21 00:20:59,513 - Error at post_data function: <urlopen error [Errno 111] Connection refused>
[ERROR] 2021-08-21 00:21:02,412 - Error at post_data function: <urlopen error [Errno 111] Connection refused>
[ERROR] 2021-08-21 00:21:08,424 - Error at post_data function: <urlopen error [Errno 111] Connection refused>
[ERROR] 2021-08-21 00:21:10,670 - Error at post_data function: <urlopen error [Errno 111] Connection refused>
[ERROR] 2021-08-21 00:21:13,344 - Error at post_data function: <urlopen error [Errno 111] Connection refused>
[ERROR] 2021-08-21 00:21:15,715 - Error at post_data function: <urlopen error [Errno 111] Connection refused>
[ERROR] 2021-08-21 00:21:18,519 - Error at post_data function: <urlopen error [Errno 111] Connection refused>
[ERROR] 2021-08-21 00:21:21,000 - Error at post_data function: <urlopen error [Errno 111] Connection refused>
[ERROR] 2021-08-21 00:21:23,776 - Error at post_data function: <urlopen error [Errno 111] Connection refused>
[ERROR] 2021-08-21 00:21:26,210 - Error at post_data function: <urlopen error [Errno 111] Connection refused>
[ERROR] 2021-08-21 00:21:28,976 - Error at post_data function: <urlopen error [Errno 111] Connection refused>
[ERROR] 2021-08-21 00:21:31,393 - Error at post_data function: <urlopen error [Errno 111] Connection refused>
[ERROR] 2021-08-21 00:21:34,229 - Error at post_data function: <urlopen error [Errno 111] Connection refused>
[ERROR] 2021-08-21 00:21:36,766 - Error at post_data function: <urlopen error [Errno 111] Connection refused>
[ERROR] 2021-08-21 00:21:39,555 - Error at post_data function: <urlopen error [Errno 111] Connection refused>
[ERROR] 2021-08-21 00:21:41,995 - Error at post_data function: <urlopen error [Errno 111] Connection refused>
[ERROR] 2021-08-21 00:21:44,806 - Error at post_data function: <urlopen error [Errno 111] Connection refused>
[ERROR] 2021-08-21 00:21:47,678 - Error at post_data function: <urlopen error [Errno 111] Connection refused>
[ERROR] 2021-08-21 00:21:50,545 - Error at post_data function: <urlopen error [Errno 111] Connection refused>
[ERROR] 2021-08-21 00:21:53,695 - Error at post_data function: <urlopen error [Errno 111] Connection refused>
[ERROR] 2021-08-21 00:21:56,556 - Error at post_data function: <urlopen error [Errno 111] Connection refused>
[ERROR] 2021-08-21 00:21:59,672 - Error at post_data function: <urlopen error [Errno 111] Connection refused>
[ERROR] 2021-08-21 00:22:02,402 - Error at post_data function: <urlopen error [Errno 111] Connection refused>
[ERROR] 2021-08-21 00:22:05,500 - Error at post_data function: <urlopen error [Errno 111] Connection refused>
[ERROR] 2021-08-21 00:22:08,236 - Error at post_data function: <urlopen error [Errno 111] Connection refused>
[ERROR] 2021-08-21 00:22:11,332 - Error at post_data function: <urlopen error [Errno 111] Connection refused>
[ERROR] 2021-08-21 00:22:14,088 - Error at post_data function: <urlopen error [Errno 111] Connection refused>
[ERROR] 2021-08-21 00:22:20,069 - Error at post_data function: <urlopen error [Errno 111] Connection refused>
[ERROR] 2021-08-21 00:22:22,331 - Error at post_data function: <urlopen error [Errno 111] Connection refused>
[ERROR] 2021-08-21 00:22:24,962 - Error at post_data function: <urlopen error [Errno 111] Connection refused>
[ERROR] 2021-08-21 00:22:27,340 - Error at post_data function: <urlopen error [Errno 111] Connection refused>
[ERROR] 2021-08-21 00:22:30,128 - Error at post_data function: <urlopen error [Errno 111] Connection refused>
[ERROR] 2021-08-21 00:22:32,563 - Error at post_data function: <urlopen error [Errno 111] Connection refused>
[ERROR] 2021-08-21 00:22:35,346 - Error at post_data function: <urlopen error [Errno 111] Connection refused>
[ERROR] 2021-08-21 00:22:37,787 - Error at post_data function: <urlopen error [Errno 111] Connection refused>
[ERROR] 2021-08-21 00:22:40,582 - Error at post_data function: <urlopen error [Errno 111] Connection refused>
[ERROR] 2021-08-21 00:22:43,009 - Error at post_data function: <urlopen error [Errno 111] Connection refused>
[ERROR] 2021-08-21 00:22:45,872 - Error at post_data function: <urlopen error [Errno 111] Connection refused>
[ERROR] 2021-08-21 00:22:48,321 - Error at post_data function: <urlopen error [Errno 111] Connection refused>
[ERROR] 2021-08-21 00:22:51,123 - Error at post_data function: <urlopen error [Errno 111] Connection refused>
[ERROR] 2021-08-21 00:22:53,564 - Error at post_data function: <urlopen error [Errno 111] Connection refused>
[ERROR] 2021-08-21 00:22:56,356 - Error at post_data function: <urlopen error [Errno 111] Connection refused>
[ERROR] 2021-08-21 00:22:59,262 - Error at post_data function: <urlopen error [Errno 111] Connection refused>
[ERROR] 2021-08-21 00:23:02,093 - Error at post_data function: <urlopen error [Errno 111] Connection refused>
[ERROR] 2021-08-21 00:23:05,220 - Error at post_data function: <urlopen error [Errno 111] Connection refused>
[ERROR] 2021-08-21 00:23:08,101 - Error at post_data function: <urlopen error [Errno 111] Connection refused>
[ERROR] 2021-08-21 00:23:11,188 - Error at post_data function: <urlopen error [Errno 111] Connection refused>
[ERROR] 2021-08-21 00:23:13,925 - Error at post_data function: <urlopen error [Errno 111] Connection refused>
[ERROR] 2021-08-21 00:23:17,019 - Error at post_data function: <urlopen error [Errno 111] Connection refused>
[ERROR] 2021-08-21 00:23:19,778 - Error at post_data function: <urlopen error [Errno 111] Connection refused>
[ERROR] 2021-08-21 00:23:22,913 - Error at post_data function: <urlopen error [Errno 111] Connection refused>
[ERROR] 2021-08-21 00:23:25,663 - Error at post_data function: <urlopen error [Errno 111] Connection refused>
[ERROR] 2021-08-21 00:23:31,659 - Error at post_data function: <urlopen error [Errno 111] Connection refused>
[ERROR] 2021-08-21 00:23:33,902 - Error at post_data function: <urlopen error [Errno 111] Connection refused>
[ERROR] 2021-08-21 00:23:36,545 - Error at post_data function: <urlopen error [Errno 111] Connection refused>
[ERROR] 2021-08-21 00:23:38,915 - Error at post_data function: <urlopen error [Errno 111] Connection refused>
[ERROR] 2021-08-21 00:23:41,707 - Error at post_data function: <urlopen error [Errno 111] Connection refused>
[ERROR] 2021-08-21 00:23:44,227 - Error at post_data function: <urlopen error [Errno 111] Connection refused>
[ERROR] 2021-08-21 00:23:46,984 - Error at post_data function: <urlopen error [Errno 111] Connection refused>
[ERROR] 2021-08-21 00:23:49,410 - Error at post_data function: <urlopen error [Errno 111] Connection refused>
[ERROR] 2021-08-21 00:23:52,207 - Error at post_data function: <urlopen error [Errno 111] Connection refused>
[ERROR] 2021-08-21 00:23:54,654 - Error at post_data function: <urlopen error [Errno 111] Connection refused>
[ERROR] 2021-08-21 00:23:57,468 - Error at post_data function: <urlopen error [Errno 111] Connection refused>
[ERROR] 2021-08-21 00:23:59,907 - Error at post_data function: <urlopen error [Errno 111] Connection refused>
[ERROR] 2021-08-21 00:24:02,710 - Error at post_data function: <urlopen error [Errno 111] Connection refused>
[ERROR] 2021-08-21 00:24:05,149 - Error at post_data function: <urlopen error [Errno 111] Connection refused>
[ERROR] 2021-08-21 00:24:07,943 - Error at post_data function: <urlopen error [Errno 111] Connection refused>
[ERROR] 2021-08-21 00:24:10,893 - Error at post_data function: <urlopen error [Errno 111] Connection refused>
[ERROR] 2021-08-21 00:24:13,814 - Error at post_data function: <urlopen error [Errno 111] Connection refused>
[ERROR] 2021-08-21 00:24:17,003 - Error at post_data function: <urlopen error [Errno 111] Connection refused>
[ERROR] 2021-08-21 00:24:20,901 - Error at post_data function: <urlopen error [Errno 111] Connection refused>
[ERROR] 2021-08-21 00:24:28,388 - Error at post_data function: <urlopen error [Errno 111] Connection refused>
[ERROR] 2021-08-21 00:24:34,587 - Error at post_data function: <urlopen error [Errno 111] Connection refused>
[ERROR] 2021-08-21 00:24:39,212 - Error at post_data function: <urlopen error [Errno 111] Connection refused>
[ERROR] 2021-08-21 00:24:42,560 - Error at post_data function: <urlopen error [Errno 111] Connection refused>
[ERROR] 2021-08-21 00:24:45,975 - Error at post_data function: <urlopen error [Errno 111] Connection refused>
[ERROR] 2021-08-21 00:24:48,956 - Error at post_data function: <urlopen error [Errno 111] Connection refused>
[ERROR] 2021-08-21 00:24:55,442 - Error at post_data function: <urlopen error [Errno 111] Connection refused>
[ERROR] 2021-08-21 00:24:57,713 - Error at post_data function: <urlopen error [Errno 111] Connection refused>
[ERROR] 2021-08-21 00:25:00,450 - Error at post_data function: <urlopen error [Errno 111] Connection refused>
[ERROR] 2021-08-21 00:25:02,882 - Error at post_data function: <urlopen error [Errno 111] Connection refused>
[ERROR] 2021-08-21 00:25:05,691 - Error at post_data function: <urlopen error [Errno 111] Connection refused>
[ERROR] 2021-08-21 00:25:08,116 - Error at post_data function: <urlopen error [Errno 111] Connection refused>
[ERROR] 2021-08-21 00:25:10,927 - Error at post_data function: <urlopen error [Errno 111] Connection refused>
[ERROR] 2021-08-21 00:25:13,363 - Error at post_data function: <urlopen error [Errno 111] Connection refused>
[ERROR] 2021-08-21 00:25:16,165 - Error at post_data function: <urlopen error [Errno 111] Connection refused>
[ERROR] 2021-08-21 00:25:18,619 - Error at post_data function: <urlopen error [Errno 111] Connection refused>
[ERROR] 2021-08-21 00:25:21,528 - Error at post_data function: <urlopen error [Errno 111] Connection refused>
[ERROR] 2021-08-21 00:25:24,003 - Error at post_data function: <urlopen error [Errno 111] Connection refused>
[ERROR] 2021-08-21 00:25:26,852 - Error at post_data function: <urlopen error [Errno 111] Connection refused>
[ERROR] 2021-08-21 00:25:29,276 - Error at post_data function: <urlopen error [Errno 111] Connection refused>
[ERROR] 2021-08-21 00:25:32,086 - Error at post_data function: <urlopen error [Errno 111] Connection refused>
[ERROR] 2021-08-21 00:25:35,020 - Error at post_data function: <urlopen error [Errno 111] Connection refused>
[ERROR] 2021-08-21 00:25:37,882 - Error at post_data function: <urlopen error [Errno 111] Connection refused>
[ERROR] 2021-08-21 00:25:41,012 - Error at post_data function: <urlopen error [Errno 111] Connection refused>
[ERROR] 2021-08-21 00:25:43,878 - Error at post_data function: <urlopen error [Errno 111] Connection refused>
[ERROR] 2021-08-21 00:25:46,986 - Error at post_data function: <urlopen error [Errno 111] Connection refused>
[ERROR] 2021-08-21 00:25:49,744 - Error at post_data function: <urlopen error [Errno 111] Connection refused>
[ERROR] 2021-08-21 00:25:52,886 - Error at post_data function: <urlopen error [Errno 111] Connection refused>
[ERROR] 2021-08-21 00:25:55,638 - Error at post_data function: <urlopen error [Errno 111] Connection refused>
[ERROR] 2021-08-21 00:25:58,760 - Error at post_data function: <urlopen error [Errno 111] Connection refused>
[ERROR] 2021-08-21 00:26:01,497 - Error at post_data function: <urlopen error [Errno 111] Connection refused>
[ERROR] 2021-08-21 00:26:07,500 - Error at post_data function: <urlopen error [Errno 111] Connection refused>
[ERROR] 2021-08-21 00:26:09,755 - Error at post_data function: <urlopen error [Errno 111] Connection refused>
[ERROR] 2021-08-21 00:26:12,403 - Error at post_data function: <urlopen error [Errno 111] Connection refused>
[ERROR] 2021-08-21 00:26:14,787 - Error at post_data function: <urlopen error [Errno 111] Connection refused>
[ERROR] 2021-08-21 00:26:17,619 - Error at post_data function: <urlopen error [Errno 111] Connection refused>
[ERROR] 2021-08-21 00:26:20,036 - Error at post_data function: <urlopen error [Errno 111] Connection refused>
[ERROR] 2021-08-21 00:26:22,875 - Error at post_data function: <urlopen error [Errno 111] Connection refused>
[ERROR] 2021-08-21 00:26:25,317 - Error at post_data function: <urlopen error [Errno 111] Connection refused>
[ERROR] 2021-08-21 00:26:28,167 - Error at post_data function: <urlopen error [Errno 111] Connection refused>
[ERROR] 2021-08-21 00:26:30,619 - Error at post_data function: <urlopen error [Errno 111] Connection refused>
[ERROR] 2021-08-21 00:26:33,512 - Error at post_data function: <urlopen error [Errno 111] Connection refused>
[ERROR] 2021-08-21 00:26:35,980 - Error at post_data function: <urlopen error [Errno 111] Connection refused>
[ERROR] 2021-08-21 00:26:38,775 - Error at post_data function: <urlopen error [Errno 111] Connection refused>
[ERROR] 2021-08-21 00:26:41,264 - Error at post_data function: <urlopen error [Errno 111] Connection refused>
[ERROR] 2021-08-21 00:26:44,077 - Error at post_data function: <urlopen error [Errno 111] Connection refused>
[ERROR] 2021-08-21 00:26:47,093 - Error at post_data function: <urlopen error [Errno 111] Connection refused>
[ERROR] 2021-08-21 00:26:50,040 - Error at post_data function: <urlopen error [Errno 111] Connection refused>
[ERROR] 2021-09-24 01:17:07,333 - Unexpected exception at read_files(): [Errno 2] No such file or directory: '/alpacs_data/inbound/'
[ERROR] 2021-09-24 01:17:07,334 - None
[ERROR] 2021-09-24 01:17:07,334 - Watcher stopped: [Errno 2] No such file or directory: '/alpacs_data/inbound/'
[ERROR] 2021-09-27 16:34:47,654 - Unexpected exception at read_files(): [Errno 2] No such file or directory: '/alpacs_data/inbound/'
[ERROR] 2021-09-27 16:34:47,667 - None
[ERROR] 2021-09-27 16:34:47,667 - Watcher stopped: [Errno 2] No such file or directory: '/alpacs_data/inbound/'
[ERROR] 2021-09-27 17:34:48,243 - Unexpected exception at read_files(): [Errno 2] No such file or directory: '/alpacs_data/inbound/'
[ERROR] 2021-09-27 17:34:48,245 - None
[ERROR] 2021-09-27 17:34:48,245 - Watcher stopped: [Errno 2] No such file or directory: '/alpacs_data/inbound/'
[ERROR] 2021-09-27 17:43:54,421 - Unexpected exception at read_files(): [Errno 2] No such file or directory: '/alpacs_data/inbound/'
[ERROR] 2021-09-27 17:43:54,422 - None
[ERROR] 2021-09-27 17:43:54,422 - Watcher stopped: [Errno 2] No such file or directory: '/alpacs_data/inbound/'
[ERROR] 2021-09-27 17:47:02,893 - Unexpected exception at read_files(): [Errno 2] No such file or directory: '/alpacs_data/inbound/'
[ERROR] 2021-09-27 17:47:02,894 - None
[ERROR] 2021-09-27 17:47:02,894 - Watcher stopped: [Errno 2] No such file or directory: '/alpacs_data/inbound/'
[ERROR] 2021-09-27 18:03:35,456 - Unexpected exception at read_files(): [Errno 2] No such file or directory: '/alpacs_data/inbound/'
[ERROR] 2021-09-27 18:03:35,457 - None
[ERROR] 2021-09-27 18:03:35,457 - Watcher stopped: [Errno 2] No such file or directory: '/alpacs_data/inbound/'
[ERROR] 2021-09-27 18:17:32,688 - Error at post_data function: <urlopen error [Errno 111] Connection refused>
[ERROR] 2021-09-28 15:54:39,060 - Unexpected exception reading a file in read_files(): local variable 'result' referenced before assignment
[ERROR] 2021-09-28 15:54:39,076 - Unexpected exception at read_files(): local variable 'result' referenced before assignment
[ERROR] 2021-09-28 15:54:39,096 - None
[ERROR] 2021-09-28 15:54:39,107 - Watcher stopped: local variable 'result' referenced before assignment
